{"contracts/balancer-core-v2/lib/helpers/AssetHelpers.sol":{"l":{"32":0,"37":0,"44":0,"52":0,"59":0,"60":0,"61":0,"63":0,"71":0},"path":"/Users/lee/Code/Conflux-UMA/balancer-compile/contracts/balancer-core-v2/lib/helpers/AssetHelpers.sol","s":{"1":0,"2":0,"3":0,"4":0,"5":0,"6":0,"7":0,"8":0,"9":0},"b":{},"f":{"1":0,"2":0,"3":0,"4":0,"5":0,"6":0},"fnMap":{"1":{"name":"constructor","line":31,"loc":{"start":{"line":31,"column":4},"end":{"line":33,"column":4}}},"2":{"name":"_WETH","line":36,"loc":{"start":{"line":36,"column":4},"end":{"line":38,"column":4}}},"3":{"name":"_isETH","line":43,"loc":{"start":{"line":43,"column":4},"end":{"line":45,"column":4}}},"4":{"name":"_translateToIERC20","line":51,"loc":{"start":{"line":51,"column":4},"end":{"line":53,"column":4}}},"5":{"name":"_translateToIERC20","line":58,"loc":{"start":{"line":58,"column":4},"end":{"line":64,"column":4}}},"6":{"name":"_asIERC20","line":70,"loc":{"start":{"line":70,"column":4},"end":{"line":72,"column":4}}}},"statementMap":{"1":{"start":{"line":32,"column":8},"end":{"line":32,"column":19}},"2":{"start":{"line":37,"column":8},"end":{"line":37,"column":20}},"3":{"start":{"line":44,"column":8},"end":{"line":44,"column":37}},"4":{"start":{"line":52,"column":8},"end":{"line":52,"column":57}},"5":{"start":{"line":59,"column":8},"end":{"line":59,"column":60}},"6":{"start":{"line":60,"column":8},"end":{"line":60,"column":2283}},"7":{"start":{"line":61,"column":12},"end":{"line":61,"column":52}},"8":{"start":{"line":63,"column":8},"end":{"line":63,"column":21}},"9":{"start":{"line":71,"column":8},"end":{"line":71,"column":37}}},"branchMap":{}},"contracts/balancer-core-v2/lib/helpers/Authentication.sol":{"l":{"42":0,"49":0,"50":0,"57":0,"58":0,"65":0},"path":"/Users/lee/Code/Conflux-UMA/balancer-compile/contracts/balancer-core-v2/lib/helpers/Authentication.sol","s":{"1":0,"2":0,"3":0,"4":0,"5":0},"b":{},"f":{"1":0,"2":0,"3":0,"4":0},"fnMap":{"1":{"name":"constructor","line":41,"loc":{"start":{"line":41,"column":4},"end":{"line":43,"column":4}}},"2":{"name":"authenticate","line":48,"loc":{"start":{"line":48,"column":4},"end":{"line":51,"column":4}}},"3":{"name":"_authenticateCaller","line":56,"loc":{"start":{"line":56,"column":4},"end":{"line":59,"column":4}}},"4":{"name":"getActionId","line":61,"loc":{"start":{"line":61,"column":4},"end":{"line":66,"column":4}}}},"statementMap":{"1":{"start":{"line":42,"column":8},"end":{"line":42,"column":53}},"2":{"start":{"line":49,"column":8},"end":{"line":49,"column":28}},"3":{"start":{"line":57,"column":8},"end":{"line":57,"column":47}},"4":{"start":{"line":58,"column":8},"end":{"line":58,"column":77}},"5":{"start":{"line":65,"column":8},"end":{"line":65,"column":76}}},"branchMap":{}},"contracts/balancer-core-v2/lib/helpers/BalancerHelpers.sol":{"l":{"44":0,"53":0,"54":0,"55":0,"57":0,"74":0,"75":0,"76":0,"78":0,"94":0,"95":0,"97":0,"98":0,"100":0,"101":0,"102":0},"path":"/Users/lee/Code/Conflux-UMA/balancer-compile/contracts/balancer-core-v2/lib/helpers/BalancerHelpers.sol","s":{"1":0,"2":0,"3":0,"4":0,"5":0,"6":0,"7":0,"8":0,"9":0,"10":0,"11":0,"12":0,"13":0,"14":0,"15":0,"16":0},"b":{},"f":{"1":0,"2":0,"3":0,"4":0},"fnMap":{"1":{"name":"constructor","line":43,"loc":{"start":{"line":43,"column":4},"end":{"line":45,"column":4}}},"2":{"name":"queryJoin","line":47,"loc":{"start":{"line":47,"column":4},"end":{"line":66,"column":4}}},"3":{"name":"queryExit","line":68,"loc":{"start":{"line":68,"column":4},"end":{"line":87,"column":4}}},"4":{"name":"_validateAssetsAndGetBalances","line":89,"loc":{"start":{"line":89,"column":4},"end":{"line":104,"column":4}}}},"statementMap":{"1":{"start":{"line":44,"column":8},"end":{"line":44,"column":21}},"2":{"start":{"line":53,"column":8},"end":{"line":53,"column":48}},"3":{"start":{"line":54,"column":8},"end":{"line":54,"column":116}},"4":{"start":{"line":55,"column":8},"end":{"line":55,"column":78}},"5":{"start":{"line":57,"column":8},"end":{"line":57,"column":2205}},"6":{"start":{"line":74,"column":8},"end":{"line":74,"column":48}},"7":{"start":{"line":75,"column":8},"end":{"line":75,"column":116}},"8":{"start":{"line":76,"column":8},"end":{"line":76,"column":78}},"9":{"start":{"line":78,"column":8},"end":{"line":78,"column":2936}},"10":{"start":{"line":94,"column":8},"end":{"line":94,"column":36}},"11":{"start":{"line":95,"column":8},"end":{"line":95,"column":75}},"12":{"start":{"line":97,"column":8},"end":{"line":97,"column":78}},"13":{"start":{"line":98,"column":8},"end":{"line":98,"column":86}},"14":{"start":{"line":100,"column":8},"end":{"line":100,"column":3686}},"15":{"start":{"line":101,"column":12},"end":{"line":101,"column":42}},"16":{"start":{"line":102,"column":12},"end":{"line":102,"column":71}}},"branchMap":{}},"contracts/balancer-core-v2/lib/helpers/IAuthentication.sol":{"l":{},"path":"/Users/lee/Code/Conflux-UMA/balancer-compile/contracts/balancer-core-v2/lib/helpers/IAuthentication.sol","s":{},"b":{},"f":{},"fnMap":{},"statementMap":{},"branchMap":{}},"contracts/balancer-core-v2/lib/helpers/InputHelpers.sol":{"l":{"25":0,"33":0,"37":0,"39":0,"42":0,"46":0,"48":0,"51":0,"55":0,"56":0,"59":0,"60":0,"61":0,"62":0,"63":0},"path":"/Users/lee/Code/Conflux-UMA/balancer-compile/contracts/balancer-core-v2/lib/helpers/InputHelpers.sol","s":{"1":0,"2":0,"3":0,"4":0,"5":0,"6":0,"7":0,"8":0,"9":0,"10":0,"11":0,"12":0,"13":0},"b":{"1":[0,0]},"f":{"1":0,"2":0,"3":0,"4":0,"5":0},"fnMap":{"1":{"name":"ensureInputLengthMatch","line":24,"loc":{"start":{"line":24,"column":4},"end":{"line":26,"column":4}}},"2":{"name":"ensureInputLengthMatch","line":28,"loc":{"start":{"line":28,"column":4},"end":{"line":34,"column":4}}},"3":{"name":"ensureArrayIsSorted","line":36,"loc":{"start":{"line":36,"column":4},"end":{"line":43,"column":4}}},"4":{"name":"ensureArrayIsSorted","line":45,"loc":{"start":{"line":45,"column":4},"end":{"line":52,"column":4}}},"5":{"name":"ensureArrayIsSorted","line":54,"loc":{"start":{"line":54,"column":4},"end":{"line":65,"column":4}}}},"statementMap":{"1":{"start":{"line":25,"column":8},"end":{"line":25,"column":53}},"2":{"start":{"line":33,"column":8},"end":{"line":33,"column":63}},"3":{"start":{"line":37,"column":8},"end":{"line":37,"column":37}},"4":{"start":{"line":42,"column":8},"end":{"line":42,"column":40}},"5":{"start":{"line":46,"column":8},"end":{"line":46,"column":37}},"6":{"start":{"line":51,"column":8},"end":{"line":51,"column":40}},"7":{"start":{"line":55,"column":8},"end":{"line":55,"column":1826}},"8":{"start":{"line":56,"column":12},"end":{"line":56,"column":18}},"9":{"start":{"line":59,"column":8},"end":{"line":59,"column":35}},"10":{"start":{"line":60,"column":8},"end":{"line":60,"column":1926}},"11":{"start":{"line":61,"column":12},"end":{"line":61,"column":38}},"12":{"start":{"line":62,"column":12},"end":{"line":62,"column":62}},"13":{"start":{"line":63,"column":12},"end":{"line":63,"column":29}}},"branchMap":{"1":{"line":55,"type":"if","locations":[{"start":{"line":55,"column":8},"end":{"line":55,"column":8}},{"start":{"line":55,"column":8},"end":{"line":55,"column":8}}]}}},"contracts/balancer-core-v2/lib/helpers/ISignaturesValidator.sol":{"l":{},"path":"/Users/lee/Code/Conflux-UMA/balancer-compile/contracts/balancer-core-v2/lib/helpers/ISignaturesValidator.sol","s":{},"b":{},"f":{},"fnMap":{},"statementMap":{},"branchMap":{}},"contracts/balancer-core-v2/lib/helpers/ITemporarilyPausable.sol":{"l":{},"path":"/Users/lee/Code/Conflux-UMA/balancer-compile/contracts/balancer-core-v2/lib/helpers/ITemporarilyPausable.sol","s":{},"b":{},"f":{},"fnMap":{},"statementMap":{},"branchMap":{}},"contracts/balancer-core-v2/lib/helpers/SignaturesValidator.sol":{"l":{"42":0,"46":0,"53":0,"54":0,"58":0,"62":0,"63":0,"66":0,"67":0,"69":0,"73":0,"74":0,"75":0,"77":0,"80":0,"101":0,"120":0,"121":0,"122":0,"131":0,"132":0,"134":0,"148":0},"path":"/Users/lee/Code/Conflux-UMA/balancer-compile/contracts/balancer-core-v2/lib/helpers/SignaturesValidator.sol","s":{"1":0,"2":0,"3":0,"4":0,"5":0,"6":0,"7":0,"8":0,"9":0,"10":0,"11":0,"12":0,"13":0,"14":0,"15":0,"16":0,"17":0,"18":0,"19":0,"20":0,"21":0},"b":{"1":[0,0],"2":[0,0],"3":[0,0]},"f":{"1":0,"2":0,"3":0,"4":0,"5":0,"6":0,"7":0,"8":0,"9":0},"fnMap":{"1":{"name":"constructor","line":37,"loc":{"start":{"line":37,"column":4},"end":{"line":39,"column":4}}},"2":{"name":"getDomainSeparator","line":41,"loc":{"start":{"line":41,"column":4},"end":{"line":43,"column":4}}},"3":{"name":"getNextNonce","line":45,"loc":{"start":{"line":45,"column":4},"end":{"line":47,"column":4}}},"4":{"name":"_validateSignature","line":52,"loc":{"start":{"line":52,"column":4},"end":{"line":55,"column":4}}},"5":{"name":"_isSignatureValid","line":57,"loc":{"start":{"line":57,"column":4},"end":{"line":81,"column":4}}},"6":{"name":"_deadline","line":99,"loc":{"start":{"line":99,"column":4},"end":{"line":102,"column":4}}},"7":{"name":"_signature","line":110,"loc":{"start":{"line":110,"column":4},"end":{"line":123,"column":4}}},"8":{"name":"_calldata","line":130,"loc":{"start":{"line":130,"column":4},"end":{"line":139,"column":4}}},"9":{"name":"_decodeExtraCalldataWord","line":146,"loc":{"start":{"line":146,"column":4},"end":{"line":151,"column":4}}}},"statementMap":{"1":{"start":{"line":42,"column":8},"end":{"line":42,"column":35}},"2":{"start":{"line":46,"column":8},"end":{"line":46,"column":31}},"3":{"start":{"line":53,"column":8},"end":{"line":53,"column":46}},"4":{"start":{"line":54,"column":8},"end":{"line":54,"column":62}},"5":{"start":{"line":58,"column":8},"end":{"line":58,"column":38}},"6":{"start":{"line":62,"column":8},"end":{"line":62,"column":2607}},"7":{"start":{"line":63,"column":12},"end":{"line":63,"column":24}},"8":{"start":{"line":66,"column":8},"end":{"line":66,"column":38}},"9":{"start":{"line":67,"column":8},"end":{"line":67,"column":2726}},"10":{"start":{"line":69,"column":12},"end":{"line":69,"column":24}},"11":{"start":{"line":73,"column":8},"end":{"line":73,"column":113}},"12":{"start":{"line":74,"column":8},"end":{"line":74,"column":53}},"13":{"start":{"line":75,"column":8},"end":{"line":75,"column":54}},"14":{"start":{"line":77,"column":8},"end":{"line":77,"column":61}},"15":{"start":{"line":80,"column":8},"end":{"line":80,"column":73}},"16":{"start":{"line":101,"column":8},"end":{"line":101,"column":51}},"17":{"start":{"line":120,"column":8},"end":{"line":120,"column":57}},"18":{"start":{"line":121,"column":8},"end":{"line":121,"column":41}},"19":{"start":{"line":122,"column":8},"end":{"line":122,"column":41}},"20":{"start":{"line":131,"column":8},"end":{"line":131,"column":24}},"21":{"start":{"line":132,"column":8},"end":{"line":132,"column":5351}}},"branchMap":{"1":{"line":62,"type":"if","locations":[{"start":{"line":62,"column":8},"end":{"line":62,"column":8}},{"start":{"line":62,"column":8},"end":{"line":62,"column":8}}]},"2":{"line":67,"type":"if","locations":[{"start":{"line":67,"column":8},"end":{"line":67,"column":8}},{"start":{"line":67,"column":8},"end":{"line":67,"column":8}}]},"3":{"line":132,"type":"if","locations":[{"start":{"line":132,"column":8},"end":{"line":132,"column":8}},{"start":{"line":132,"column":8},"end":{"line":132,"column":8}}]}}},"contracts/balancer-core-v2/lib/helpers/TemporarilyPausable.sol":{"l":{"49":0,"50":0,"52":0,"54":0,"55":0,"62":0,"63":0,"80":0,"81":0,"82":0,"92":0,"93":0,"95":0,"98":0,"99":0,"106":0,"117":0,"123":0,"127":0},"path":"/Users/lee/Code/Conflux-UMA/balancer-compile/contracts/balancer-core-v2/lib/helpers/TemporarilyPausable.sol","s":{"1":0,"2":0,"3":0,"4":0,"5":0,"6":0,"7":0,"8":0,"9":0,"10":0,"11":0,"12":0,"13":0,"14":0,"15":0,"16":0,"17":0,"18":0},"b":{"1":[0,0]},"f":{"1":0,"2":0,"3":0,"4":0,"5":0,"6":0,"7":0,"8":0},"fnMap":{"1":{"name":"constructor","line":48,"loc":{"start":{"line":48,"column":4},"end":{"line":56,"column":4}}},"2":{"name":"whenNotPaused","line":61,"loc":{"start":{"line":61,"column":4},"end":{"line":64,"column":4}}},"3":{"name":"getPausedState","line":70,"loc":{"start":{"line":70,"column":4},"end":{"line":83,"column":4}}},"4":{"name":"_setPaused","line":91,"loc":{"start":{"line":91,"column":4},"end":{"line":100,"column":4}}},"5":{"name":"_ensureNotPaused","line":105,"loc":{"start":{"line":105,"column":4},"end":{"line":107,"column":4}}},"6":{"name":"_isNotPaused","line":115,"loc":{"start":{"line":115,"column":4},"end":{"line":118,"column":4}}},"7":{"name":"_getPauseWindowEndTime","line":122,"loc":{"start":{"line":122,"column":4},"end":{"line":124,"column":4}}},"8":{"name":"_getBufferPeriodEndTime","line":126,"loc":{"start":{"line":126,"column":4},"end":{"line":128,"column":4}}}},"statementMap":{"1":{"start":{"line":49,"column":8},"end":{"line":49,"column":100}},"2":{"start":{"line":50,"column":8},"end":{"line":50,"column":103}},"3":{"start":{"line":52,"column":8},"end":{"line":52,"column":74}},"4":{"start":{"line":54,"column":8},"end":{"line":54,"column":47}},"5":{"start":{"line":55,"column":8},"end":{"line":55,"column":71}},"6":{"start":{"line":62,"column":8},"end":{"line":62,"column":25}},"7":{"start":{"line":80,"column":8},"end":{"line":80,"column":31}},"8":{"start":{"line":81,"column":8},"end":{"line":81,"column":52}},"9":{"start":{"line":82,"column":8},"end":{"line":82,"column":54}},"10":{"start":{"line":92,"column":8},"end":{"line":92,"column":3854}},"11":{"start":{"line":93,"column":12},"end":{"line":93,"column":92}},"12":{"start":{"line":95,"column":12},"end":{"line":95,"column":94}},"13":{"start":{"line":98,"column":8},"end":{"line":98,"column":23}},"14":{"start":{"line":99,"column":8},"end":{"line":99,"column":39}},"15":{"start":{"line":106,"column":8},"end":{"line":106,"column":46}},"16":{"start":{"line":117,"column":8},"end":{"line":117,"column":70}},"17":{"start":{"line":123,"column":8},"end":{"line":123,"column":34}},"18":{"start":{"line":127,"column":8},"end":{"line":127,"column":35}}},"branchMap":{"1":{"line":92,"type":"if","locations":[{"start":{"line":92,"column":8},"end":{"line":92,"column":8}},{"start":{"line":92,"column":8},"end":{"line":92,"column":8}}]}}},"contracts/balancer-core-v2/lib/helpers/WordCodec.sol":{"l":{"49":0,"50":0,"66":0,"67":0,"81":0,"82":0,"96":0,"97":0,"113":0,"115":0,"128":0,"140":0,"150":0,"159":0,"168":0,"175":0,"182":0,"191":0,"195":0,"202":0,"206":0},"path":"/Users/lee/Code/Conflux-UMA/balancer-compile/contracts/balancer-core-v2/lib/helpers/WordCodec.sol","s":{"1":0,"2":0,"3":0,"4":0,"5":0,"6":0,"7":0,"8":0,"9":0,"10":0,"11":0,"12":0,"13":0,"14":0,"15":0,"16":0,"17":0,"18":0,"19":0,"20":0,"21":0},"b":{},"f":{"1":0,"2":0,"3":0,"4":0,"5":0,"6":0,"7":0,"8":0,"9":0,"10":0,"11":0,"12":0,"13":0,"14":0},"fnMap":{"1":{"name":"insertBoolean","line":44,"loc":{"start":{"line":44,"column":4},"end":{"line":51,"column":4}}},"2":{"name":"insertUint10","line":61,"loc":{"start":{"line":61,"column":4},"end":{"line":68,"column":4}}},"3":{"name":"insertUint31","line":76,"loc":{"start":{"line":76,"column":4},"end":{"line":83,"column":4}}},"4":{"name":"insertUint64","line":91,"loc":{"start":{"line":91,"column":4},"end":{"line":98,"column":4}}},"5":{"name":"insertInt22","line":108,"loc":{"start":{"line":108,"column":4},"end":{"line":116,"column":4}}},"6":{"name":"encodeUint31","line":127,"loc":{"start":{"line":127,"column":4},"end":{"line":129,"column":4}}},"7":{"name":"encodeInt22","line":138,"loc":{"start":{"line":138,"column":4},"end":{"line":141,"column":4}}},"8":{"name":"encodeInt53","line":148,"loc":{"start":{"line":148,"column":4},"end":{"line":151,"column":4}}},"9":{"name":"decodeBool","line":158,"loc":{"start":{"line":158,"column":4},"end":{"line":160,"column":4}}},"10":{"name":"decodeUint10","line":167,"loc":{"start":{"line":167,"column":4},"end":{"line":169,"column":4}}},"11":{"name":"decodeUint31","line":174,"loc":{"start":{"line":174,"column":4},"end":{"line":176,"column":4}}},"12":{"name":"decodeUint64","line":181,"loc":{"start":{"line":181,"column":4},"end":{"line":183,"column":4}}},"13":{"name":"decodeInt22","line":190,"loc":{"start":{"line":190,"column":4},"end":{"line":196,"column":4}}},"14":{"name":"decodeInt53","line":201,"loc":{"start":{"line":201,"column":4},"end":{"line":207,"column":4}}}},"statementMap":{"1":{"start":{"line":49,"column":8},"end":{"line":49,"column":75}},"2":{"start":{"line":50,"column":8},"end":{"line":50,"column":70}},"3":{"start":{"line":66,"column":8},"end":{"line":66,"column":76}},"4":{"start":{"line":67,"column":8},"end":{"line":67,"column":53}},"5":{"start":{"line":81,"column":8},"end":{"line":81,"column":76}},"6":{"start":{"line":82,"column":8},"end":{"line":82,"column":53}},"7":{"start":{"line":96,"column":8},"end":{"line":96,"column":76}},"8":{"start":{"line":97,"column":8},"end":{"line":97,"column":53}},"9":{"start":{"line":113,"column":8},"end":{"line":113,"column":76}},"10":{"start":{"line":115,"column":8},"end":{"line":115,"column":75}},"11":{"start":{"line":128,"column":8},"end":{"line":128,"column":39}},"12":{"start":{"line":140,"column":8},"end":{"line":140,"column":61}},"13":{"start":{"line":150,"column":8},"end":{"line":150,"column":61}},"14":{"start":{"line":159,"column":8},"end":{"line":159,"column":55}},"15":{"start":{"line":168,"column":8},"end":{"line":168,"column":49}},"16":{"start":{"line":175,"column":8},"end":{"line":175,"column":49}},"17":{"start":{"line":182,"column":8},"end":{"line":182,"column":49}},"18":{"start":{"line":191,"column":8},"end":{"line":191,"column":65}},"19":{"start":{"line":195,"column":8},"end":{"line":195,"column":72}},"20":{"start":{"line":202,"column":8},"end":{"line":202,"column":65}},"21":{"start":{"line":206,"column":8},"end":{"line":206,"column":72}}},"branchMap":{}},"contracts/balancer-core-v2/lib/math/FixedPoint.sol":{"l":{"32":0,"33":0,"34":0,"40":0,"41":0,"42":0,"46":0,"47":0,"49":0,"53":0,"54":0,"56":0,"57":0,"65":0,"70":0,"72":0,"73":0,"75":0,"76":0,"78":0,"83":0,"85":0,"86":0,"88":0,"89":0,"97":0,"106":0,"107":0,"109":0,"110":0,"112":0,"121":0,"122":0,"124":0,"134":0},"path":"/Users/lee/Code/Conflux-UMA/balancer-compile/contracts/balancer-core-v2/lib/math/FixedPoint.sol","s":{"1":0,"2":0,"3":0,"4":0,"5":0,"6":0,"7":0,"8":0,"9":0,"10":0,"11":0,"12":0,"13":0,"14":0,"15":0,"16":0,"17":0,"18":0,"19":0,"20":0,"21":0,"22":0,"23":0,"24":0,"25":0,"26":0,"27":0,"28":0,"29":0,"30":0,"31":0,"32":0,"33":0,"34":0,"35":0},"b":{"1":[0,0],"2":[0,0],"3":[0,0],"4":[0,0]},"f":{"1":0,"2":0,"3":0,"4":0,"5":0,"6":0,"7":0,"8":0,"9":0},"fnMap":{"1":{"name":"add","line":29,"loc":{"start":{"line":29,"column":4},"end":{"line":35,"column":4}}},"2":{"name":"sub","line":37,"loc":{"start":{"line":37,"column":4},"end":{"line":43,"column":4}}},"3":{"name":"mulDown","line":45,"loc":{"start":{"line":45,"column":4},"end":{"line":50,"column":4}}},"4":{"name":"mulUp","line":52,"loc":{"start":{"line":52,"column":4},"end":{"line":67,"column":4}}},"5":{"name":"divDown","line":69,"loc":{"start":{"line":69,"column":4},"end":{"line":80,"column":4}}},"6":{"name":"divUp","line":82,"loc":{"start":{"line":82,"column":4},"end":{"line":99,"column":4}}},"7":{"name":"powDown","line":105,"loc":{"start":{"line":105,"column":4},"end":{"line":114,"column":4}}},"8":{"name":"powUp","line":120,"loc":{"start":{"line":120,"column":4},"end":{"line":125,"column":4}}},"9":{"name":"complement","line":133,"loc":{"start":{"line":133,"column":4},"end":{"line":135,"column":4}}}},"statementMap":{"1":{"start":{"line":32,"column":8},"end":{"line":32,"column":25}},"2":{"start":{"line":33,"column":8},"end":{"line":33,"column":44}},"3":{"start":{"line":34,"column":8},"end":{"line":34,"column":16}},"4":{"start":{"line":40,"column":8},"end":{"line":40,"column":44}},"5":{"start":{"line":41,"column":8},"end":{"line":41,"column":25}},"6":{"start":{"line":42,"column":8},"end":{"line":42,"column":16}},"7":{"start":{"line":46,"column":8},"end":{"line":46,"column":31}},"8":{"start":{"line":47,"column":8},"end":{"line":47,"column":64}},"9":{"start":{"line":49,"column":8},"end":{"line":49,"column":28}},"10":{"start":{"line":53,"column":8},"end":{"line":53,"column":31}},"11":{"start":{"line":54,"column":8},"end":{"line":54,"column":64}},"12":{"start":{"line":56,"column":8},"end":{"line":56,"column":2051}},"13":{"start":{"line":57,"column":12},"end":{"line":57,"column":20}},"14":{"start":{"line":65,"column":12},"end":{"line":65,"column":44}},"15":{"start":{"line":70,"column":8},"end":{"line":70,"column":45}},"16":{"start":{"line":72,"column":8},"end":{"line":72,"column":2624}},"17":{"start":{"line":73,"column":12},"end":{"line":73,"column":20}},"18":{"start":{"line":75,"column":12},"end":{"line":75,"column":39}},"19":{"start":{"line":76,"column":12},"end":{"line":76,"column":62}},"20":{"start":{"line":78,"column":12},"end":{"line":78,"column":32}},"21":{"start":{"line":83,"column":8},"end":{"line":83,"column":45}},"22":{"start":{"line":85,"column":8},"end":{"line":85,"column":2983}},"23":{"start":{"line":86,"column":12},"end":{"line":86,"column":20}},"24":{"start":{"line":88,"column":12},"end":{"line":88,"column":39}},"25":{"start":{"line":89,"column":12},"end":{"line":89,"column":62}},"26":{"start":{"line":97,"column":12},"end":{"line":97,"column":44}},"27":{"start":{"line":106,"column":8},"end":{"line":106,"column":42}},"28":{"start":{"line":107,"column":8},"end":{"line":107,"column":69}},"29":{"start":{"line":109,"column":8},"end":{"line":109,"column":3966}},"30":{"start":{"line":110,"column":12},"end":{"line":110,"column":20}},"31":{"start":{"line":112,"column":12},"end":{"line":112,"column":37}},"32":{"start":{"line":121,"column":8},"end":{"line":121,"column":42}},"33":{"start":{"line":122,"column":8},"end":{"line":122,"column":69}},"34":{"start":{"line":124,"column":8},"end":{"line":124,"column":33}},"35":{"start":{"line":134,"column":8},"end":{"line":134,"column":40}}},"branchMap":{"1":{"line":56,"type":"if","locations":[{"start":{"line":56,"column":8},"end":{"line":56,"column":8}},{"start":{"line":56,"column":8},"end":{"line":56,"column":8}}]},"2":{"line":72,"type":"if","locations":[{"start":{"line":72,"column":8},"end":{"line":72,"column":8}},{"start":{"line":72,"column":8},"end":{"line":72,"column":8}}]},"3":{"line":85,"type":"if","locations":[{"start":{"line":85,"column":8},"end":{"line":85,"column":8}},{"start":{"line":85,"column":8},"end":{"line":85,"column":8}}]},"4":{"line":109,"type":"if","locations":[{"start":{"line":109,"column":8},"end":{"line":109,"column":8}},{"start":{"line":109,"column":8},"end":{"line":109,"column":8}}]}}},"contracts/balancer-core-v2/lib/math/LogExpMath.sol":{"l":{"94":0,"96":0,"99":0,"100":0,"108":0,"109":0,"115":0,"116":0,"118":0,"119":0,"120":0,"126":0,"128":0,"130":0,"133":0,"138":0,"147":0,"149":0,"153":0,"173":0,"174":0,"175":0,"176":0,"178":0,"179":0,"181":0,"186":0,"190":0,"192":0,"193":0,"194":0,"196":0,"197":0,"198":0,"200":0,"201":0,"202":0,"204":0,"205":0,"206":0,"208":0,"209":0,"210":0,"212":0,"213":0,"214":0,"216":0,"217":0,"218":0,"220":0,"221":0,"222":0,"230":0,"231":0,"234":0,"235":0,"240":0,"241":0,"243":0,"244":0,"246":0,"247":0,"249":0,"250":0,"252":0,"253":0,"255":0,"256":0,"258":0,"259":0,"261":0,"262":0,"264":0,"265":0,"267":0,"268":0,"270":0,"271":0,"280":0,"292":0,"293":0,"294":0,"296":0,"299":0,"300":0,"301":0,"303":0,"307":0,"315":0,"316":0,"317":0,"319":0,"327":0,"331":0,"349":0,"350":0,"351":0,"352":0,"355":0,"356":0,"357":0,"361":0,"362":0,"366":0,"367":0,"368":0,"371":0,"372":0,"373":0,"376":0,"377":0,"378":0,"381":0,"382":0,"383":0,"386":0,"387":0,"388":0,"391":0,"392":0,"393":0,"396":0,"397":0,"398":0,"401":0,"402":0,"403":0,"406":0,"407":0,"408":0,"411":0,"412":0,"413":0,"423":0,"424":0,"427":0,"430":0,"433":0,"434":0,"436":0,"437":0,"439":0,"440":0,"442":0,"443":0,"445":0,"446":0,"451":0,"457":0,"471":0,"478":0,"479":0,"482":0,"485":0,"488":0,"489":0,"491":0,"492":0,"494":0,"495":0,"497":0,"498":0,"500":0,"501":0,"503":0,"504":0,"506":0,"507":0,"512":0},"path":"/Users/lee/Code/Conflux-UMA/balancer-compile/contracts/balancer-core-v2/lib/math/LogExpMath.sol","s":{"1":0,"2":0,"3":0,"4":0,"5":0,"6":0,"7":0,"8":0,"9":0,"10":0,"11":0,"12":0,"13":0,"14":0,"15":0,"16":0,"17":0,"18":0,"19":0,"20":0,"21":0,"22":0,"23":0,"24":0,"25":0,"26":0,"27":0,"28":0,"29":0,"30":0,"31":0,"32":0,"33":0,"34":0,"35":0,"36":0,"37":0,"38":0,"39":0,"40":0,"41":0,"42":0,"43":0,"44":0,"45":0,"46":0,"47":0,"48":0,"49":0,"50":0,"51":0,"52":0,"53":0,"54":0,"55":0,"56":0,"57":0,"58":0,"59":0,"60":0,"61":0,"62":0,"63":0,"64":0,"65":0,"66":0,"67":0,"68":0,"69":0,"70":0,"71":0,"72":0,"73":0,"74":0,"75":0,"76":0,"77":0,"78":0,"79":0,"80":0,"81":0,"82":0,"83":0,"84":0,"85":0,"86":0,"87":0,"88":0,"89":0,"90":0,"91":0,"92":0,"93":0,"94":0,"95":0,"96":0,"97":0,"98":0,"99":0,"100":0,"101":0,"102":0,"103":0,"104":0,"105":0,"106":0,"107":0,"108":0,"109":0,"110":0,"111":0,"112":0,"113":0,"114":0,"115":0,"116":0,"117":0,"118":0,"119":0,"120":0,"121":0,"122":0,"123":0,"124":0,"125":0,"126":0,"127":0,"128":0,"129":0,"130":0,"131":0,"132":0,"133":0,"134":0,"135":0,"136":0,"137":0,"138":0,"139":0,"140":0,"141":0,"142":0,"143":0,"144":0,"145":0,"146":0,"147":0,"148":0,"149":0,"150":0,"151":0,"152":0,"153":0,"154":0,"155":0,"156":0,"157":0,"158":0,"159":0,"160":0,"161":0,"162":0,"163":0,"164":0,"165":0,"166":0,"167":0,"168":0,"169":0,"170":0},"b":{"1":[0,0],"2":[0,0],"3":[0,0],"4":[0,0],"5":[0,0],"6":[0,0],"7":[0,0],"8":[0,0],"9":[0,0],"10":[0,0],"11":[0,0],"12":[0,0],"13":[0,0],"14":[0,0],"15":[0,0],"16":[0,0],"17":[0,0],"18":[0,0],"19":[0,0],"20":[0,0],"21":[0,0],"22":[0,0],"23":[0,0],"24":[0,0],"25":[0,0],"26":[0,0],"27":[0,0],"28":[0,0],"29":[0,0],"30":[0,0]},"f":{"1":0,"2":0,"3":0,"4":0,"5":0,"6":0},"fnMap":{"1":{"name":"pow","line":93,"loc":{"start":{"line":93,"column":4},"end":{"line":139,"column":4}}},"2":{"name":"exp","line":146,"loc":{"start":{"line":146,"column":4},"end":{"line":281,"column":4}}},"3":{"name":"log","line":286,"loc":{"start":{"line":286,"column":4},"end":{"line":308,"column":4}}},"4":{"name":"ln","line":313,"loc":{"start":{"line":313,"column":4},"end":{"line":321,"column":4}}},"5":{"name":"_ln","line":326,"loc":{"start":{"line":326,"column":4},"end":{"line":458,"column":4}}},"6":{"name":"_ln_36","line":466,"loc":{"start":{"line":466,"column":4},"end":{"line":513,"column":4}}}},"statementMap":{"1":{"start":{"line":94,"column":8},"end":{"line":94,"column":4919}},"2":{"start":{"line":96,"column":12},"end":{"line":96,"column":34}},"3":{"start":{"line":99,"column":8},"end":{"line":99,"column":5060}},"4":{"start":{"line":100,"column":12},"end":{"line":100,"column":20}},"5":{"start":{"line":108,"column":8},"end":{"line":108,"column":51}},"6":{"start":{"line":109,"column":8},"end":{"line":109,"column":35}},"7":{"start":{"line":115,"column":8},"end":{"line":115,"column":64}},"8":{"start":{"line":116,"column":8},"end":{"line":116,"column":35}},"9":{"start":{"line":118,"column":8},"end":{"line":118,"column":27}},"10":{"start":{"line":119,"column":8},"end":{"line":119,"column":6044}},"11":{"start":{"line":120,"column":12},"end":{"line":120,"column":45}},"12":{"start":{"line":126,"column":12},"end":{"line":126,"column":100}},"13":{"start":{"line":128,"column":12},"end":{"line":128,"column":50}},"14":{"start":{"line":130,"column":8},"end":{"line":130,"column":29}},"15":{"start":{"line":133,"column":8},"end":{"line":133,"column":6833}},"16":{"start":{"line":138,"column":8},"end":{"line":138,"column":41}},"17":{"start":{"line":147,"column":8},"end":{"line":147,"column":96}},"18":{"start":{"line":149,"column":8},"end":{"line":149,"column":7412}},"19":{"start":{"line":153,"column":12},"end":{"line":153,"column":48}},"20":{"start":{"line":173,"column":8},"end":{"line":173,"column":22}},"21":{"start":{"line":174,"column":8},"end":{"line":174,"column":9090}},"22":{"start":{"line":175,"column":12},"end":{"line":175,"column":18}},"23":{"start":{"line":176,"column":12},"end":{"line":176,"column":23}},"24":{"start":{"line":177,"column":15},"end":{"line":177,"column":9167}},"25":{"start":{"line":178,"column":12},"end":{"line":178,"column":18}},"26":{"start":{"line":179,"column":12},"end":{"line":179,"column":23}},"27":{"start":{"line":181,"column":12},"end":{"line":181,"column":22}},"28":{"start":{"line":186,"column":8},"end":{"line":186,"column":15}},"29":{"start":{"line":190,"column":8},"end":{"line":190,"column":31}},"30":{"start":{"line":192,"column":8},"end":{"line":192,"column":9715}},"31":{"start":{"line":193,"column":12},"end":{"line":193,"column":18}},"32":{"start":{"line":194,"column":12},"end":{"line":194,"column":44}},"33":{"start":{"line":196,"column":8},"end":{"line":196,"column":9816}},"34":{"start":{"line":197,"column":12},"end":{"line":197,"column":18}},"35":{"start":{"line":198,"column":12},"end":{"line":198,"column":44}},"36":{"start":{"line":200,"column":8},"end":{"line":200,"column":9917}},"37":{"start":{"line":201,"column":12},"end":{"line":201,"column":18}},"38":{"start":{"line":202,"column":12},"end":{"line":202,"column":44}},"39":{"start":{"line":204,"column":8},"end":{"line":204,"column":10018}},"40":{"start":{"line":205,"column":12},"end":{"line":205,"column":18}},"41":{"start":{"line":206,"column":12},"end":{"line":206,"column":44}},"42":{"start":{"line":208,"column":8},"end":{"line":208,"column":10119}},"43":{"start":{"line":209,"column":12},"end":{"line":209,"column":18}},"44":{"start":{"line":210,"column":12},"end":{"line":210,"column":44}},"45":{"start":{"line":212,"column":8},"end":{"line":212,"column":10220}},"46":{"start":{"line":213,"column":12},"end":{"line":213,"column":18}},"47":{"start":{"line":214,"column":12},"end":{"line":214,"column":44}},"48":{"start":{"line":216,"column":8},"end":{"line":216,"column":10321}},"49":{"start":{"line":217,"column":12},"end":{"line":217,"column":18}},"50":{"start":{"line":218,"column":12},"end":{"line":218,"column":44}},"51":{"start":{"line":220,"column":8},"end":{"line":220,"column":10422}},"52":{"start":{"line":221,"column":12},"end":{"line":221,"column":18}},"53":{"start":{"line":222,"column":12},"end":{"line":222,"column":44}},"54":{"start":{"line":230,"column":8},"end":{"line":230,"column":33}},"55":{"start":{"line":231,"column":8},"end":{"line":231,"column":19}},"56":{"start":{"line":234,"column":8},"end":{"line":234,"column":15}},"57":{"start":{"line":235,"column":8},"end":{"line":235,"column":24}},"58":{"start":{"line":240,"column":8},"end":{"line":240,"column":39}},"59":{"start":{"line":241,"column":8},"end":{"line":241,"column":24}},"60":{"start":{"line":243,"column":8},"end":{"line":243,"column":39}},"61":{"start":{"line":244,"column":8},"end":{"line":244,"column":24}},"62":{"start":{"line":246,"column":8},"end":{"line":246,"column":39}},"63":{"start":{"line":247,"column":8},"end":{"line":247,"column":24}},"64":{"start":{"line":249,"column":8},"end":{"line":249,"column":39}},"65":{"start":{"line":250,"column":8},"end":{"line":250,"column":24}},"66":{"start":{"line":252,"column":8},"end":{"line":252,"column":39}},"67":{"start":{"line":253,"column":8},"end":{"line":253,"column":24}},"68":{"start":{"line":255,"column":8},"end":{"line":255,"column":39}},"69":{"start":{"line":256,"column":8},"end":{"line":256,"column":24}},"70":{"start":{"line":258,"column":8},"end":{"line":258,"column":39}},"71":{"start":{"line":259,"column":8},"end":{"line":259,"column":24}},"72":{"start":{"line":261,"column":8},"end":{"line":261,"column":39}},"73":{"start":{"line":262,"column":8},"end":{"line":262,"column":24}},"74":{"start":{"line":264,"column":8},"end":{"line":264,"column":40}},"75":{"start":{"line":265,"column":8},"end":{"line":265,"column":24}},"76":{"start":{"line":267,"column":8},"end":{"line":267,"column":40}},"77":{"start":{"line":268,"column":8},"end":{"line":268,"column":24}},"78":{"start":{"line":270,"column":8},"end":{"line":270,"column":40}},"79":{"start":{"line":271,"column":8},"end":{"line":271,"column":24}},"80":{"start":{"line":280,"column":8},"end":{"line":280,"column":65}},"81":{"start":{"line":292,"column":8},"end":{"line":292,"column":22}},"82":{"start":{"line":293,"column":8},"end":{"line":293,"column":13065}},"83":{"start":{"line":294,"column":12},"end":{"line":294,"column":33}},"84":{"start":{"line":296,"column":12},"end":{"line":296,"column":39}},"85":{"start":{"line":299,"column":8},"end":{"line":299,"column":21}},"86":{"start":{"line":300,"column":8},"end":{"line":300,"column":13262}},"87":{"start":{"line":301,"column":12},"end":{"line":301,"column":31}},"88":{"start":{"line":303,"column":12},"end":{"line":303,"column":37}},"89":{"start":{"line":307,"column":8},"end":{"line":307,"column":42}},"90":{"start":{"line":315,"column":8},"end":{"line":315,"column":44}},"91":{"start":{"line":316,"column":8},"end":{"line":316,"column":13862}},"92":{"start":{"line":317,"column":12},"end":{"line":317,"column":37}},"93":{"start":{"line":319,"column":12},"end":{"line":319,"column":25}},"94":{"start":{"line":327,"column":8},"end":{"line":327,"column":14191}},"95":{"start":{"line":331,"column":12},"end":{"line":331,"column":48}},"96":{"start":{"line":349,"column":8},"end":{"line":349,"column":22}},"97":{"start":{"line":350,"column":8},"end":{"line":350,"column":15922}},"98":{"start":{"line":351,"column":12},"end":{"line":351,"column":18}},"99":{"start":{"line":352,"column":12},"end":{"line":352,"column":20}},"100":{"start":{"line":355,"column":8},"end":{"line":355,"column":16046}},"101":{"start":{"line":356,"column":12},"end":{"line":356,"column":18}},"102":{"start":{"line":357,"column":12},"end":{"line":357,"column":20}},"103":{"start":{"line":361,"column":8},"end":{"line":361,"column":17}},"104":{"start":{"line":362,"column":8},"end":{"line":362,"column":15}},"105":{"start":{"line":366,"column":8},"end":{"line":366,"column":16442}},"106":{"start":{"line":367,"column":12},"end":{"line":367,"column":32}},"107":{"start":{"line":368,"column":12},"end":{"line":368,"column":20}},"108":{"start":{"line":371,"column":8},"end":{"line":371,"column":16534}},"109":{"start":{"line":372,"column":12},"end":{"line":372,"column":32}},"110":{"start":{"line":373,"column":12},"end":{"line":373,"column":20}},"111":{"start":{"line":376,"column":8},"end":{"line":376,"column":16626}},"112":{"start":{"line":377,"column":12},"end":{"line":377,"column":32}},"113":{"start":{"line":378,"column":12},"end":{"line":378,"column":20}},"114":{"start":{"line":381,"column":8},"end":{"line":381,"column":16718}},"115":{"start":{"line":382,"column":12},"end":{"line":382,"column":32}},"116":{"start":{"line":383,"column":12},"end":{"line":383,"column":20}},"117":{"start":{"line":386,"column":8},"end":{"line":386,"column":16810}},"118":{"start":{"line":387,"column":12},"end":{"line":387,"column":32}},"119":{"start":{"line":388,"column":12},"end":{"line":388,"column":20}},"120":{"start":{"line":391,"column":8},"end":{"line":391,"column":16902}},"121":{"start":{"line":392,"column":12},"end":{"line":392,"column":32}},"122":{"start":{"line":393,"column":12},"end":{"line":393,"column":20}},"123":{"start":{"line":396,"column":8},"end":{"line":396,"column":16994}},"124":{"start":{"line":397,"column":12},"end":{"line":397,"column":32}},"125":{"start":{"line":398,"column":12},"end":{"line":398,"column":20}},"126":{"start":{"line":401,"column":8},"end":{"line":401,"column":17086}},"127":{"start":{"line":402,"column":12},"end":{"line":402,"column":32}},"128":{"start":{"line":403,"column":12},"end":{"line":403,"column":20}},"129":{"start":{"line":406,"column":8},"end":{"line":406,"column":17178}},"130":{"start":{"line":407,"column":12},"end":{"line":407,"column":33}},"131":{"start":{"line":408,"column":12},"end":{"line":408,"column":21}},"132":{"start":{"line":411,"column":8},"end":{"line":411,"column":17273}},"133":{"start":{"line":412,"column":12},"end":{"line":412,"column":33}},"134":{"start":{"line":413,"column":12},"end":{"line":413,"column":21}},"135":{"start":{"line":423,"column":8},"end":{"line":423,"column":57}},"136":{"start":{"line":424,"column":8},"end":{"line":424,"column":43}},"137":{"start":{"line":427,"column":8},"end":{"line":427,"column":22}},"138":{"start":{"line":430,"column":8},"end":{"line":430,"column":30}},"139":{"start":{"line":433,"column":8},"end":{"line":433,"column":39}},"140":{"start":{"line":434,"column":8},"end":{"line":434,"column":27}},"141":{"start":{"line":436,"column":8},"end":{"line":436,"column":39}},"142":{"start":{"line":437,"column":8},"end":{"line":437,"column":27}},"143":{"start":{"line":439,"column":8},"end":{"line":439,"column":39}},"144":{"start":{"line":440,"column":8},"end":{"line":440,"column":27}},"145":{"start":{"line":442,"column":8},"end":{"line":442,"column":39}},"146":{"start":{"line":443,"column":8},"end":{"line":443,"column":27}},"147":{"start":{"line":445,"column":8},"end":{"line":445,"column":39}},"148":{"start":{"line":446,"column":8},"end":{"line":446,"column":28}},"149":{"start":{"line":451,"column":8},"end":{"line":451,"column":21}},"150":{"start":{"line":457,"column":8},"end":{"line":457,"column":38}},"151":{"start":{"line":471,"column":8},"end":{"line":471,"column":18}},"152":{"start":{"line":478,"column":8},"end":{"line":478,"column":57}},"153":{"start":{"line":479,"column":8},"end":{"line":479,"column":43}},"154":{"start":{"line":482,"column":8},"end":{"line":482,"column":22}},"155":{"start":{"line":485,"column":8},"end":{"line":485,"column":30}},"156":{"start":{"line":488,"column":8},"end":{"line":488,"column":39}},"157":{"start":{"line":489,"column":8},"end":{"line":489,"column":27}},"158":{"start":{"line":491,"column":8},"end":{"line":491,"column":39}},"159":{"start":{"line":492,"column":8},"end":{"line":492,"column":27}},"160":{"start":{"line":494,"column":8},"end":{"line":494,"column":39}},"161":{"start":{"line":495,"column":8},"end":{"line":495,"column":27}},"162":{"start":{"line":497,"column":8},"end":{"line":497,"column":39}},"163":{"start":{"line":498,"column":8},"end":{"line":498,"column":27}},"164":{"start":{"line":500,"column":8},"end":{"line":500,"column":39}},"165":{"start":{"line":501,"column":8},"end":{"line":501,"column":28}},"166":{"start":{"line":503,"column":8},"end":{"line":503,"column":39}},"167":{"start":{"line":504,"column":8},"end":{"line":504,"column":28}},"168":{"start":{"line":506,"column":8},"end":{"line":506,"column":39}},"169":{"start":{"line":507,"column":8},"end":{"line":507,"column":28}},"170":{"start":{"line":512,"column":8},"end":{"line":512,"column":28}}},"branchMap":{"1":{"line":94,"type":"if","locations":[{"start":{"line":94,"column":8},"end":{"line":94,"column":8}},{"start":{"line":94,"column":8},"end":{"line":94,"column":8}}]},"2":{"line":99,"type":"if","locations":[{"start":{"line":99,"column":8},"end":{"line":99,"column":8}},{"start":{"line":99,"column":8},"end":{"line":99,"column":8}}]},"3":{"line":119,"type":"if","locations":[{"start":{"line":119,"column":8},"end":{"line":119,"column":8}},{"start":{"line":119,"column":8},"end":{"line":119,"column":8}}]},"4":{"line":149,"type":"if","locations":[{"start":{"line":149,"column":8},"end":{"line":149,"column":8}},{"start":{"line":149,"column":8},"end":{"line":149,"column":8}}]},"5":{"line":174,"type":"if","locations":[{"start":{"line":174,"column":8},"end":{"line":174,"column":8}},{"start":{"line":174,"column":8},"end":{"line":174,"column":8}}]},"6":{"line":177,"type":"if","locations":[{"start":{"line":177,"column":15},"end":{"line":177,"column":15}},{"start":{"line":177,"column":15},"end":{"line":177,"column":15}}]},"7":{"line":192,"type":"if","locations":[{"start":{"line":192,"column":8},"end":{"line":192,"column":8}},{"start":{"line":192,"column":8},"end":{"line":192,"column":8}}]},"8":{"line":196,"type":"if","locations":[{"start":{"line":196,"column":8},"end":{"line":196,"column":8}},{"start":{"line":196,"column":8},"end":{"line":196,"column":8}}]},"9":{"line":200,"type":"if","locations":[{"start":{"line":200,"column":8},"end":{"line":200,"column":8}},{"start":{"line":200,"column":8},"end":{"line":200,"column":8}}]},"10":{"line":204,"type":"if","locations":[{"start":{"line":204,"column":8},"end":{"line":204,"column":8}},{"start":{"line":204,"column":8},"end":{"line":204,"column":8}}]},"11":{"line":208,"type":"if","locations":[{"start":{"line":208,"column":8},"end":{"line":208,"column":8}},{"start":{"line":208,"column":8},"end":{"line":208,"column":8}}]},"12":{"line":212,"type":"if","locations":[{"start":{"line":212,"column":8},"end":{"line":212,"column":8}},{"start":{"line":212,"column":8},"end":{"line":212,"column":8}}]},"13":{"line":216,"type":"if","locations":[{"start":{"line":216,"column":8},"end":{"line":216,"column":8}},{"start":{"line":216,"column":8},"end":{"line":216,"column":8}}]},"14":{"line":220,"type":"if","locations":[{"start":{"line":220,"column":8},"end":{"line":220,"column":8}},{"start":{"line":220,"column":8},"end":{"line":220,"column":8}}]},"15":{"line":293,"type":"if","locations":[{"start":{"line":293,"column":8},"end":{"line":293,"column":8}},{"start":{"line":293,"column":8},"end":{"line":293,"column":8}}]},"16":{"line":300,"type":"if","locations":[{"start":{"line":300,"column":8},"end":{"line":300,"column":8}},{"start":{"line":300,"column":8},"end":{"line":300,"column":8}}]},"17":{"line":316,"type":"if","locations":[{"start":{"line":316,"column":8},"end":{"line":316,"column":8}},{"start":{"line":316,"column":8},"end":{"line":316,"column":8}}]},"18":{"line":327,"type":"if","locations":[{"start":{"line":327,"column":8},"end":{"line":327,"column":8}},{"start":{"line":327,"column":8},"end":{"line":327,"column":8}}]},"19":{"line":350,"type":"if","locations":[{"start":{"line":350,"column":8},"end":{"line":350,"column":8}},{"start":{"line":350,"column":8},"end":{"line":350,"column":8}}]},"20":{"line":355,"type":"if","locations":[{"start":{"line":355,"column":8},"end":{"line":355,"column":8}},{"start":{"line":355,"column":8},"end":{"line":355,"column":8}}]},"21":{"line":366,"type":"if","locations":[{"start":{"line":366,"column":8},"end":{"line":366,"column":8}},{"start":{"line":366,"column":8},"end":{"line":366,"column":8}}]},"22":{"line":371,"type":"if","locations":[{"start":{"line":371,"column":8},"end":{"line":371,"column":8}},{"start":{"line":371,"column":8},"end":{"line":371,"column":8}}]},"23":{"line":376,"type":"if","locations":[{"start":{"line":376,"column":8},"end":{"line":376,"column":8}},{"start":{"line":376,"column":8},"end":{"line":376,"column":8}}]},"24":{"line":381,"type":"if","locations":[{"start":{"line":381,"column":8},"end":{"line":381,"column":8}},{"start":{"line":381,"column":8},"end":{"line":381,"column":8}}]},"25":{"line":386,"type":"if","locations":[{"start":{"line":386,"column":8},"end":{"line":386,"column":8}},{"start":{"line":386,"column":8},"end":{"line":386,"column":8}}]},"26":{"line":391,"type":"if","locations":[{"start":{"line":391,"column":8},"end":{"line":391,"column":8}},{"start":{"line":391,"column":8},"end":{"line":391,"column":8}}]},"27":{"line":396,"type":"if","locations":[{"start":{"line":396,"column":8},"end":{"line":396,"column":8}},{"start":{"line":396,"column":8},"end":{"line":396,"column":8}}]},"28":{"line":401,"type":"if","locations":[{"start":{"line":401,"column":8},"end":{"line":401,"column":8}},{"start":{"line":401,"column":8},"end":{"line":401,"column":8}}]},"29":{"line":406,"type":"if","locations":[{"start":{"line":406,"column":8},"end":{"line":406,"column":8}},{"start":{"line":406,"column":8},"end":{"line":406,"column":8}}]},"30":{"line":411,"type":"if","locations":[{"start":{"line":411,"column":8},"end":{"line":411,"column":8}},{"start":{"line":411,"column":8},"end":{"line":411,"column":8}}]}}},"contracts/balancer-core-v2/lib/math/Math.sol":{"l":{"16":0,"17":0,"18":0,"25":0,"26":0,"27":0,"34":0,"35":0,"36":0,"43":0,"44":0,"45":0,"52":0,"59":0,"63":0,"64":0,"65":0,"69":0,"70":0,"74":0,"76":0,"77":0,"79":0},"path":"/Users/lee/Code/Conflux-UMA/balancer-compile/contracts/balancer-core-v2/lib/math/Math.sol","s":{"1":0,"2":0,"3":0,"4":0,"5":0,"6":0,"7":0,"8":0,"9":0,"10":0,"11":0,"12":0,"13":0,"14":0,"15":0,"16":0,"17":0,"18":0,"19":0,"20":0,"21":0,"22":0,"23":0},"b":{"1":[0,0]},"f":{"1":0,"2":0,"3":0,"4":0,"5":0,"6":0,"7":0,"8":0,"9":0},"fnMap":{"1":{"name":"add","line":15,"loc":{"start":{"line":15,"column":4},"end":{"line":19,"column":4}}},"2":{"name":"add","line":24,"loc":{"start":{"line":24,"column":4},"end":{"line":28,"column":4}}},"3":{"name":"sub","line":33,"loc":{"start":{"line":33,"column":4},"end":{"line":37,"column":4}}},"4":{"name":"sub","line":42,"loc":{"start":{"line":42,"column":4},"end":{"line":46,"column":4}}},"5":{"name":"max","line":51,"loc":{"start":{"line":51,"column":4},"end":{"line":53,"column":4}}},"6":{"name":"min","line":58,"loc":{"start":{"line":58,"column":4},"end":{"line":60,"column":4}}},"7":{"name":"mul","line":62,"loc":{"start":{"line":62,"column":4},"end":{"line":66,"column":4}}},"8":{"name":"divDown","line":68,"loc":{"start":{"line":68,"column":4},"end":{"line":71,"column":4}}},"9":{"name":"divUp","line":73,"loc":{"start":{"line":73,"column":4},"end":{"line":81,"column":4}}}},"statementMap":{"1":{"start":{"line":16,"column":8},"end":{"line":16,"column":25}},"2":{"start":{"line":17,"column":8},"end":{"line":17,"column":44}},"3":{"start":{"line":18,"column":8},"end":{"line":18,"column":16}},"4":{"start":{"line":25,"column":8},"end":{"line":25,"column":24}},"5":{"start":{"line":26,"column":8},"end":{"line":26,"column":76}},"6":{"start":{"line":27,"column":8},"end":{"line":27,"column":16}},"7":{"start":{"line":34,"column":8},"end":{"line":34,"column":44}},"8":{"start":{"line":35,"column":8},"end":{"line":35,"column":25}},"9":{"start":{"line":36,"column":8},"end":{"line":36,"column":16}},"10":{"start":{"line":43,"column":8},"end":{"line":43,"column":24}},"11":{"start":{"line":44,"column":8},"end":{"line":44,"column":76}},"12":{"start":{"line":45,"column":8},"end":{"line":45,"column":16}},"13":{"start":{"line":52,"column":8},"end":{"line":52,"column":29}},"14":{"start":{"line":59,"column":8},"end":{"line":59,"column":28}},"15":{"start":{"line":63,"column":8},"end":{"line":63,"column":25}},"16":{"start":{"line":64,"column":8},"end":{"line":64,"column":58}},"17":{"start":{"line":65,"column":8},"end":{"line":65,"column":16}},"18":{"start":{"line":69,"column":8},"end":{"line":69,"column":45}},"19":{"start":{"line":70,"column":8},"end":{"line":70,"column":20}},"20":{"start":{"line":74,"column":8},"end":{"line":74,"column":45}},"21":{"start":{"line":76,"column":8},"end":{"line":76,"column":2270}},"22":{"start":{"line":77,"column":12},"end":{"line":77,"column":20}},"23":{"start":{"line":79,"column":12},"end":{"line":79,"column":34}}},"branchMap":{"1":{"line":76,"type":"if","locations":[{"start":{"line":76,"column":8},"end":{"line":76,"column":8}},{"start":{"line":76,"column":8},"end":{"line":76,"column":8}}]}}},"contracts/balancer-core-v2/lib/openzeppelin/AccessControl.sol":{"l":{"87":0,"95":0,"111":0,"121":0,"135":0,"137":0,"150":0,"152":0,"170":0,"172":0,"192":0,"201":0,"202":0,"206":0,"207":0,"212":0,"213":0},"path":"/Users/lee/Code/Conflux-UMA/balancer-compile/contracts/balancer-core-v2/lib/openzeppelin/AccessControl.sol","s":{"1":0,"2":0,"3":0,"4":0,"5":0,"6":0,"7":0,"8":0,"9":0,"10":0,"11":0,"12":0,"13":0,"14":0,"15":0,"16":0,"17":0},"b":{"1":[0,0],"2":[0,0]},"f":{"1":0,"2":0,"3":0,"4":0,"5":0,"6":0,"7":0,"8":0,"9":0,"10":0,"11":0},"fnMap":{"1":{"name":"hasRole","line":86,"loc":{"start":{"line":86,"column":4},"end":{"line":88,"column":4}}},"2":{"name":"getRoleMemberCount","line":94,"loc":{"start":{"line":94,"column":4},"end":{"line":96,"column":4}}},"3":{"name":"getRoleMember","line":110,"loc":{"start":{"line":110,"column":4},"end":{"line":112,"column":4}}},"4":{"name":"getRoleAdmin","line":120,"loc":{"start":{"line":120,"column":4},"end":{"line":122,"column":4}}},"5":{"name":"grantRole","line":134,"loc":{"start":{"line":134,"column":4},"end":{"line":138,"column":4}}},"6":{"name":"revokeRole","line":149,"loc":{"start":{"line":149,"column":4},"end":{"line":153,"column":4}}},"7":{"name":"renounceRole","line":169,"loc":{"start":{"line":169,"column":4},"end":{"line":173,"column":4}}},"8":{"name":"_setupRole","line":191,"loc":{"start":{"line":191,"column":4},"end":{"line":193,"column":4}}},"9":{"name":"_setRoleAdmin","line":200,"loc":{"start":{"line":200,"column":4},"end":{"line":203,"column":4}}},"10":{"name":"_grantRole","line":205,"loc":{"start":{"line":205,"column":4},"end":{"line":209,"column":4}}},"11":{"name":"_revokeRole","line":211,"loc":{"start":{"line":211,"column":4},"end":{"line":215,"column":4}}}},"statementMap":{"1":{"start":{"line":87,"column":8},"end":{"line":87,"column":53}},"2":{"start":{"line":95,"column":8},"end":{"line":95,"column":44}},"3":{"start":{"line":111,"column":8},"end":{"line":111,"column":45}},"4":{"start":{"line":121,"column":8},"end":{"line":121,"column":37}},"5":{"start":{"line":135,"column":8},"end":{"line":135,"column":91}},"6":{"start":{"line":137,"column":8},"end":{"line":137,"column":32}},"7":{"start":{"line":150,"column":8},"end":{"line":150,"column":92}},"8":{"start":{"line":152,"column":8},"end":{"line":152,"column":33}},"9":{"start":{"line":170,"column":8},"end":{"line":170,"column":74}},"10":{"start":{"line":172,"column":8},"end":{"line":172,"column":33}},"11":{"start":{"line":192,"column":8},"end":{"line":192,"column":32}},"12":{"start":{"line":201,"column":8},"end":{"line":201,"column":70}},"13":{"start":{"line":202,"column":8},"end":{"line":202,"column":41}},"14":{"start":{"line":206,"column":8},"end":{"line":206,"column":6982}},"15":{"start":{"line":207,"column":12},"end":{"line":207,"column":55}},"16":{"start":{"line":212,"column":8},"end":{"line":212,"column":7171}},"17":{"start":{"line":213,"column":12},"end":{"line":213,"column":55}}},"branchMap":{"1":{"line":206,"type":"if","locations":[{"start":{"line":206,"column":8},"end":{"line":206,"column":8}},{"start":{"line":206,"column":8},"end":{"line":206,"column":8}}]},"2":{"line":212,"type":"if","locations":[{"start":{"line":212,"column":8},"end":{"line":212,"column":8}},{"start":{"line":212,"column":8},"end":{"line":212,"column":8}}]}}},"contracts/balancer-core-v2/lib/openzeppelin/Address.sol":{"l":{"33":0,"35":0,"38":0,"58":0,"61":0,"62":0},"path":"/Users/lee/Code/Conflux-UMA/balancer-compile/contracts/balancer-core-v2/lib/openzeppelin/Address.sol","s":{"1":0,"2":0,"3":0,"4":0,"5":0},"b":{},"f":{"1":0,"2":0},"fnMap":{"1":{"name":"isContract","line":28,"loc":{"start":{"line":28,"column":4},"end":{"line":39,"column":4}}},"2":{"name":"sendValue","line":57,"loc":{"start":{"line":57,"column":4},"end":{"line":63,"column":4}}}},"statementMap":{"1":{"start":{"line":33,"column":8},"end":{"line":33,"column":20}},"2":{"start":{"line":38,"column":8},"end":{"line":38,"column":23}},"3":{"start":{"line":58,"column":8},"end":{"line":58,"column":85}},"4":{"start":{"line":61,"column":8},"end":{"line":61,"column":62}},"5":{"start":{"line":62,"column":8},"end":{"line":62,"column":58}}},"branchMap":{}},"contracts/balancer-core-v2/lib/openzeppelin/Create2.sol":{"l":{"32":0,"33":0,"34":0,"36":0,"39":0,"40":0,"48":0,"56":0,"59":0},"path":"/Users/lee/Code/Conflux-UMA/balancer-compile/contracts/balancer-core-v2/lib/openzeppelin/Create2.sol","s":{"1":0,"2":0,"3":0,"4":0,"5":0,"6":0,"7":0,"8":0},"b":{"1":[0,0],"2":[0,0],"3":[0,0]},"f":{"1":0,"2":0,"3":0},"fnMap":{"1":{"name":"deploy","line":31,"loc":{"start":{"line":31,"column":4},"end":{"line":41,"column":4}}},"2":{"name":"computeAddress","line":47,"loc":{"start":{"line":47,"column":4},"end":{"line":49,"column":4}}},"3":{"name":"computeAddress","line":55,"loc":{"start":{"line":55,"column":4},"end":{"line":60,"column":4}}}},"statementMap":{"1":{"start":{"line":32,"column":8},"end":{"line":32,"column":20}},"2":{"start":{"line":33,"column":8},"end":{"line":33,"column":79}},"3":{"start":{"line":34,"column":8},"end":{"line":34,"column":61}},"4":{"start":{"line":39,"column":8},"end":{"line":39,"column":59}},"5":{"start":{"line":40,"column":8},"end":{"line":40,"column":19}},"6":{"start":{"line":48,"column":8},"end":{"line":48,"column":64}},"7":{"start":{"line":56,"column":8},"end":{"line":56,"column":2315}},"8":{"start":{"line":59,"column":8},"end":{"line":59,"column":38}}},"branchMap":{"1":{"line":33,"type":"if","locations":[{"start":{"line":33,"column":8},"end":{"line":33,"column":8}},{"start":{"line":33,"column":8},"end":{"line":33,"column":8}}]},"2":{"line":34,"type":"if","locations":[{"start":{"line":34,"column":8},"end":{"line":34,"column":8}},{"start":{"line":34,"column":8},"end":{"line":34,"column":8}}]},"3":{"line":39,"type":"if","locations":[{"start":{"line":39,"column":8},"end":{"line":39,"column":8}},{"start":{"line":39,"column":8},"end":{"line":39,"column":8}}]}}},"contracts/balancer-core-v2/lib/openzeppelin/EIP712.sol":{"l":{"45":0,"46":0,"47":0,"54":0,"73":0,"80":0,"83":0},"path":"/Users/lee/Code/Conflux-UMA/balancer-compile/contracts/balancer-core-v2/lib/openzeppelin/EIP712.sol","s":{"1":0,"2":0,"3":0,"4":0,"5":0},"b":{},"f":{"1":0,"2":0,"3":0,"4":0},"fnMap":{"1":{"name":"constructor","line":44,"loc":{"start":{"line":44,"column":4},"end":{"line":48,"column":4}}},"2":{"name":"_domainSeparatorV4","line":53,"loc":{"start":{"line":53,"column":4},"end":{"line":55,"column":4}}},"3":{"name":"_hashTypedDataV4","line":72,"loc":{"start":{"line":72,"column":4},"end":{"line":74,"column":4}}},"4":{"name":"_getChainId","line":76,"loc":{"start":{"line":76,"column":4},"end":{"line":86,"column":4}}}},"statementMap":{"1":{"start":{"line":45,"column":8},"end":{"line":45,"column":44}},"2":{"start":{"line":46,"column":8},"end":{"line":46,"column":50}},"3":{"start":{"line":47,"column":8},"end":{"line":47,"column":115}},"4":{"start":{"line":54,"column":8},"end":{"line":54,"column":109}},"5":{"start":{"line":73,"column":8},"end":{"line":73,"column":88}}},"branchMap":{}},"contracts/balancer-core-v2/lib/openzeppelin/EnumerableMap.sol":{"l":{"71":0,"74":0,"75":0,"76":0,"77":0,"81":0,"82":0,"84":0,"85":0,"101":0,"111":0,"114":0,"119":0,"120":0,"125":0,"128":0,"130":0,"133":0,"134":0,"137":0,"139":0,"141":0,"149":0,"156":0,"170":0,"171":0,"182":0,"183":0,"191":0,"206":0,"207":0,"208":0,"216":0},"path":"/Users/lee/Code/Conflux-UMA/balancer-compile/contracts/balancer-core-v2/lib/openzeppelin/EnumerableMap.sol","s":{"1":0,"2":0,"3":0,"4":0,"5":0,"6":0,"7":0,"8":0,"9":0,"10":0,"11":0,"12":0,"13":0,"14":0,"15":0,"16":0,"17":0,"18":0,"19":0,"20":0,"21":0,"22":0,"23":0,"24":0,"25":0,"26":0,"27":0,"28":0,"29":0,"30":0,"31":0},"b":{"1":[0,0],"2":[0,0]},"f":{"1":0,"2":0,"3":0,"4":0,"5":0,"6":0,"7":0,"8":0,"9":0,"10":0},"fnMap":{"1":{"name":"set","line":65,"loc":{"start":{"line":65,"column":4},"end":{"line":87,"column":4}}},"2":{"name":"unchecked_setAt","line":96,"loc":{"start":{"line":96,"column":4},"end":{"line":102,"column":4}}},"3":{"name":"remove","line":109,"loc":{"start":{"line":109,"column":4},"end":{"line":143,"column":4}}},"4":{"name":"contains","line":148,"loc":{"start":{"line":148,"column":4},"end":{"line":150,"column":4}}},"5":{"name":"length","line":155,"loc":{"start":{"line":155,"column":4},"end":{"line":157,"column":4}}},"6":{"name":"at","line":169,"loc":{"start":{"line":169,"column":4},"end":{"line":172,"column":4}}},"7":{"name":"unchecked_at","line":181,"loc":{"start":{"line":181,"column":4},"end":{"line":184,"column":4}}},"8":{"name":"unchecked_valueAt","line":190,"loc":{"start":{"line":190,"column":4},"end":{"line":192,"column":4}}},"9":{"name":"get","line":201,"loc":{"start":{"line":201,"column":4},"end":{"line":209,"column":4}}},"10":{"name":"unchecked_indexOf","line":215,"loc":{"start":{"line":215,"column":4},"end":{"line":217,"column":4}}}},"statementMap":{"1":{"start":{"line":71,"column":8},"end":{"line":71,"column":44}},"2":{"start":{"line":74,"column":8},"end":{"line":74,"column":2657}},"3":{"start":{"line":75,"column":12},"end":{"line":75,"column":48}},"4":{"start":{"line":76,"column":12},"end":{"line":76,"column":95}},"5":{"start":{"line":77,"column":12},"end":{"line":77,"column":43}},"6":{"start":{"line":81,"column":12},"end":{"line":81,"column":49}},"7":{"start":{"line":82,"column":12},"end":{"line":82,"column":23}},"8":{"start":{"line":84,"column":12},"end":{"line":84,"column":52}},"9":{"start":{"line":85,"column":12},"end":{"line":85,"column":24}},"10":{"start":{"line":101,"column":8},"end":{"line":101,"column":41}},"11":{"start":{"line":111,"column":8},"end":{"line":111,"column":44}},"12":{"start":{"line":114,"column":8},"end":{"line":114,"column":4207}},"13":{"start":{"line":119,"column":12},"end":{"line":119,"column":48}},"14":{"start":{"line":120,"column":12},"end":{"line":120,"column":47}},"15":{"start":{"line":125,"column":12},"end":{"line":125,"column":79}},"16":{"start":{"line":128,"column":12},"end":{"line":128,"column":50}},"17":{"start":{"line":130,"column":12},"end":{"line":130,"column":59}},"18":{"start":{"line":134,"column":12},"end":{"line":134,"column":34}},"19":{"start":{"line":139,"column":12},"end":{"line":139,"column":23}},"20":{"start":{"line":141,"column":12},"end":{"line":141,"column":24}},"21":{"start":{"line":149,"column":8},"end":{"line":149,"column":37}},"22":{"start":{"line":156,"column":8},"end":{"line":156,"column":26}},"23":{"start":{"line":170,"column":8},"end":{"line":170,"column":58}},"24":{"start":{"line":171,"column":8},"end":{"line":171,"column":39}},"25":{"start":{"line":182,"column":8},"end":{"line":182,"column":67}},"26":{"start":{"line":183,"column":8},"end":{"line":183,"column":41}},"27":{"start":{"line":191,"column":8},"end":{"line":191,"column":41}},"28":{"start":{"line":206,"column":8},"end":{"line":206,"column":41}},"29":{"start":{"line":207,"column":8},"end":{"line":207,"column":37}},"30":{"start":{"line":208,"column":8},"end":{"line":208,"column":48}},"31":{"start":{"line":216,"column":8},"end":{"line":216,"column":32}}},"branchMap":{"1":{"line":74,"type":"if","locations":[{"start":{"line":74,"column":8},"end":{"line":74,"column":8}},{"start":{"line":74,"column":8},"end":{"line":74,"column":8}}]},"2":{"line":114,"type":"if","locations":[{"start":{"line":114,"column":8},"end":{"line":114,"column":8}},{"start":{"line":114,"column":8},"end":{"line":114,"column":8}}]}}},"contracts/balancer-core-v2/lib/openzeppelin/EnumerableSet.sol":{"l":{"55":0,"56":0,"59":0,"60":0,"62":0,"74":0,"76":0,"82":0,"83":0,"88":0,"91":0,"93":0,"96":0,"99":0,"101":0,"103":0,"111":0,"118":0,"132":0,"133":0,"144":0},"path":"/Users/lee/Code/Conflux-UMA/balancer-compile/contracts/balancer-core-v2/lib/openzeppelin/EnumerableSet.sol","s":{"1":0,"2":0,"3":0,"4":0,"5":0,"6":0,"7":0,"8":0,"9":0,"10":0,"11":0,"12":0,"13":0,"14":0,"15":0,"16":0,"17":0,"18":0,"19":0,"20":0},"b":{"1":[0,0],"2":[0,0]},"f":{"1":0,"2":0,"3":0,"4":0,"5":0,"6":0},"fnMap":{"1":{"name":"add","line":54,"loc":{"start":{"line":54,"column":4},"end":{"line":64,"column":4}}},"2":{"name":"remove","line":72,"loc":{"start":{"line":72,"column":4},"end":{"line":105,"column":4}}},"3":{"name":"contains","line":110,"loc":{"start":{"line":110,"column":4},"end":{"line":112,"column":4}}},"4":{"name":"length","line":117,"loc":{"start":{"line":117,"column":4},"end":{"line":119,"column":4}}},"5":{"name":"at","line":131,"loc":{"start":{"line":131,"column":4},"end":{"line":134,"column":4}}},"6":{"name":"unchecked_at","line":143,"loc":{"start":{"line":143,"column":4},"end":{"line":145,"column":4}}}},"statementMap":{"1":{"start":{"line":55,"column":8},"end":{"line":55,"column":1898}},"2":{"start":{"line":56,"column":12},"end":{"line":56,"column":34}},"3":{"start":{"line":59,"column":12},"end":{"line":59,"column":51}},"4":{"start":{"line":60,"column":12},"end":{"line":60,"column":23}},"5":{"start":{"line":62,"column":12},"end":{"line":62,"column":24}},"6":{"start":{"line":74,"column":8},"end":{"line":74,"column":48}},"7":{"start":{"line":76,"column":8},"end":{"line":76,"column":2630}},"8":{"start":{"line":82,"column":12},"end":{"line":82,"column":50}},"9":{"start":{"line":83,"column":12},"end":{"line":83,"column":54}},"10":{"start":{"line":88,"column":12},"end":{"line":88,"column":54}},"11":{"start":{"line":91,"column":12},"end":{"line":91,"column":49}},"12":{"start":{"line":93,"column":12},"end":{"line":93,"column":54}},"13":{"start":{"line":96,"column":12},"end":{"line":96,"column":28}},"14":{"start":{"line":101,"column":12},"end":{"line":101,"column":23}},"15":{"start":{"line":103,"column":12},"end":{"line":103,"column":24}},"16":{"start":{"line":111,"column":8},"end":{"line":111,"column":39}},"17":{"start":{"line":118,"column":8},"end":{"line":118,"column":33}},"18":{"start":{"line":132,"column":8},"end":{"line":132,"column":65}},"19":{"start":{"line":133,"column":8},"end":{"line":133,"column":39}},"20":{"start":{"line":144,"column":8},"end":{"line":144,"column":33}}},"branchMap":{"1":{"line":55,"type":"if","locations":[{"start":{"line":55,"column":8},"end":{"line":55,"column":8}},{"start":{"line":55,"column":8},"end":{"line":55,"column":8}}]},"2":{"line":76,"type":"if","locations":[{"start":{"line":76,"column":8},"end":{"line":76,"column":8}},{"start":{"line":76,"column":8},"end":{"line":76,"column":8}}]}}},"contracts/balancer-core-v2/lib/openzeppelin/ERC20.sol":{"l":{"57":0,"58":0,"59":0,"66":0,"74":0,"91":0,"98":0,"105":0,"117":0,"118":0,"125":0,"136":0,"137":0,"158":0,"159":0,"164":0,"180":0,"181":0,"199":0,"204":0,"226":0,"227":0,"229":0,"231":0,"232":0,"233":0,"246":0,"248":0,"250":0,"251":0,"252":0,"267":0,"269":0,"271":0,"272":0,"273":0,"294":0,"295":0,"297":0,"298":0,"309":0},"path":"/Users/lee/Code/Conflux-UMA/balancer-compile/contracts/balancer-core-v2/lib/openzeppelin/ERC20.sol","s":{"1":0,"2":0,"3":0,"4":0,"5":0,"6":0,"7":0,"8":0,"9":0,"10":0,"11":0,"12":0,"13":0,"14":0,"15":0,"16":0,"17":0,"18":0,"19":0,"20":0,"21":0,"22":0,"23":0,"24":0,"25":0,"26":0,"27":0,"28":0,"29":0,"30":0,"31":0,"32":0,"33":0,"34":0,"35":0,"36":0,"37":0,"38":0,"39":0,"40":0,"41":0},"b":{},"f":{"1":0,"2":0,"3":0,"4":0,"5":0,"6":0,"7":0,"8":0,"9":0,"10":0,"11":0,"12":0,"13":0,"14":0,"15":0,"16":0,"17":0,"18":0},"fnMap":{"1":{"name":"constructor","line":56,"loc":{"start":{"line":56,"column":4},"end":{"line":60,"column":4}}},"2":{"name":"name","line":65,"loc":{"start":{"line":65,"column":4},"end":{"line":67,"column":4}}},"3":{"name":"symbol","line":73,"loc":{"start":{"line":73,"column":4},"end":{"line":75,"column":4}}},"4":{"name":"decimals","line":90,"loc":{"start":{"line":90,"column":4},"end":{"line":92,"column":4}}},"5":{"name":"totalSupply","line":97,"loc":{"start":{"line":97,"column":4},"end":{"line":99,"column":4}}},"6":{"name":"balanceOf","line":104,"loc":{"start":{"line":104,"column":4},"end":{"line":106,"column":4}}},"7":{"name":"transfer","line":116,"loc":{"start":{"line":116,"column":4},"end":{"line":119,"column":4}}},"8":{"name":"allowance","line":124,"loc":{"start":{"line":124,"column":4},"end":{"line":126,"column":4}}},"9":{"name":"approve","line":135,"loc":{"start":{"line":135,"column":4},"end":{"line":138,"column":4}}},"10":{"name":"transferFrom","line":153,"loc":{"start":{"line":153,"column":4},"end":{"line":165,"column":4}}},"11":{"name":"increaseAllowance","line":179,"loc":{"start":{"line":179,"column":4},"end":{"line":182,"column":4}}},"12":{"name":"decreaseAllowance","line":198,"loc":{"start":{"line":198,"column":4},"end":{"line":205,"column":4}}},"13":{"name":"_transfer","line":221,"loc":{"start":{"line":221,"column":4},"end":{"line":234,"column":4}}},"14":{"name":"_mint","line":245,"loc":{"start":{"line":245,"column":4},"end":{"line":253,"column":4}}},"15":{"name":"_burn","line":266,"loc":{"start":{"line":266,"column":4},"end":{"line":274,"column":4}}},"16":{"name":"_approve","line":289,"loc":{"start":{"line":289,"column":4},"end":{"line":299,"column":4}}},"17":{"name":"_setupDecimals","line":308,"loc":{"start":{"line":308,"column":4},"end":{"line":310,"column":4}}},"18":{"name":"_beforeTokenTransfer","line":326,"loc":{"start":{"line":326,"column":4},"end":{"line":330,"column":24}}}},"statementMap":{"1":{"start":{"line":57,"column":8},"end":{"line":57,"column":20}},"2":{"start":{"line":58,"column":8},"end":{"line":58,"column":24}},"3":{"start":{"line":59,"column":8},"end":{"line":59,"column":21}},"4":{"start":{"line":66,"column":8},"end":{"line":66,"column":20}},"5":{"start":{"line":74,"column":8},"end":{"line":74,"column":22}},"6":{"start":{"line":91,"column":8},"end":{"line":91,"column":24}},"7":{"start":{"line":98,"column":8},"end":{"line":98,"column":27}},"8":{"start":{"line":105,"column":8},"end":{"line":105,"column":33}},"9":{"start":{"line":117,"column":8},"end":{"line":117,"column":47}},"10":{"start":{"line":118,"column":8},"end":{"line":118,"column":19}},"11":{"start":{"line":125,"column":8},"end":{"line":125,"column":42}},"12":{"start":{"line":136,"column":8},"end":{"line":136,"column":44}},"13":{"start":{"line":137,"column":8},"end":{"line":137,"column":19}},"14":{"start":{"line":158,"column":8},"end":{"line":158,"column":43}},"15":{"start":{"line":159,"column":8},"end":{"line":159,"column":5010}},"16":{"start":{"line":164,"column":8},"end":{"line":164,"column":19}},"17":{"start":{"line":180,"column":8},"end":{"line":180,"column":86}},"18":{"start":{"line":181,"column":8},"end":{"line":181,"column":19}},"19":{"start":{"line":199,"column":8},"end":{"line":199,"column":6400}},"20":{"start":{"line":204,"column":8},"end":{"line":204,"column":19}},"21":{"start":{"line":226,"column":8},"end":{"line":226,"column":78}},"22":{"start":{"line":227,"column":8},"end":{"line":227,"column":79}},"23":{"start":{"line":229,"column":8},"end":{"line":229,"column":54}},"24":{"start":{"line":231,"column":8},"end":{"line":231,"column":95}},"25":{"start":{"line":232,"column":8},"end":{"line":232,"column":62}},"26":{"start":{"line":233,"column":8},"end":{"line":233,"column":48}},"27":{"start":{"line":246,"column":8},"end":{"line":246,"column":73}},"28":{"start":{"line":248,"column":8},"end":{"line":248,"column":56}},"29":{"start":{"line":250,"column":8},"end":{"line":250,"column":46}},"30":{"start":{"line":251,"column":8},"end":{"line":251,"column":58}},"31":{"start":{"line":252,"column":8},"end":{"line":252,"column":50}},"32":{"start":{"line":267,"column":8},"end":{"line":267,"column":75}},"33":{"start":{"line":269,"column":8},"end":{"line":269,"column":56}},"34":{"start":{"line":271,"column":8},"end":{"line":271,"column":95}},"35":{"start":{"line":272,"column":8},"end":{"line":272,"column":46}},"36":{"start":{"line":273,"column":8},"end":{"line":273,"column":50}},"37":{"start":{"line":294,"column":8},"end":{"line":294,"column":76}},"38":{"start":{"line":295,"column":8},"end":{"line":295,"column":76}},"39":{"start":{"line":297,"column":8},"end":{"line":297,"column":43}},"40":{"start":{"line":298,"column":8},"end":{"line":298,"column":45}},"41":{"start":{"line":309,"column":8},"end":{"line":309,"column":28}}},"branchMap":{}},"contracts/balancer-core-v2/lib/openzeppelin/ERC20Burnable.sol":{"l":{"21":0,"36":0,"38":0,"39":0},"path":"/Users/lee/Code/Conflux-UMA/balancer-compile/contracts/balancer-core-v2/lib/openzeppelin/ERC20Burnable.sol","s":{"1":0,"2":0,"3":0,"4":0},"b":{},"f":{"1":0,"2":0},"fnMap":{"1":{"name":"burn","line":20,"loc":{"start":{"line":20,"column":4},"end":{"line":22,"column":4}}},"2":{"name":"burnFrom","line":35,"loc":{"start":{"line":35,"column":4},"end":{"line":40,"column":4}}}},"statementMap":{"1":{"start":{"line":21,"column":8},"end":{"line":21,"column":32}},"2":{"start":{"line":36,"column":8},"end":{"line":36,"column":116}},"3":{"start":{"line":38,"column":8},"end":{"line":38,"column":56}},"4":{"start":{"line":39,"column":8},"end":{"line":39,"column":29}}},"branchMap":{}},"contracts/balancer-core-v2/lib/openzeppelin/IERC20.sol":{"l":{},"path":"/Users/lee/Code/Conflux-UMA/balancer-compile/contracts/balancer-core-v2/lib/openzeppelin/IERC20.sol","s":{},"b":{},"f":{},"fnMap":{},"statementMap":{},"branchMap":{}},"contracts/balancer-core-v2/lib/openzeppelin/IERC20Permit.sol":{"l":{},"path":"/Users/lee/Code/Conflux-UMA/balancer-compile/contracts/balancer-core-v2/lib/openzeppelin/IERC20Permit.sol","s":{},"b":{},"f":{},"fnMap":{},"statementMap":{},"branchMap":{}},"contracts/balancer-core-v2/lib/openzeppelin/ReentrancyGuard.sol":{"l":{"45":0,"56":0,"57":0,"58":0,"63":0,"66":0,"72":0},"path":"/Users/lee/Code/Conflux-UMA/balancer-compile/contracts/balancer-core-v2/lib/openzeppelin/ReentrancyGuard.sol","s":{"1":0,"2":0,"3":0,"4":0,"5":0,"6":0},"b":{},"f":{"1":0,"2":0,"3":0,"4":0},"fnMap":{"1":{"name":"constructor","line":44,"loc":{"start":{"line":44,"column":4},"end":{"line":46,"column":4}}},"2":{"name":"nonReentrant","line":55,"loc":{"start":{"line":55,"column":4},"end":{"line":59,"column":4}}},"3":{"name":"_enterNonReentrant","line":61,"loc":{"start":{"line":61,"column":4},"end":{"line":67,"column":4}}},"4":{"name":"_exitNonReentrant","line":69,"loc":{"start":{"line":69,"column":4},"end":{"line":73,"column":4}}}},"statementMap":{"1":{"start":{"line":45,"column":8},"end":{"line":45,"column":29}},"2":{"start":{"line":56,"column":8},"end":{"line":56,"column":27}},"3":{"start":{"line":58,"column":8},"end":{"line":58,"column":26}},"4":{"start":{"line":63,"column":8},"end":{"line":63,"column":55}},"5":{"start":{"line":66,"column":8},"end":{"line":66,"column":25}},"6":{"start":{"line":72,"column":8},"end":{"line":72,"column":29}}},"branchMap":{}},"contracts/balancer-core-v2/lib/openzeppelin/SafeCast.sol":{"l":{"31":0,"32":0},"path":"/Users/lee/Code/Conflux-UMA/balancer-compile/contracts/balancer-core-v2/lib/openzeppelin/SafeCast.sol","s":{"1":0,"2":0},"b":{},"f":{"1":0},"fnMap":{"1":{"name":"toInt256","line":30,"loc":{"start":{"line":30,"column":4},"end":{"line":33,"column":4}}}},"statementMap":{"1":{"start":{"line":31,"column":8},"end":{"line":31,"column":71}},"2":{"start":{"line":32,"column":8},"end":{"line":32,"column":28}}},"branchMap":{}},"contracts/balancer-core-v2/lib/openzeppelin/SafeERC20.sol":{"l":{"28":0,"37":0,"49":0,"52":0,"60":0},"path":"/Users/lee/Code/Conflux-UMA/balancer-compile/contracts/balancer-core-v2/lib/openzeppelin/SafeERC20.sol","s":{"1":0,"2":0,"3":0,"4":0},"b":{},"f":{"1":0,"2":0,"3":0},"fnMap":{"1":{"name":"safeTransfer","line":23,"loc":{"start":{"line":23,"column":4},"end":{"line":29,"column":4}}},"2":{"name":"safeTransferFrom","line":31,"loc":{"start":{"line":31,"column":4},"end":{"line":38,"column":4}}},"3":{"name":"_callOptionalReturn","line":46,"loc":{"start":{"line":46,"column":4},"end":{"line":61,"column":4}}}},"statementMap":{"1":{"start":{"line":28,"column":8},"end":{"line":28,"column":102}},"2":{"start":{"line":37,"column":8},"end":{"line":37,"column":112}},"3":{"start":{"line":49,"column":8},"end":{"line":49,"column":66}},"4":{"start":{"line":60,"column":8},"end":{"line":60,"column":104}}},"branchMap":{}},"contracts/balancer-core-v2/lib/openzeppelin/SafeMath.sol":{"l":{"32":0,"33":0,"35":0,"49":0,"63":0,"64":0,"66":0},"path":"/Users/lee/Code/Conflux-UMA/balancer-compile/contracts/balancer-core-v2/lib/openzeppelin/SafeMath.sol","s":{"1":0,"2":0,"3":0,"4":0,"5":0,"6":0,"7":0},"b":{},"f":{"1":0,"2":0,"3":0},"fnMap":{"1":{"name":"add","line":31,"loc":{"start":{"line":31,"column":4},"end":{"line":36,"column":4}}},"2":{"name":"sub","line":48,"loc":{"start":{"line":48,"column":4},"end":{"line":50,"column":4}}},"3":{"name":"sub","line":62,"loc":{"start":{"line":62,"column":4},"end":{"line":67,"column":4}}}},"statementMap":{"1":{"start":{"line":32,"column":8},"end":{"line":32,"column":25}},"2":{"start":{"line":33,"column":8},"end":{"line":33,"column":44}},"3":{"start":{"line":35,"column":8},"end":{"line":35,"column":16}},"4":{"start":{"line":49,"column":8},"end":{"line":49,"column":45}},"5":{"start":{"line":63,"column":8},"end":{"line":63,"column":34}},"6":{"start":{"line":64,"column":8},"end":{"line":64,"column":25}},"7":{"start":{"line":66,"column":8},"end":{"line":66,"column":16}}},"branchMap":{}},"contracts/balancer-core-v2/pools/BalancerPoolToken.sol":{"l":{"59":0,"60":0,"66":0,"70":0,"74":0,"76":0,"80":0,"82":0,"86":0,"88":0,"89":0,"91":0,"94":0,"98":0,"100":0,"108":0,"109":0,"111":0,"113":0,"115":0,"118":0,"131":0,"133":0,"135":0,"137":0,"139":0,"140":0,"142":0,"143":0,"149":0,"153":0,"157":0,"161":0,"165":0,"170":0,"176":0,"177":0,"178":0,"182":0,"183":0,"185":0,"186":0,"187":0,"195":0,"196":0,"199":0,"201":0,"202":0,"204":0,"214":0,"215":0},"path":"/Users/lee/Code/Conflux-UMA/balancer-compile/contracts/balancer-core-v2/pools/BalancerPoolToken.sol","s":{"1":0,"2":0,"3":0,"4":0,"5":0,"6":0,"7":0,"8":0,"9":0,"10":0,"11":0,"12":0,"13":0,"14":0,"15":0,"16":0,"17":0,"18":0,"19":0,"20":0,"21":0,"22":0,"23":0,"24":0,"25":0,"26":0,"27":0,"28":0,"29":0,"30":0,"31":0,"32":0,"33":0,"34":0,"35":0,"36":0,"37":0,"38":0,"39":0,"40":0,"41":0,"42":0,"43":0,"44":0,"45":0,"46":0,"47":0,"48":0,"49":0,"50":0,"51":0},"b":{"1":[0,0],"2":[0,0]},"f":{"1":0,"2":0,"3":0,"4":0,"5":0,"6":0,"7":0,"8":0,"9":0,"10":0,"11":0,"12":0,"13":0,"14":0,"15":0,"16":0,"17":0,"18":0,"19":0},"fnMap":{"1":{"name":"constructor","line":58,"loc":{"start":{"line":58,"column":4},"end":{"line":61,"column":4}}},"2":{"name":"allowance","line":65,"loc":{"start":{"line":65,"column":4},"end":{"line":67,"column":4}}},"3":{"name":"balanceOf","line":69,"loc":{"start":{"line":69,"column":4},"end":{"line":71,"column":4}}},"4":{"name":"approve","line":73,"loc":{"start":{"line":73,"column":4},"end":{"line":77,"column":4}}},"5":{"name":"increaseApproval","line":79,"loc":{"start":{"line":79,"column":4},"end":{"line":83,"column":4}}},"6":{"name":"decreaseApproval","line":85,"loc":{"start":{"line":85,"column":4},"end":{"line":95,"column":4}}},"7":{"name":"transfer","line":97,"loc":{"start":{"line":97,"column":4},"end":{"line":101,"column":4}}},"8":{"name":"transferFrom","line":103,"loc":{"start":{"line":103,"column":4},"end":{"line":119,"column":4}}},"9":{"name":"permit","line":121,"loc":{"start":{"line":121,"column":4},"end":{"line":144,"column":4}}},"10":{"name":"name","line":148,"loc":{"start":{"line":148,"column":4},"end":{"line":150,"column":4}}},"11":{"name":"symbol","line":152,"loc":{"start":{"line":152,"column":4},"end":{"line":154,"column":4}}},"12":{"name":"decimals","line":156,"loc":{"start":{"line":156,"column":4},"end":{"line":158,"column":4}}},"13":{"name":"totalSupply","line":160,"loc":{"start":{"line":160,"column":4},"end":{"line":162,"column":4}}},"14":{"name":"nonces","line":164,"loc":{"start":{"line":164,"column":4},"end":{"line":166,"column":4}}},"15":{"name":"DOMAIN_SEPARATOR","line":169,"loc":{"start":{"line":169,"column":4},"end":{"line":171,"column":4}}},"16":{"name":"_mintPoolTokens","line":175,"loc":{"start":{"line":175,"column":4},"end":{"line":179,"column":4}}},"17":{"name":"_burnPoolTokens","line":181,"loc":{"start":{"line":181,"column":4},"end":{"line":188,"column":4}}},"18":{"name":"_move","line":190,"loc":{"start":{"line":190,"column":4},"end":{"line":205,"column":4}}},"19":{"name":"_setAllowance","line":209,"loc":{"start":{"line":209,"column":4},"end":{"line":216,"column":4}}}},"statementMap":{"1":{"start":{"line":59,"column":8},"end":{"line":59,"column":24}},"2":{"start":{"line":60,"column":8},"end":{"line":60,"column":28}},"3":{"start":{"line":66,"column":8},"end":{"line":66,"column":41}},"4":{"start":{"line":70,"column":8},"end":{"line":70,"column":32}},"5":{"start":{"line":74,"column":8},"end":{"line":74,"column":49}},"6":{"start":{"line":76,"column":8},"end":{"line":76,"column":19}},"7":{"start":{"line":80,"column":8},"end":{"line":80,"column":86}},"8":{"start":{"line":82,"column":8},"end":{"line":82,"column":19}},"9":{"start":{"line":86,"column":8},"end":{"line":86,"column":66}},"10":{"start":{"line":88,"column":8},"end":{"line":88,"column":3130}},"11":{"start":{"line":89,"column":12},"end":{"line":89,"column":48}},"12":{"start":{"line":91,"column":12},"end":{"line":91,"column":75}},"13":{"start":{"line":94,"column":8},"end":{"line":94,"column":19}},"14":{"start":{"line":98,"column":8},"end":{"line":98,"column":43}},"15":{"start":{"line":100,"column":8},"end":{"line":100,"column":19}},"16":{"start":{"line":108,"column":8},"end":{"line":108,"column":65}},"17":{"start":{"line":109,"column":8},"end":{"line":109,"column":98}},"18":{"start":{"line":111,"column":8},"end":{"line":111,"column":39}},"19":{"start":{"line":113,"column":8},"end":{"line":113,"column":3878}},"20":{"start":{"line":115,"column":12},"end":{"line":115,"column":71}},"21":{"start":{"line":118,"column":8},"end":{"line":118,"column":19}},"22":{"start":{"line":131,"column":8},"end":{"line":131,"column":67}},"23":{"start":{"line":133,"column":8},"end":{"line":133,"column":38}},"24":{"start":{"line":135,"column":8},"end":{"line":135,"column":109}},"25":{"start":{"line":137,"column":8},"end":{"line":137,"column":51}},"26":{"start":{"line":139,"column":8},"end":{"line":139,"column":49}},"27":{"start":{"line":140,"column":8},"end":{"line":140,"column":86}},"28":{"start":{"line":142,"column":8},"end":{"line":142,"column":33}},"29":{"start":{"line":143,"column":8},"end":{"line":143,"column":43}},"30":{"start":{"line":149,"column":8},"end":{"line":149,"column":20}},"31":{"start":{"line":153,"column":8},"end":{"line":153,"column":22}},"32":{"start":{"line":157,"column":8},"end":{"line":157,"column":24}},"33":{"start":{"line":161,"column":8},"end":{"line":161,"column":27}},"34":{"start":{"line":165,"column":8},"end":{"line":165,"column":29}},"35":{"start":{"line":170,"column":8},"end":{"line":170,"column":35}},"36":{"start":{"line":176,"column":8},"end":{"line":176,"column":60}},"37":{"start":{"line":177,"column":8},"end":{"line":177,"column":46}},"38":{"start":{"line":178,"column":8},"end":{"line":178,"column":52}},"39":{"start":{"line":182,"column":8},"end":{"line":182,"column":49}},"40":{"start":{"line":183,"column":8},"end":{"line":183,"column":70}},"41":{"start":{"line":185,"column":8},"end":{"line":185,"column":49}},"42":{"start":{"line":186,"column":8},"end":{"line":186,"column":46}},"43":{"start":{"line":187,"column":8},"end":{"line":187,"column":49}},"44":{"start":{"line":195,"column":8},"end":{"line":195,"column":49}},"45":{"start":{"line":196,"column":8},"end":{"line":196,"column":70}},"46":{"start":{"line":199,"column":8},"end":{"line":199,"column":79}},"47":{"start":{"line":201,"column":8},"end":{"line":201,"column":49}},"48":{"start":{"line":202,"column":8},"end":{"line":202,"column":60}},"49":{"start":{"line":204,"column":8},"end":{"line":204,"column":48}},"50":{"start":{"line":214,"column":8},"end":{"line":214,"column":42}},"51":{"start":{"line":215,"column":8},"end":{"line":215,"column":45}}},"branchMap":{"1":{"line":88,"type":"if","locations":[{"start":{"line":88,"column":8},"end":{"line":88,"column":8}},{"start":{"line":88,"column":8},"end":{"line":88,"column":8}}]},"2":{"line":113,"type":"if","locations":[{"start":{"line":113,"column":8},"end":{"line":113,"column":8}},{"start":{"line":113,"column":8},"end":{"line":113,"column":8}}]}}},"contracts/balancer-core-v2/pools/BaseGeneralPool.sol":{"l":{"60":0,"61":0,"63":0,"77":0,"79":0,"80":0,"82":0,"85":0,"95":0,"96":0,"98":0,"101":0,"104":0,"147":0},"path":"/Users/lee/Code/Conflux-UMA/balancer-compile/contracts/balancer-core-v2/pools/BaseGeneralPool.sol","s":{"1":0,"2":0,"3":0,"4":0,"5":0,"6":0,"7":0,"8":0,"9":0,"10":0,"11":0,"12":0,"13":0,"14":0},"b":{},"f":{"1":0,"2":0,"3":0,"4":0,"5":0},"fnMap":{"1":{"name":"constructor","line":47,"loc":{"start":{"line":27,"column":4},"end":{"line":50,"column":4}}},"2":{"name":"onSwap","line":54,"loc":{"start":{"line":54,"column":4},"end":{"line":67,"column":4}}},"3":{"name":"_swapGivenIn","line":69,"loc":{"start":{"line":69,"column":4},"end":{"line":86,"column":4}}},"4":{"name":"_swapGivenOut","line":88,"loc":{"start":{"line":88,"column":4},"end":{"line":105,"column":4}}},"5":{"name":"_validateIndexes","line":142,"loc":{"start":{"line":142,"column":4},"end":{"line":148,"column":4}}}},"statementMap":{"1":{"start":{"line":60,"column":8},"end":{"line":60,"column":61}},"2":{"start":{"line":61,"column":8},"end":{"line":61,"column":59}},"3":{"start":{"line":63,"column":8},"end":{"line":63,"column":2139}},"4":{"start":{"line":77,"column":8},"end":{"line":77,"column":70}},"5":{"start":{"line":79,"column":8},"end":{"line":79,"column":46}},"6":{"start":{"line":80,"column":8},"end":{"line":80,"column":81}},"7":{"start":{"line":82
[...]
:8},"end":{"line":116,"column":31}},"16":{"start":{"line":117,"column":8},"end":{"line":117,"column":75}},"17":{"start":{"line":118,"column":8},"end":{"line":118,"column":19}},"18":{"start":{"line":119,"column":8},"end":{"line":119,"column":63}},"19":{"start":{"line":120,"column":8},"end":{"line":120,"column":31}},"20":{"start":{"line":121,"column":8},"end":{"line":121,"column":33}},"21":{"start":{"line":122,"column":8},"end":{"line":122,"column":31}},"22":{"start":{"line":124,"column":8},"end":{"line":124,"column":50}},"23":{"start":{"line":125,"column":8},"end":{"line":125,"column":42}},"24":{"start":{"line":126,"column":8},"end":{"line":126,"column":42}},"25":{"start":{"line":134,"column":8},"end":{"line":134,"column":21}},"26":{"start":{"line":140,"column":8},"end":{"line":140,"column":22}},"27":{"start":{"line":157,"column":8},"end":{"line":157,"column":65}},"28":{"start":{"line":160,"column":8},"end":{"line":160,"column":22}},"29":{"start":{"line":161,"column":8},"end":{"line":161,"column":72}},"30":{"start":{"line":162,"column":8},"end":{"line":162,"column":6757}},"31":{"start":{"line":163,"column":12},"end":{"line":163,"column":74}},"32":{"start":{"line":165,"column":12},"end":{"line":165,"column":75}},"33":{"start":{"line":167,"column":8},"end":{"line":167,"column":6967}},"34":{"start":{"line":171,"column":8},"end":{"line":171,"column":7092}},"35":{"start":{"line":179,"column":8},"end":{"line":179,"column":7449}},"36":{"start":{"line":187,"column":8},"end":{"line":187,"column":7734}},"37":{"start":{"line":189,"column":12},"end":{"line":189,"column":7799}},"38":{"start":{"line":196,"column":12},"end":{"line":196,"column":78}},"39":{"start":{"line":198,"column":12},"end":{"line":198,"column":61}},"40":{"start":{"line":201,"column":12},"end":{"line":201,"column":8248}},"41":{"start":{"line":208,"column":12},"end":{"line":208,"column":77}},"42":{"start":{"line":210,"column":12},"end":{"line":210,"column":60}},"43":{"start":{"line":244,"column":8},"end":{"line":244,"column":65}},"44":{"start":{"line":245,"column":8},"end":{"line":245,"column":50}},"45":{"start":{"line":246,"column":8},"end":{"line":246,"column":73}},"46":{"start":{"line":247,"column":8},"end":{"line":247,"column":10279}},"47":{"start":{"line":252,"column":8},"end":{"line":252,"column":45}},"48":{"start":{"line":253,"column":8},"end":{"line":253,"column":42}},"49":{"start":{"line":258,"column":12},"end":{"line":258,"column":10719}},"50":{"start":{"line":262,"column":12},"end":{"line":262,"column":51}},"51":{"start":{"line":264,"column":12},"end":{"line":264,"column":10883}},"52":{"start":{"line":267,"column":12},"end":{"line":267,"column":11005}},"53":{"start":{"line":272,"column":8},"end":{"line":272,"column":11152}},"54":{"start":{"line":280,"column":8},"end":{"line":280,"column":41}},"55":{"start":{"line":281,"column":8},"end":{"line":281,"column":53}},"56":{"start":{"line":314,"column":8},"end":{"line":314,"column":65}},"57":{"start":{"line":315,"column":8},"end":{"line":315,"column":50}},"58":{"start":{"line":316,"column":8},"end":{"line":316,"column":74}},"59":{"start":{"line":317,"column":8},"end":{"line":317,"column":13099}},"60":{"start":{"line":322,"column":8},"end":{"line":322,"column":45}},"61":{"start":{"line":323,"column":8},"end":{"line":323,"column":43}},"62":{"start":{"line":328,"column":12},"end":{"line":328,"column":13527}},"63":{"start":{"line":334,"column":12},"end":{"line":334,"column":51}},"64":{"start":{"line":335,"column":12},"end":{"line":335,"column":13759}},"65":{"start":{"line":338,"column":12},"end":{"line":338,"column":13881}},"66":{"start":{"line":343,"column":8},"end":{"line":343,"column":14000}},"67":{"start":{"line":351,"column":8},"end":{"line":351,"column":42}},"68":{"start":{"line":352,"column":8},"end":{"line":352,"column":53}},"69":{"start":{"line":353,"column":8},"end":{"line":353,"column":50}},"70":{"start":{"line":363,"column":8},"end":{"line":363,"column":71}},"71":{"start":{"line":369,"column":8},"end":{"line":369,"column":76}},"72":{"start":{"line":370,"column":8},"end":{"line":370,"column":70}},"73":{"start":{"line":376,"column":8},"end":{"line":376,"column":76}},"74":{"start":{"line":377,"column":8},"end":{"line":377,"column":70}},"75":{"start":{"line":399,"column":8},"end":{"line":399,"column":39}},"76":{"start":{"line":401,"column":8},"end":{"line":401,"column":57}},"77":{"start":{"line":403,"column":8},"end":{"line":403,"column":57}},"78":{"start":{"line":405,"column":8},"end":{"line":405,"column":16992}},"79":{"start":{"line":410,"column":8},"end":{"line":410,"column":68}},"80":{"start":{"line":412,"column":8},"end":{"line":412,"column":74}},"81":{"start":{"line":414,"column":8},"end":{"line":414,"column":64}},"82":{"start":{"line":435,"column":8},"end":{"line":435,"column":18599}},"83":{"start":{"line":437,"column":12},"end":{"line":437,"column":18698}},"84":{"start":{"line":439,"column":16},"end":{"line":439,"column":18817}},"85":{"start":{"line":443,"column":16},"end":{"line":443,"column":57}},"86":{"start":{"line":445,"column":16},"end":{"line":445,"column":52}},"87":{"start":{"line":448,"column":16},"end":{"line":448,"column":19276}},"88":{"start":{"line":452,"column":16},"end":{"line":452,"column":51}},"89":{"start":{"line":454,"column":16},"end":{"line":454,"column":52}},"90":{"start":{"line":457,"column":12},"end":{"line":457,"column":19653}},"91":{"start":{"line":459,"column":16},"end":{"line":459,"column":19772}},"92":{"start":{"line":463,"column":16},"end":{"line":463,"column":51}},"93":{"start":{"line":465,"column":16},"end":{"line":465,"column":53}},"94":{"start":{"line":468,"column":16},"end":{"line":468,"column":20227}},"95":{"start":{"line":472,"column":16},"end":{"line":472,"column":57}},"96":{"start":{"line":474,"column":16},"end":{"line":474,"column":53}},"97":{"start":{"line":492,"column":8},"end":{"line":492,"column":35}},"98":{"start":{"line":494,"column":8},"end":{"line":494,"column":21404}},"99":{"start":{"line":498,"column":8},"end":{"line":498,"column":48}},"100":{"start":{"line":500,"column":8},"end":{"line":500,"column":21616}},"101":{"start":{"line":503,"column":12},"end":{"line":503,"column":54}},"102":{"start":{"line":505,"column":12},"end":{"line":505,"column":49}},"103":{"start":{"line":506,"column":12},"end":{"line":506,"column":35}},"104":{"start":{"line":507,"column":12},"end":{"line":507,"column":30}},"105":{"start":{"line":511,"column":8},"end":{"line":511,"column":74}},"106":{"start":{"line":513,"column":8},"end":{"line":513,"column":71}},"107":{"start":{"line":516,"column":8},"end":{"line":516,"column":22446}},"108":{"start":{"line":519,"column":12},"end":{"line":519,"column":22640}},"109":{"start":{"line":523,"column":12},"end":{"line":523,"column":49}},"110":{"start":{"line":526,"column":12},"end":{"line":526,"column":49}},"111":{"start":{"line":527,"column":12},"end":{"line":527,"column":76}},"112":{"start":{"line":531,"column":12},"end":{"line":531,"column":23361}},"113":{"start":{"line":534,"column":12},"end":{"line":534,"column":49}},"114":{"start":{"line":536,"column":12},"end":{"line":536,"column":50}},"115":{"start":{"line":537,"column":12},"end":{"line":537,"column":43}},"116":{"start":{"line":555,"column":8},"end":{"line":555,"column":41}},"117":{"start":{"line":558,"column":8},"end":{"line":558,"column":24656}},"118":{"start":{"line":562,"column":8},"end":{"line":562,"column":48}},"119":{"start":{"line":564,"column":8},"end":{"line":564,"column":74}},"120":{"start":{"line":566,"column":8},"end":{"line":566,"column":25019}},"121":{"start":{"line":570,"column":12},"end":{"line":570,"column":25359}},"122":{"start":{"line":572,"column":12},"end":{"line":572,"column":42}},"123":{"start":{"line":575,"column":12},"end":{"line":575,"column":59}},"124":{"start":{"line":576,"column":12},"end":{"line":576,"column":25693}},"125":{"start":{"line":582,"column":12},"end":{"line":582,"column":25963}},"126":{"start":{"line":585,"column":12},"end":{"line":585,"column":42}},"127":{"start":{"line":588,"column":12},"end":{"line":588,"column":26275}},"128":{"start":{"line":591,"column":12},"end":{"line":591,"column":53}},"129":{"start":{"line":605,"column":8},"end":{"line":605,"column":60}},"130":{"start":{"line":606,"column":8},"end":{"line":606,"column":48}},"131":{"start":{"line":607,"column":8},"end":{"line":607,"column":27137}},"132":{"start":{"line":611,"column":12},"end":{"line":611,"column":46}},"133":{"start":{"line":613,"column":12},"end":{"line":613,"column":70}},"134":{"start":{"line":615,"column":12},"end":{"line":615,"column":53}},"135":{"start":{"line":620,"column":8},"end":{"line":620,"column":76}},"136":{"start":{"line":621,"column":8},"end":{"line":621,"column":64}},"137":{"start":{"line":623,"column":8},"end":{"line":623,"column":27909}},"138":{"start":{"line":630,"column":8},"end":{"line":630,"column":28116}},"139":{"start":{"line":633,"column":8},"end":{"line":633,"column":74}},"140":{"start":{"line":637,"column":8},"end":{"line":637,"column":28583}},"141":{"start":{"line":640,"column":8},"end":{"line":640,"column":28687}},"142":{"start":{"line":644,"column":8},"end":{"line":644,"column":28836}},"143":{"start":{"line":651,"column":8},"end":{"line":651,"column":52}},"144":{"start":{"line":652,"column":8},"end":{"line":652,"column":40}},"145":{"start":{"line":654,"column":8},"end":{"line":654,"column":47}},"146":{"start":{"line":661,"column":8},"end":{"line":661,"column":29463}},"147":{"start":{"line":664,"column":8},"end":{"line":664,"column":29}},"148":{"start":{"line":666,"column":8},"end":{"line":666,"column":66}},"149":{"start":{"line":667,"column":8},"end":{"line":667,"column":68}},"150":{"start":{"line":669,"column":8},"end":{"line":669,"column":27}},"151":{"start":{"line":671,"column":8},"end":{"line":671,"column":21}},"152":{"start":{"line":688,"column":8},"end":{"line":688,"column":30679}},"153":{"start":{"line":690,"column":12},"end":{"line":690,"column":68}},"154":{"start":{"line":691,"column":15},"end":{"line":691,"column":30881}},"155":{"start":{"line":693,"column":12},"end":{"line":693,"column":68}},"156":{"start":{"line":696,"column":8},"end":{"line":696,"column":51}},"157":{"start":{"line":709,"column":8},"end":{"line":709,"column":31630}},"158":{"start":{"line":710,"column":12},"end":{"line":710,"column":61}},"159":{"start":{"line":711,"column":15},"end":{"line":711,"column":31735}},"160":{"start":{"line":712,"column":12},"end":{"line":712,"column":55}},"161":{"start":{"line":715,"column":8},"end":{"line":715,"column":43}},"162":{"start":{"line":728,"column":8},"end":{"line":728,"column":32342}},"163":{"start":{"line":730,"column":12},"end":{"line":730,"column":61}},"164":{"start":{"line":731,"column":15},"end":{"line":731,"column":32503}},"165":{"start":{"line":733,"column":12},"end":{"line":733,"column":55}},"166":{"start":{"line":736,"column":8},"end":{"line":736,"column":43}},"167":{"start":{"line":750,"column":8},"end":{"line":750,"column":33218}},"168":{"start":{"line":752,"column":12},"end":{"line":752,"column":65}},"169":{"start":{"line":754,"column":15},"end":{"line":754,"column":33460}},"170":{"start":{"line":756,"column":12},"end":{"line":756,"column":65}},"171":{"start":{"line":759,"column":8},"end":{"line":759,"column":21}}},"branchMap":{"1":{"line":90,"type":"if","locations":[{"start":{"line":90,"column":8},"end":{"line":90,"column":8}},{"start":{"line":90,"column":8},"end":{"line":90,"column":8}}]},"2":{"line":97,"type":"if","locations":[{"start":{"line":97,"column":8},"end":{"line":97,"column":8}},{"start":{"line":97,"column":8},"end":{"line":97,"column":8}}]},"3":{"line":114,"type":"if","locations":[{"start":{"line":114,"column":8},"end":{"line":114,"column":8}},{"start":{"line":114,"column":8},"end":{"line":114,"column":8}}]},"4":{"line":157,"type":"if","locations":[{"start":{"line":157,"column":8},"end":{"line":157,"column":8}},{"start":{"line":157,"column":8},"end":{"line":157,"column":8}}]},"5":{"line":162,"type":"if","locations":[{"start":{"line":162,"column":8},"end":{"line":162,"column":8}},{"start":{"line":162,"column":8},"end":{"line":162,"column":8}}]},"6":{"line":187,"type":"if","locations":[{"start":{"line":187,"column":8},"end":{"line":187,"column":8}},{"start":{"line":187,"column":8},"end":{"line":187,"column":8}}]},"7":{"line":244,"type":"if","locations":[{"start":{"line":244,"column":8},"end":{"line":244,"column":8}},{"start":{"line":244,"column":8},"end":{"line":244,"column":8}}]},"8":{"line":245,"type":"if","locations":[{"start":{"line":245,"column":8},"end":{"line":245,"column":8}},{"start":{"line":245,"column":8},"end":{"line":245,"column":8}}]},"9":{"line":247,"type":"if","locations":[{"start":{"line":247,"column":8},"end":{"line":247,"column":8}},{"start":{"line":247,"column":8},"end":{"line":247,"column":8}}]},"10":{"line":314,"type":"if","locations":[{"start":{"line":314,"column":8},"end":{"line":314,"column":8}},{"start":{"line":314,"column":8},"end":{"line":314,"column":8}}]},"11":{"line":315,"type":"if","locations":[{"start":{"line":315,"column":8},"end":{"line":315,"column":8}},{"start":{"line":315,"column":8},"end":{"line":315,"column":8}}]},"12":{"line":317,"type":"if","locations":[{"start":{"line":317,"column":8},"end":{"line":317,"column":8}},{"start":{"line":317,"column":8},"end":{"line":317,"column":8}}]},"13":{"line":435,"type":"if","locations":[{"start":{"line":435,"column":8},"end":{"line":435,"column":8}},{"start":{"line":435,"column":8},"end":{"line":435,"column":8}}]},"14":{"line":437,"type":"if","locations":[{"start":{"line":437,"column":12},"end":{"line":437,"column":12}},{"start":{"line":437,"column":12},"end":{"line":437,"column":12}}]},"15":{"line":457,"type":"if","locations":[{"start":{"line":457,"column":12},"end":{"line":457,"column":12}},{"start":{"line":457,"column":12},"end":{"line":457,"column":12}}]},"16":{"line":500,"type":"if","locations":[{"start":{"line":500,"column":8},"end":{"line":500,"column":8}},{"start":{"line":500,"column":8},"end":{"line":500,"column":8}}]},"17":{"line":516,"type":"if","locations":[{"start":{"line":516,"column":8},"end":{"line":516,"column":8}},{"start":{"line":516,"column":8},"end":{"line":516,"column":8}}]},"18":{"line":566,"type":"if","locations":[{"start":{"line":566,"column":8},"end":{"line":566,"column":8}},{"start":{"line":566,"column":8},"end":{"line":566,"column":8}}]},"19":{"line":607,"type":"if","locations":[{"start":{"line":607,"column":8},"end":{"line":607,"column":8}},{"start":{"line":607,"column":8},"end":{"line":607,"column":8}}]},"20":{"line":669,"type":"if","locations":[{"start":{"line":669,"column":8},"end":{"line":669,"column":8}},{"start":{"line":669,"column":8},"end":{"line":669,"column":8}}]},"21":{"line":688,"type":"if","locations":[{"start":{"line":688,"column":8},"end":{"line":688,"column":8}},{"start":{"line":688,"column":8},"end":{"line":688,"column":8}}]},"22":{"line":691,"type":"if","locations":[{"start":{"line":691,"column":15},"end":{"line":691,"column":15}},{"start":{"line":691,"column":15},"end":{"line":691,"column":15}}]},"23":{"line":709,"type":"if","locations":[{"start":{"line":709,"column":8},"end":{"line":709,"column":8}},{"start":{"line":709,"column":8},"end":{"line":709,"column":8}}]},"24":{"line":711,"type":"if","locations":[{"start":{"line":711,"column":15},"end":{"line":711,"column":15}},{"start":{"line":711,"column":15},"end":{"line":711,"column":15}}]},"25":{"line":728,"type":"if","locations":[{"start":{"line":728,"column":8},"end":{"line":728,"column":8}},{"start":{"line":728,"column":8},"end":{"line":728,"column":8}}]},"26":{"line":731,"type":"if","locations":[{"start":{"line":731,"column":15},"end":{"line":731,"column":15}},{"start":{"line":731,"column":15},"end":{"line":731,"column":15}}]},"27":{"line":750,"type":"if","locations":[{"start":{"line":750,"column":8},"end":{"line":750,"column":8}},{"start":{"line":750,"column":8},"end":{"line":750,"column":8}}]},"28":{"line":754,"type":"if","locations":[{"start":{"line":754,"column":15},"end":{"line":754,"column":15}},{"start":{"line":754,"column":15},"end":{"line":754,"column":15}}]}}},"contracts/factories/ConvergentPoolFactory.sol":{"l":{"31":0,"32":0,"33":0,"54":0,"69":0,"71":0,"72":0,"78":0,"79":0,"85":0},"path":"/Users/lee/Code/Conflux-UMA/balancer-compile/contracts/factories/ConvergentPoolFactory.sol","s":{"1":0,"2":0,"3":0,"4":0,"5":0,"6":0,"7":0,"8":0,"9":0,"10":0},"b":{"1":[0,0]},"f":{"1":0,"2":0,"3":0,"4":0},"fnMap":{"1":{"name":"constructor","line":28,"loc":{"start":{"line":26,"column":4},"end":{"line":34,"column":4}}},"2":{"name":"create","line":45,"loc":{"start":{"line":45,"column":4},"end":{"line":73,"column":4}}},"3":{"name":"setGovFee","line":77,"loc":{"start":{"line":77,"column":4},"end":{"line":80,"column":4}}},"4":{"name":"setGov","line":84,"loc":{"start":{"line":84,"column":4},"end":{"line":86,"column":4}}}},"statementMap":{"1":{"start":{"line":31,"column":8},"end":{"line":31,"column":30}},"2":{"start":{"line":32,"column":8},"end":{"line":32,"column":28}},"3":{"start":{"line":33,"column":8},"end":{"line":33,"column":31}},"4":{"start":{"line":54,"column":8},"end":{"line":54,"column":2109}},"5":{"start":{"line":69,"column":8},"end":{"line":69,"column":22}},"6":{"start":{"line":71,"column":8},"end":{"line":71,"column":39}},"7":{"start":{"line":72,"column":8},"end":{"line":72,"column":19}},"8":{"start":{"line":78,"column":8},"end":{"line":78,"column":56}},"9":{"start":{"line":79,"column":8},"end":{"line":79,"column":29}},"10":{"start":{"line":85,"column":8},"end":{"line":85,"column":26}}},"branchMap":{"1":{"line":78,"type":"if","locations":[{"start":{"line":78,"column":8},"end":{"line":78,"column":8}},{"start":{"line":78,"column":8},"end":{"line":78,"column":8}}]}}},"contracts/interfaces/IERC20Decimals.sol":{"l":{},"path":"/Users/lee/Code/Conflux-UMA/balancer-compile/contracts/interfaces/IERC20Decimals.sol","s":{},"b":{},"f":{},"fnMap":{},"statementMap":{},"branchMap":{}},"contracts/libraries/Authorizable.sol":{"l":{"14":0,"19":0,"20":0,"25":0,"26":0,"33":0,"39":0,"45":0,"51":0,"57":0},"path":"/Users/lee/Code/Conflux-UMA/balancer-compile/contracts/libraries/Authorizable.sol","s":{"1":0,"2":0,"3":0,"4":0,"5":0,"6":0,"7":0,"8":0},"b":{"1":[0,0],"2":[0,0]},"f":{"1":0,"2":0,"3":0,"4":0,"5":0,"6":0,"7":0,"8":0},"fnMap":{"1":{"name":"constructor","line":13,"loc":{"start":{"line":13,"column":4},"end":{"line":15,"column":4}}},"2":{"name":"onlyOwner","line":18,"loc":{"start":{"line":18,"column":4},"end":{"line":21,"column":4}}},"3":{"name":"onlyAuthorized","line":24,"loc":{"start":{"line":24,"column":4},"end":{"line":27,"column":4}}},"4":{"name":"isAuthorized","line":32,"loc":{"start":{"line":32,"column":4},"end":{"line":34,"column":4}}},"5":{"name":"authorize","line":38,"loc":{"start":{"line":38,"column":4},"end":{"line":40,"column":4}}},"6":{"name":"deauthorize","line":44,"loc":{"start":{"line":44,"column":4},"end":{"line":46,"column":4}}},"7":{"name":"setOwner","line":50,"loc":{"start":{"line":50,"column":4},"end":{"line":52,"column":4}}},"8":{"name":"_authorize","line":56,"loc":{"start":{"line":56,"column":4},"end":{"line":58,"column":4}}}},"statementMap":{"1":{"start":{"line":14,"column":8},"end":{"line":14,"column":25}},"2":{"start":{"line":19,"column":8},"end":{"line":19,"column":55}},"3":{"start":{"line":25,"column":8},"end":{"line":25,"column":65}},"4":{"start":{"line":33,"column":8},"end":{"line":33,"column":30}},"5":{"start":{"line":39,"column":8},"end":{"line":39,"column":22}},"6":{"start":{"line":45,"column":8},"end":{"line":45,"column":30}},"7":{"start":{"line":51,"column":8},"end":{"line":51,"column":18}},"8":{"start":{"line":57,"column":8},"end":{"line":57,"column":29}}},"branchMap":{"1":{"line":19,"type":"if","locations":[{"start":{"line":19,"column":8},"end":{"line":19,"column":8}},{"start":{"line":19,"column":8},"end":{"line":19,"column":8}}]},"2":{"line":25,"type":"if","locations":[{"start":{"line":25,"column":8},"end":{"line":25,"column":8}},{"start":{"line":25,"column":8},"end":{"line":25,"column":8}}]}}}}