TN:
SF:/Users/lee/Code/Conflux-UMA/balancer-compile/contracts/balancer-core-v2/lib/helpers/AssetHelpers.sol
FN:31,constructor
FN:36,_WETH
FN:43,_isETH
FN:51,_translateToIERC20
FN:58,_translateToIERC20
FN:70,_asIERC20
FNF:6
FNH:0
FNDA:0,constructor
FNDA:0,_WETH
FNDA:0,_isETH
FNDA:0,_translateToIERC20
FNDA:0,_translateToIERC20
FNDA:0,_asIERC20
DA:32,0
DA:37,0
DA:44,0
DA:52,0
DA:59,0
DA:60,0
DA:61,0
DA:63,0
DA:71,0
LF:9
LH:0
BRF:0
BRH:0
end_of_record
TN:
SF:/Users/lee/Code/Conflux-UMA/balancer-compile/contracts/balancer-core-v2/lib/helpers/Authentication.sol
FN:41,constructor
FN:48,authenticate
FN:56,_authenticateCaller
FN:61,getActionId
FNF:4
FNH:0
FNDA:0,constructor
FNDA:0,authenticate
FNDA:0,_authenticateCaller
FNDA:0,getActionId
DA:42,0
DA:49,0
DA:50,0
DA:57,0
DA:58,0
DA:65,0
LF:6
LH:0
BRF:0
BRH:0
end_of_record
TN:
SF:/Users/lee/Code/Conflux-UMA/balancer-compile/contracts/balancer-core-v2/lib/helpers/BalancerHelpers.sol
FN:43,constructor
FN:47,queryJoin
FN:68,queryExit
FN:89,_validateAssetsAndGetBalances
FNF:4
FNH:0
FNDA:0,constructor
FNDA:0,queryJoin
FNDA:0,queryExit
FNDA:0,_validateAssetsAndGetBalances
DA:44,0
DA:53,0
DA:54,0
DA:55,0
DA:57,0
DA:74,0
DA:75,0
DA:76,0
DA:78,0
DA:94,0
DA:95,0
DA:97,0
DA:98,0
DA:100,0
DA:101,0
DA:102,0
LF:16
LH:0
BRF:0
BRH:0
end_of_record
TN:
SF:/Users/lee/Code/Conflux-UMA/balancer-compile/contracts/balancer-core-v2/lib/helpers/IAuthentication.sol
FNF:0
FNH:0
LF:0
LH:0
BRF:0
BRH:0
end_of_record
TN:
SF:/Users/lee/Code/Conflux-UMA/balancer-compile/contracts/balancer-core-v2/lib/helpers/InputHelpers.sol
FN:24,ensureInputLengthMatch
FN:28,ensureInputLengthMatch
FN:36,ensureArrayIsSorted
FN:45,ensureArrayIsSorted
FN:54,ensureArrayIsSorted
FNF:5
FNH:0
FNDA:0,ensureInputLengthMatch
FNDA:0,ensureInputLengthMatch
FNDA:0,ensureArrayIsSorted
FNDA:0,ensureArrayIsSorted
FNDA:0,ensureArrayIsSorted
DA:25,0
DA:33,0
DA:37,0
DA:39,0
DA:42,0
DA:46,0
DA:48,0
DA:51,0
DA:55,0
DA:56,0
DA:59,0
DA:60,0
DA:61,0
DA:62,0
DA:63,0
LF:15
LH:0
BRDA:55,1,0,0
BRDA:55,1,1,0
BRF:2
BRH:0
end_of_record
TN:
SF:/Users/lee/Code/Conflux-UMA/balancer-compile/contracts/balancer-core-v2/lib/helpers/ISignaturesValidator.sol
FNF:0
FNH:0
LF:0
LH:0
BRF:0
BRH:0
end_of_record
TN:
SF:/Users/lee/Code/Conflux-UMA/balancer-compile/contracts/balancer-core-v2/lib/helpers/ITemporarilyPausable.sol
FNF:0
FNH:0
LF:0
LH:0
BRF:0
BRH:0
end_of_record
TN:
SF:/Users/lee/Code/Conflux-UMA/balancer-compile/contracts/balancer-core-v2/lib/helpers/SignaturesValidator.sol
FN:37,constructor
FN:41,getDomainSeparator
FN:45,getNextNonce
FN:52,_validateSignature
FN:57,_isSignatureValid
FN:99,_deadline
FN:110,_signature
FN:130,_calldata
FN:146,_decodeExtraCalldataWord
FNF:9
FNH:0
FNDA:0,constructor
FNDA:0,getDomainSeparator
FNDA:0,getNextNonce
FNDA:0,_validateSignature
FNDA:0,_isSignatureValid
FNDA:0,_deadline
FNDA:0,_signature
FNDA:0,_calldata
FNDA:0,_decodeExtraCalldataWord
DA:42,0
DA:46,0
DA:53,0
DA:54,0
DA:58,0
DA:62,0
DA:63,0
DA:66,0
DA:67,0
DA:69,0
DA:73,0
DA:74,0
DA:75,0
DA:77,0
DA:80,0
DA:101,0
DA:120,0
DA:121,0
DA:122,0
DA:131,0
DA:132,0
DA:134,0
DA:148,0
LF:23
LH:0
BRDA:62,1,0,0
BRDA:62,1,1,0
BRDA:67,2,0,0
BRDA:67,2,1,0
BRDA:132,3,0,0
BRDA:132,3,1,0
BRF:6
BRH:0
end_of_record
TN:
SF:/Users/lee/Code/Conflux-UMA/balancer-compile/contracts/balancer-core-v2/lib/helpers/TemporarilyPausable.sol
FN:48,constructor
FN:61,whenNotPaused
FN:70,getPausedState
FN:91,_setPaused
FN:105,_ensureNotPaused
FN:115,_isNotPaused
FN:122,_getPauseWindowEndTime
FN:126,_getBufferPeriodEndTime
FNF:8
FNH:0
FNDA:0,constructor
FNDA:0,whenNotPaused
FNDA:0,getPausedState
FNDA:0,_setPaused
FNDA:0,_ensureNotPaused
FNDA:0,_isNotPaused
FNDA:0,_getPauseWindowEndTime
FNDA:0,_getBufferPeriodEndTime
DA:49,0
DA:50,0
DA:52,0
DA:54,0
DA:55,0
DA:62,0
DA:63,0
DA:80,0
DA:81,0
DA:82,0
DA:92,0
DA:93,0
DA:95,0
DA:98,0
DA:99,0
DA:106,0
DA:117,0
DA:123,0
DA:127,0
LF:19
LH:0
BRDA:92,1,0,0
BRDA:92,1,1,0
BRF:2
BRH:0
end_of_record
TN:
SF:/Users/lee/Code/Conflux-UMA/balancer-compile/contracts/balancer-core-v2/lib/helpers/WordCodec.sol
FN:44,insertBoolean
FN:61,insertUint10
FN:76,insertUint31
FN:91,insertUint64
FN:108,insertInt22
FN:127,encodeUint31
FN:138,encodeInt22
FN:148,encodeInt53
FN:158,decodeBool
FN:167,decodeUint10
FN:174,decodeUint31
FN:181,decodeUint64
FN:190,decodeInt22
FN:201,decodeInt53
FNF:14
FNH:0
FNDA:0,insertBoolean
FNDA:0,insertUint10
FNDA:0,insertUint31
FNDA:0,insertUint64
FNDA:0,insertInt22
FNDA:0,encodeUint31
FNDA:0,encodeInt22
FNDA:0,encodeInt53
FNDA:0,decodeBool
FNDA:0,decodeUint10
FNDA:0,decodeUint31
FNDA:0,decodeUint64
FNDA:0,decodeInt22
FNDA:0,decodeInt53
DA:49,0
DA:50,0
DA:66,0
DA:67,0
DA:81,0
DA:82,0
DA:96,0
DA:97,0
DA:113,0
DA:115,0
DA:128,0
DA:140,0
DA:150,0
DA:159,0
DA:168,0
DA:175,0
DA:182,0
DA:191,0
DA:195,0
DA:202,0
DA:206,0
LF:21
LH:0
BRF:0
BRH:0
end_of_record
TN:
SF:/Users/lee/Code/Conflux-UMA/balancer-compile/contracts/balancer-core-v2/lib/math/FixedPoint.sol
FN:29,add
FN:37,sub
FN:45,mulDown
FN:52,mulUp
FN:69,divDown
FN:82,divUp
FN:105,powDown
FN:120,powUp
FN:133,complement
FNF:9
FNH:0
FNDA:0,add
FNDA:0,sub
FNDA:0,mulDown
FNDA:0,mulUp
FNDA:0,divDown
FNDA:0,divUp
FNDA:0,powDown
FNDA:0,powUp
FNDA:0,complement
DA:32,0
DA:33,0
DA:34,0
DA:40,0
DA:41,0
DA:42,0
DA:46,0
DA:47,0
DA:49,0
DA:53,0
DA:54,0
DA:56,0
DA:57,0
DA:65,0
DA:70,0
DA:72,0
DA:73,0
DA:75,0
DA:76,0
DA:78,0
DA:83,0
DA:85,0
DA:86,0
DA:88,0
DA:89,0
DA:97,0
DA:106,0
DA:107,0
DA:109,0
DA:110,0
DA:112,0
DA:121,0
DA:122,0
DA:124,0
DA:134,0
LF:35
LH:0
BRDA:56,1,0,0
BRDA:56,1,1,0
BRDA:72,2,0,0
BRDA:72,2,1,0
BRDA:85,3,0,0
BRDA:85,3,1,0
BRDA:109,4,0,0
BRDA:109,4,1,0
BRF:8
BRH:0
end_of_record
TN:
SF:/Users/lee/Code/Conflux-UMA/balancer-compile/contracts/balancer-core-v2/lib/math/LogExpMath.sol
FN:93,pow
FN:146,exp
FN:286,log
FN:313,ln
FN:326,_ln
FN:466,_ln_36
FNF:6
FNH:0
FNDA:0,pow
FNDA:0,exp
FNDA:0,log
FNDA:0,ln
FNDA:0,_ln
FNDA:0,_ln_36
DA:94,0
DA:96,0
DA:99,0
DA:100,0
DA:108,0
DA:109,0
DA:115,0
DA:116,0
DA:118,0
DA:119,0
DA:120,0
DA:126,0
DA:128,0
DA:130,0
DA:133,0
DA:138,0
DA:147,0
DA:149,0
DA:153,0
DA:173,0
DA:174,0
DA:175,0
DA:176,0
DA:178,0
DA:179,0
DA:181,0
DA:186,0
DA:190,0
DA:192,0
DA:193,0
DA:194,0
DA:196,0
DA:197,0
DA:198,0
DA:200,0
DA:201,0
DA:202,0
DA:204,0
DA:205,0
DA:206,0
DA:208,0
DA:209,0
DA:210,0
DA:212,0
DA:213,0
DA:214,0
DA:216,0
DA:217,0
DA:218,0
DA:220,0
DA:221,0
DA:222,0
DA:230,0
DA:231,0
DA:234,0
DA:235,0
DA:240,0
DA:241,0
DA:243,0
DA:244,0
DA:246,0
DA:247,0
DA:249,0
DA:250,0
DA:252,0
DA:253,0
DA:255,0
DA:256,0
DA:258,0
DA:259,0
DA:261,0
DA:262,0
DA:264,0
DA:265,0
DA:267,0
DA:268,0
DA:270,0
DA:271,0
DA:280,0
DA:292,0
DA:293,0
DA:294,0
DA:296,0
DA:299,0
DA:300,0
DA:301,0
DA:303,0
DA:307,0
DA:315,0
DA:316,0
DA:317,0
DA:319,0
DA:327,0
DA:331,0
DA:349,0
DA:350,0
DA:351,0
DA:352,0
DA:355,0
DA:356,0
DA:357,0
DA:361,0
DA:362,0
DA:366,0
DA:367,0
DA:368,0
DA:371,0
DA:372,0
DA:373,0
DA:376,0
DA:377,0
DA:378,0
DA:381,0
DA:382,0
DA:383,0
DA:386,0
DA:387,0
DA:388,0
DA:391,0
DA:392,0
DA:393,0
DA:396,0
DA:397,0
DA:398,0
DA:401,0
DA:402,0
DA:403,0
DA:406,0
DA:407,0
DA:408,0
DA:411,0
DA:412,0
DA:413,0
DA:423,0
DA:424,0
DA:427,0
DA:430,0
DA:433,0
DA:434,0
DA:436,0
DA:437,0
DA:439,0
DA:440,0
DA:442,0
DA:443,0
DA:445,0
DA:446,0
DA:451,0
DA:457,0
DA:471,0
DA:478,0
DA:479,0
DA:482,0
DA:485,0
DA:488,0
DA:489,0
DA:491,0
DA:492,0
DA:494,0
DA:495,0
DA:497,0
DA:498,0
DA:500,0
DA:501,0
DA:503,0
DA:504,0
DA:506,0
DA:507,0
DA:512,0
LF:169
LH:0
BRDA:94,1,0,0
BRDA:94,1,1,0
BRDA:99,2,0,0
BRDA:99,2,1,0
BRDA:119,3,0,0
BRDA:119,3,1,0
BRDA:149,4,0,0
BRDA:149,4,1,0
BRDA:174,5,0,0
BRDA:174,5,1,0
BRDA:177,6,0,0
BRDA:177,6,1,0
BRDA:192,7,0,0
BRDA:192,7,1,0
BRDA:196,8,0,0
BRDA:196,8,1,0
BRDA:200,9,0,0
BRDA:200,9,1,0
BRDA:204,10,0,0
BRDA:204,10,1,0
BRDA:208,11,0,0
BRDA:208,11,1,0
BRDA:212,12,0,0
BRDA:212,12,1,0
BRDA:216,13,0,0
BRDA:216,13,1,0
BRDA:220,14,0,0
BRDA:220,14,1,0
BRDA:293,15,0,0
BRDA:293,15,1,0
BRDA:300,16,0,0
BRDA:300,16,1,0
BRDA:316,17,0,0
BRDA:316,17,1,0
BRDA:327,18,0,0
BRDA:327,18,1,0
BRDA:350,19,0,0
BRDA:350,19,1,0
BRDA:355,20,0,0
BRDA:355,20,1,0
BRDA:366,21,0,0
BRDA:366,21,1,0
BRDA:371,22,0,0
BRDA:371,22,1,0
BRDA:376,23,0,0
BRDA:376,23,1,0
BRDA:381,24,0,0
BRDA:381,24,1,0
BRDA:386,25,0,0
BRDA:386,25,1,0
BRDA:391,26,0,0
BRDA:391,26,1,0
BRDA:396,27,0,0
BRDA:396,27,1,0
BRDA:401,28,0,0
BRDA:401,28,1,0
BRDA:406,29,0,0
BRDA:406,29,1,0
BRDA:411,30,0,0
BRDA:411,30,1,0
BRF:60
BRH:0
end_of_record
TN:
SF:/Users/lee/Code/Conflux-UMA/balancer-compile/contracts/balancer-core-v2/lib/math/Math.sol
FN:15,add
FN:24,add
FN:33,sub
FN:42,sub
FN:51,max
FN:58,min
FN:62,mul
FN:68,divDown
FN:73,divUp
FNF:9
FNH:0
FNDA:0,add
FNDA:0,add
FNDA:0,sub
FNDA:0,sub
FNDA:0,max
FNDA:0,min
FNDA:0,mul
FNDA:0,divDown
FNDA:0,divUp
DA:16,0
DA:17,0
DA:18,0
DA:25,0
DA:26,0
DA:27,0
DA:34,0
DA:35,0
DA:36,0
DA:43,0
DA:44,0
DA:45,0
DA:52,0
DA:59,0
DA:63,0
DA:64,0
DA:65,0
DA:69,0
DA:70,0
DA:74,0
DA:76,0
DA:77,0
DA:79,0
LF:23
LH:0
BRDA:76,1,0,0
BRDA:76,1,1,0
BRF:2
BRH:0
end_of_record
TN:
SF:/Users/lee/Code/Conflux-UMA/balancer-compile/contracts/balancer-core-v2/lib/openzeppelin/AccessControl.sol
FN:86,hasRole
FN:94,getRoleMemberCount
FN:110,getRoleMember
FN:120,getRoleAdmin
FN:134,grantRole
FN:149,revokeRole
FN:169,renounceRole
FN:191,_setupRole
FN:200,_setRoleAdmin
FN:205,_grantRole
FN:211,_revokeRole
FNF:11
FNH:0
FNDA:0,hasRole
FNDA:0,getRoleMemberCount
FNDA:0,getRoleMember
FNDA:0,getRoleAdmin
FNDA:0,grantRole
FNDA:0,revokeRole
FNDA:0,renounceRole
FNDA:0,_setupRole
FNDA:0,_setRoleAdmin
FNDA:0,_grantRole
FNDA:0,_revokeRole
DA:87,0
DA:95,0
DA:111,0
DA:121,0
DA:135,0
DA:137,0
DA:150,0
DA:152,0
DA:170,0
DA:172,0
DA:192,0
DA:201,0
DA:202,0
DA:206,0
DA:207,0
DA:212,0
DA:213,0
LF:17
LH:0
BRDA:206,1,0,0
BRDA:206,1,1,0
BRDA:212,2,0,0
BRDA:212,2,1,0
BRF:4
BRH:0
end_of_record
TN:
SF:/Users/lee/Code/Conflux-UMA/balancer-compile/contracts/balancer-core-v2/lib/openzeppelin/Address.sol
FN:28,isContract
FN:57,sendValue
FNF:2
FNH:0
FNDA:0,isContract
FNDA:0,sendValue
DA:33,0
DA:35,0
DA:38,0
DA:58,0
DA:61,0
DA:62,0
LF:6
LH:0
BRF:0
BRH:0
end_of_record
TN:
SF:/Users/lee/Code/Conflux-UMA/balancer-compile/contracts/balancer-core-v2/lib/openzeppelin/Create2.sol
FN:31,deploy
FN:47,computeAddress
FN:55,computeAddress
FNF:3
FNH:0
FNDA:0,deploy
FNDA:0,computeAddress
FNDA:0,computeAddress
DA:32,0
DA:33,0
DA:34,0
DA:36,0
DA:39,0
DA:40,0
DA:48,0
DA:56,0
DA:59,0
LF:9
LH:0
BRDA:33,1,0,0
BRDA:33,1,1,0
BRDA:34,2,0,0
BRDA:34,2,1,0
BRDA:39,3,0,0
BRDA:39,3,1,0
BRF:6
BRH:0
end_of_record
TN:
SF:/Users/lee/Code/Conflux-UMA/balancer-compile/contracts/balancer-core-v2/lib/openzeppelin/EIP712.sol
FN:44,constructor
FN:53,_domainSeparatorV4
FN:72,_hashTypedDataV4
FN:76,_getChainId
FNF:4
FNH:0
FNDA:0,constructor
FNDA:0,_domainSeparatorV4
FNDA:0,_hashTypedDataV4
FNDA:0,_getChainId
DA:45,0
DA:46,0
DA:47,0
DA:54,0
DA:73,0
DA:80,0
DA:83,0
LF:7
LH:0
BRF:0
BRH:0
end_of_record
TN:
SF:/Users/lee/Code/Conflux-UMA/balancer-compile/contracts/balancer-core-v2/lib/openzeppelin/EnumerableMap.sol
FN:65,set
FN:96,unchecked_setAt
FN:109,remove
FN:148,contains
FN:155,length
FN:169,at
FN:181,unchecked_at
FN:190,unchecked_valueAt
FN:201,get
FN:215,unchecked_indexOf
FNF:10
FNH:0
FNDA:0,set
FNDA:0,unchecked_setAt
FNDA:0,remove
FNDA:0,contains
FNDA:0,length
FNDA:0,at
FNDA:0,unchecked_at
FNDA:0,unchecked_valueAt
FNDA:0,get
FNDA:0,unchecked_indexOf
DA:71,0
DA:74,0
DA:75,0
DA:76,0
DA:77,0
DA:81,0
DA:82,0
DA:84,0
DA:85,0
DA:101,0
DA:111,0
DA:114,0
DA:119,0
DA:120,0
DA:125,0
DA:128,0
DA:130,0
DA:133,0
DA:134,0
DA:137,0
DA:139,0
DA:141,0
DA:149,0
DA:156,0
DA:170,0
DA:171,0
DA:182,0
DA:183,0
DA:191,0
DA:206,0
DA:207,0
DA:208,0
DA:216,0
LF:33
LH:0
BRDA:74,1,0,0
BRDA:74,1,1,0
BRDA:114,2,0,0
BRDA:114,2,1,0
BRF:4
BRH:0
end_of_record
TN:
SF:/Users/lee/Code/Conflux-UMA/balancer-compile/contracts/balancer-core-v2/lib/openzeppelin/EnumerableSet.sol
FN:54,add
FN:72,remove
FN:110,contains
FN:117,length
FN:131,at
FN:143,unchecked_at
FNF:6
FNH:0
FNDA:0,add
FNDA:0,remove
FNDA:0,contains
FNDA:0,length
FNDA:0,at
FNDA:0,unchecked_at
DA:55,0
DA:56,0
DA:59,0
DA:60,0
DA:62,0
DA:74,0
DA:76,0
DA:82,0
DA:83,0
DA:88,0
DA:91,0
DA:93,0
DA:96,0
DA:99,0
DA:101,0
DA:103,0
DA:111,0
DA:118,0
DA:132,0
DA:133,0
DA:144,0
LF:21
LH:0
BRDA:55,1,0,0
BRDA:55,1,1,0
BRDA:76,2,0,0
BRDA:76,2,1,0
BRF:4
BRH:0
end_of_record
TN:
SF:/Users/lee/Code/Conflux-UMA/balancer-compile/contracts/balancer-core-v2/lib/openzeppelin/ERC20.sol
FN:56,constructor
FN:65,name
FN:73,symbol
FN:90,decimals
FN:97,totalSupply
FN:104,balanceOf
FN:116,transfer
FN:124,allowance
FN:135,approve
FN:153,transferFrom
FN:179,increaseAllowance
FN:198,decreaseAllowance
FN:221,_transfer
FN:245,_mint
FN:266,_burn
FN:289,_approve
FN:308,_setupDecimals
FN:326,_beforeTokenTransfer
FNF:18
FNH:0
FNDA:0,constructor
FNDA:0,name
FNDA:0,symbol
FNDA:0,decimals
FNDA:0,totalSupply
FNDA:0,balanceOf
FNDA:0,transfer
FNDA:0,allowance
FNDA:0,approve
FNDA:0,transferFrom
FNDA:0,increaseAllowance
FNDA:0,decreaseAllowance
FNDA:0,_transfer
FNDA:0,_mint
FNDA:0,_burn
FNDA:0,_approve
FNDA:0,_setupDecimals
FNDA:0,_beforeTokenTransfer
DA:57,0
DA:58,0
DA:59,0
DA:66,0
DA:74,0
DA:91,0
DA:98,0
DA:105,0
DA:117,0
DA:118,0
DA:125,0
DA:136,0
DA:137,0
DA:158,0
DA:159,0
DA:164,0
DA:180,0
DA:181,0
DA:199,0
DA:204,0
DA:226,0
DA:227,0
DA:229,0
DA:231,0
DA:232,0
DA:233,0
DA:246,0
DA:248,0
DA:250,0
DA:251,0
DA:252,0
DA:267,0
DA:269,0
DA:271,0
DA:272,0
DA:273,0
DA:294,0
DA:295,0
DA:297,0
DA:298,0
DA:309,0
LF:41
LH:0
BRF:0
BRH:0
end_of_record
TN:
SF:/Users/lee/Code/Conflux-UMA/balancer-compile/contracts/balancer-core-v2/lib/openzeppelin/ERC20Burnable.sol
FN:20,burn
FN:35,burnFrom
FNF:2
FNH:0
FNDA:0,burn
FNDA:0,burnFrom
DA:21,0
DA:36,0
DA:38,0
DA:39,0
LF:4
LH:0
BRF:0
BRH:0
end_of_record
TN:
SF:/Users/lee/Code/Conflux-UMA/balancer-compile/contracts/balancer-core-v2/lib/openzeppelin/IERC20.sol
FNF:0
FNH:0
LF:0
LH:0
BRF:0
BRH:0
end_of_record
TN:
SF:/Users/lee/Code/Conflux-UMA/balancer-compile/contracts/balancer-core-v2/lib/openzeppelin/IERC20Permit.sol
FNF:0
FNH:0
LF:0
LH:0
BRF:0
BRH:0
end_of_record
TN:
SF:/Users/lee/Code/Conflux-UMA/balancer-compile/contracts/balancer-core-v2/lib/openzeppelin/ReentrancyGuard.sol
FN:44,constructor
FN:55,nonReentrant
FN:61,_enterNonReentrant
FN:69,_exitNonReentrant
FNF:4
FNH:0
FNDA:0,constructor
FNDA:0,nonReentrant
FNDA:0,_enterNonReentrant
FNDA:0,_exitNonReentrant
DA:45,0
DA:56,0
DA:57,0
DA:58,0
DA:63,0
DA:66,0
DA:72,0
LF:7
LH:0
BRF:0
BRH:0
end_of_record
TN:
SF:/Users/lee/Code/Conflux-UMA/balancer-compile/contracts/balancer-core-v2/lib/openzeppelin/SafeCast.sol
FN:30,toInt256
FNF:1
FNH:0
FNDA:0,toInt256
DA:31,0
DA:32,0
LF:2
LH:0
BRF:0
BRH:0
end_of_record
TN:
SF:/Users/lee/Code/Conflux-UMA/balancer-compile/contracts/balancer-core-v2/lib/openzeppelin/SafeERC20.sol
FN:23,safeTransfer
FN:31,safeTransferFrom
FN:46,_callOptionalReturn
FNF:3
FNH:0
FNDA:0,safeTransfer
FNDA:0,safeTransferFrom
FNDA:0,_callOptionalReturn
DA:28,0
DA:37,0
DA:49,0
DA:52,0
DA:60,0
LF:5
LH:0
BRF:0
BRH:0
end_of_record
TN:
SF:/Users/lee/Code/Conflux-UMA/balancer-compile/contracts/balancer-core-v2/lib/openzeppelin/SafeMath.sol
FN:31,add
FN:48,sub
FN:62,sub
FNF:3
FNH:0
FNDA:0,add
FNDA:0,sub
FNDA:0,sub
DA:32,0
DA:33,0
DA:35,0
DA:49,0
DA:63,0
DA:64,0
DA:66,0
LF:7
LH:0
BRF:0
BRH:0
end_of_record
TN:
SF:/Users/lee/Code/Conflux-UMA/balancer-compile/contracts/balancer-core-v2/pools/BalancerPoolToken.sol
FN:58,constructor
FN:65,allowance
FN:69,balanceOf
FN:73,approve
FN:79,increaseApproval
FN:85,decreaseApproval
FN:97,transfer
FN:103,transferFrom
FN:121,permit
FN:148,name
FN:152,symbol
FN:156,decimals
FN:160,totalSupply
FN:164,nonces
FN:169,DOMAIN_SEPARATOR
FN:175,_mintPoolTokens
FN:181,_burnPoolTokens
FN:190,_move
FN:209,_setAllowance
FNF:19
FNH:0
FNDA:0,constructor
FNDA:0,allowance
FNDA:0,balanceOf
FNDA:0,approve
FNDA:0,increaseApproval
FNDA:0,decreaseApproval
FNDA:0,transfer
FNDA:0,transferFrom
FNDA:0,permit
FNDA:0,name
FNDA:0,symbol
FNDA:0,decimals
FNDA:0,totalSupply
FNDA:0,nonces
FNDA:0,DOMAIN_SEPARATOR
FNDA:0,_mintPoolTokens
FNDA:0,_burnPoolTokens
FNDA:0,_move
FNDA:0,_setAllowance
DA:59,0
DA:60,0
DA:66,0
DA:70,0
DA:74,0
DA:76,0
DA:80,0
DA:82,0
DA:86,0
DA:88,0
DA:89,0
DA:91,0
DA:94,0
DA:98,0
DA:100,0
DA:108,0
DA:109,0
DA:111,0
DA:113,0
DA:115,0
DA:118,0
DA:131,0
DA:133,0
DA:135,0
DA:137,0
DA:139,0
DA:140,0
DA:142,0
DA:143,0
DA:149,0
DA:153,0
DA:157,0
DA:161,0
DA:165,0
DA:170,0
DA:176,0
DA:177,0
DA:178,0
DA:182,0
DA:183,0
DA:185,0
DA:186,0
DA:187,0
DA:195,0
DA:196,0
DA:199,0
DA:201,0
DA:202,0
DA:204,0
DA:214,0
DA:215,0
LF:51
LH:0
BRDA:88,1,0,0
BRDA:88,1,1,0
BRDA:113,2,0,0
BRDA:113,2,1,0
BRF:4
BRH:0
end_of_record
TN:
SF:/Users/lee/Code/Conflux-UMA/balancer-compile/contracts/balancer-core-v2/pools/BaseGeneralPool.sol
FN:47,constructor
FN:54,onSwap
FN:69,_swapGivenIn
FN:88,_swapGivenOut
FN:142,_validateIndexes
FNF:5
FNH:0
FNDA:0,constructor
FNDA:0,onSwap
FNDA:0,_swapGivenIn
FNDA:0,_swapGivenOut
FNDA:0,_validateIndexes
DA:60,0
DA:61,0
DA:63,0
DA:77,0
DA:79,0
DA:80,0
DA:82,0
DA:85,0
DA:95,0
DA:96,0
DA:98,0
DA:101,0
DA:104,0
DA:147,0
LF:14
LH:0
BRF:0
BRH:0
end_of_record
TN:
SF:/Users/lee/Code/Conflux-UMA/balancer-compile/contracts/balancer-core-v2/pools/BaseMinimalSwapInfoPool.sol
FN:47,constructor
FN:54,onSwap
FNF:2
FNH:0
FNDA:0,constructor
FNDA:0,onSwap
DA:59,0
DA:60,0
DA:62,0
DA:64,0
DA:67,0
DA:68,0
DA:69,0
DA:71,0
DA:74,0
DA:77,0
DA:78,0
DA:79,0
DA:81,0
DA:84,0
DA:87,0
LF:15
LH:0
BRDA:62,1,0,0
BRDA:62,1,1,0
BRF:2
BRH:0
end_of_record
TN:
SF:/Users/lee/Code/Conflux-UMA/balancer-compile/contracts/balancer-core-v2/pools/BasePool.sol
FN:109,constructor
FN:155,getVault
FN:159,getPoolId
FN:163,_getTotalTokens
FN:167,getSwapFeePercentage
FN:172,setSwapFeePercentage
FN:176,_setSwapFeePercentage
FN:185,setPaused
FN:191,onlyVault
FN:205,onJoinPool
FN:255,onExitPool
FN:292,queryJoin
FN:330,queryExit
FN:454,_addSwapFeeAmount
FN:462,_subtractSwapFeeAmount
FN:474,_computeScalingFactor
FN:487,_scalingFactor
FN:506,_scalingFactors
FN:529,_upscale
FN:537,_upscaleArray
FN:547,_downscaleDown
FN:555,_downscaleDownArray
FN:565,_downscaleUp
FN:573,_downscaleUpArray
FN:579,_getAuthorizer
FN:587,_queryAction
FNF:26
FNH:0
FNDA:0,constructor
FNDA:0,getVault
FNDA:0,getPoolId
FNDA:0,_getTotalTokens
FNDA:0,getSwapFeePercentage
FNDA:0,setSwapFeePercentage
FNDA:0,_setSwapFeePercentage
FNDA:0,setPaused
FNDA:0,onlyVault
FNDA:0,onJoinPool
FNDA:0,onExitPool
FNDA:0,queryJoin
FNDA:0,queryExit
FNDA:0,_addSwapFeeAmount
FNDA:0,_subtractSwapFeeAmount
FNDA:0,_computeScalingFactor
FNDA:0,_scalingFactor
FNDA:0,_scalingFactors
FNDA:0,_upscale
FNDA:0,_upscaleArray
FNDA:0,_downscaleDown
FNDA:0,_downscaleDownArray
FNDA:0,_downscaleUp
FNDA:0,_downscaleUpArray
FNDA:0,_getAuthorizer
FNDA:0,_queryAction
DA:111,0
DA:112,0
DA:119,0
DA:121,0
DA:123,0
DA:126,0
DA:129,0
DA:130,0
DA:131,0
DA:134,0
DA:135,0
DA:136,0
DA:137,0
DA:138,0
DA:139,0
DA:140,0
DA:141,0
DA:143,0
DA:144,0
DA:145,0
DA:146,0
DA:147,0
DA:148,0
DA:149,0
DA:150,0
DA:156,0
DA:160,0
DA:164,0
DA:168,0
DA:173,0
DA:177,0
DA:178,0
DA:180,0
DA:181,0
DA:186,0
DA:192,0
DA:193,0
DA:194,0
DA:206,0
DA:208,0
DA:209,0
DA:214,0
DA:215,0
DA:216,0
DA:219,0
DA:221,0
DA:223,0
DA:224,0
DA:236,0
DA:239,0
DA:241,0
DA:243,0
DA:256,0
DA:257,0
DA:259,0
DA:271,0
DA:274,0
DA:275,0
DA:277,0
DA:301,0
DA:303,0
DA:317,0
DA:339,0
DA:341,0
DA:355,0
DA:456,0
DA:464,0
DA:465,0
DA:476,0
DA:479,0
DA:480,0
DA:489,0
DA:498,0
DA:507,0
DA:508,0
DA:511,0
DA:512,0
DA:513,0
DA:514,0
DA:515,0
DA:516,0
DA:517,0
DA:518,0
DA:519,0
DA:522,0
DA:530,0
DA:538,0
DA:539,0
DA:548,0
DA:556,0
DA:557,0
DA:566,0
DA:574,0
DA:575,0
DA:584,0
DA:603,0
DA:608,0
DA:611,0
DA:668,0
DA:669,0
DA:671,0
DA:681,0
DA:684,0
LF:103
LH:0
BRDA:208,1,0,0
BRDA:208,1,1,0
BRDA:489,2,0,0
BRDA:489,2,1,0
BRDA:490,3,0,0
BRDA:490,3,1,0
BRDA:491,4,0,0
BRDA:491,4,1,0
BRDA:492,5,0,0
BRDA:492,5,1,0
BRDA:493,6,0,0
BRDA:493,6,1,0
BRDA:494,7,0,0
BRDA:494,7,1,0
BRDA:495,8,0,0
BRDA:495,8,1,0
BRDA:496,9,0,0
BRDA:496,9,1,0
BRDA:512,10,0,0
BRDA:512,10,1,0
BRDA:513,11,0,0
BRDA:513,11,1,0
BRDA:514,12,0,0
BRDA:514,12,1,0
BRDA:515,13,0,0
BRDA:515,13,1,0
BRDA:516,14,0,0
BRDA:516,14,1,0
BRDA:517,15,0,0
BRDA:517,15,1,0
BRDA:518,16,0,0
BRDA:518,16,1,0
BRDA:519,17,0,0
BRDA:519,17,1,0
BRDA:603,18,0,0
BRDA:603,18,1,0
BRF:36
BRH:0
end_of_record
TN:
SF:/Users/lee/Code/Conflux-UMA/balancer-compile/contracts/balancer-core-v2/pools/BasePoolAuthorization.sol
FN:37,constructor
FN:41,getOwner
FN:45,getAuthorizer
FN:49,_canPerform
FN:59,_isOwnerOnlyAction
FNF:5
FNH:0
FNDA:0,constructor
FNDA:0,getOwner
FNDA:0,getAuthorizer
FNDA:0,_canPerform
FNDA:0,_isOwnerOnlyAction
DA:38,0
DA:42,0
DA:46,0
DA:50,0
DA:52,0
DA:55,0
DA:61,0
LF:7
LH:0
BRDA:50,1,0,0
BRDA:50,1,1,0
BRF:2
BRH:0
end_of_record
TN:
SF:/Users/lee/Code/Conflux-UMA/balancer-compile/contracts/balancer-core-v2/pools/factories/BasePoolFactory.sol
FN:34,constructor
FN:41,getVault
FN:48,isPoolFromFactory
FN:57,_register
FNF:4
FNH:0
FNDA:0,constructor
FNDA:0,getVault
FNDA:0,isPoolFromFactory
FNDA:0,_register
DA:35,0
DA:42,0
DA:49,0
DA:58,0
DA:59,0
LF:5
LH:0
BRF:0
BRH:0
end_of_record
TN:
SF:/Users/lee/Code/Conflux-UMA/balancer-compile/contracts/balancer-core-v2/pools/factories/FactoryWidePauseWindow.sol
FN:35,constructor
FN:46,getPauseConfiguration
FNF:2
FNH:0
FNDA:0,constructor
FNDA:0,getPauseConfiguration
DA:36,0
DA:47,0
DA:48,0
DA:52,0
DA:53,0
DA:58,0
DA:59,0
LF:7
LH:0
BRDA:48,1,0,0
BRDA:48,1,1,0
BRF:2
BRH:0
end_of_record
TN:
SF:/Users/lee/Code/Conflux-UMA/balancer-compile/contracts/balancer-core-v2/pools/IPriceOracle.sol
FNF:0
FNH:0
LF:0
LH:0
BRF:0
BRH:0
end_of_record
TN:
SF:/Users/lee/Code/Conflux-UMA/balancer-compile/contracts/balancer-core-v2/pools/oracle/Buffer.sol
FN:25,prev
FN:32,next
FN:39,add
FN:46,sub
FNF:4
FNH:0
FNDA:0,prev
FNDA:0,next
FNDA:0,add
FNDA:0,sub
DA:26,0
DA:33,0
DA:40,0
DA:47,0
LF:4
LH:0
BRF:0
BRH:0
end_of_record
TN:
SF:/Users/lee/Code/Conflux-UMA/balancer-compile/contracts/balancer-core-v2/pools/oracle/IWeightedPoolPriceOracle.sol
FNF:0
FNH:0
LF:0
LH:0
BRF:0
BRH:0
end_of_record
TN:
SF:/Users/lee/Code/Conflux-UMA/balancer-compile/contracts/balancer-core-v2/pools/oracle/PoolPriceOracle.sol
FN:48,getSample
FN:68,getTotalSamples
FN:81,_processPriceData
FN:105,_getInstantValue
FN:129,_getPastAccumulator
FN:201,_findNearestSample
FN:253,_getSample
FNF:7
FNH:0
FNDA:0,getSample
FNDA:0,getTotalSamples
FNDA:0,_processPriceData
FNDA:0,_getInstantValue
FNDA:0,_getPastAccumulator
FNDA:0,_findNearestSample
FNDA:0,_getSample
DA:62,0
DA:64,0
DA:65,0
DA:69,0
DA:89,0
DA:93,0
DA:94,0
DA:97,0
DA:99,0
DA:106,0
DA:107,0
DA:109,0
DA:135,0
DA:136,0
DA:138,0
DA:139,0
DA:142,0
DA:144,0
DA:150,0
DA:151,0
DA:157,0
DA:158,0
DA:160,0
DA:161,0
DA:165,0
DA:168,0
DA:172,0
DA:175,0
DA:177,0
DA:183,0
DA:184,0
DA:185,0
DA:189,0
DA:208,0
DA:209,0
DA:210,0
DA:215,0
DA:216,0
DA:218,0
DA:220,0
DA:223,0
DA:224,0
DA:225,0
DA:227,0
DA:229,0
DA:235,0
DA:239,0
DA:244,0
DA:254,0
LF:49
LH:0
BRDA:144,1,0,0
BRDA:144,1,1,0
BRDA:177,2,0,0
BRDA:177,2,1,0
BRDA:227,3,0,0
BRDA:227,3,1,0
BRDA:230,4,0,0
BRDA:230,4,1,0
BRF:8
BRH:0
end_of_record
TN:
SF:/Users/lee/Code/Conflux-UMA/balancer-compile/contracts/balancer-core-v2/pools/oracle/Samples.sol
FN:65,update
FN:95,instant
FN:109,accumulator
FN:123,timestamp
FN:130,_instLogPairPrice
FN:137,_accLogPairPrice
FN:144,_instLogBptPrice
FN:151,_accLogBptPrice
FN:158,_instLogInvariant
FN:165,_accLogInvariant
FN:172,pack
FN:194,unpack
FNF:12
FNH:0
FNDA:0,update
FNDA:0,instant
FNDA:0,accumulator
FNDA:0,timestamp
FNDA:0,_instLogPairPrice
FNDA:0,_accLogPairPrice
FNDA:0,_instLogBptPrice
FNDA:0,_accLogBptPrice
FNDA:0,_instLogInvariant
FNDA:0,_accLogInvariant
FNDA:0,pack
FNDA:0,unpack
DA:75,0
DA:76,0
DA:77,0
DA:78,0
DA:80,0
DA:96,0
DA:97,0
DA:99,0
DA:102,0
DA:110,0
DA:111,0
DA:113,0
DA:116,0
DA:124,0
DA:131,0
DA:138,0
DA:145,0
DA:152,0
DA:159,0
DA:166,0
DA:181,0
DA:207,0
DA:208,0
DA:209,0
DA:210,0
DA:211,0
DA:212,0
DA:213,0
LF:28
LH:0
BRDA:96,1,0,0
BRDA:96,1,1,0
BRDA:98,2,0,0
BRDA:98,2,1,0
BRDA:110,3,0,0
BRDA:110,3,1,0
BRDA:112,4,0,0
BRDA:112,4,1,0
BRF:8
BRH:0
end_of_record
TN:
SF:/Users/lee/Code/Conflux-UMA/balancer-compile/contracts/balancer-core-v2/pools/stable/StableMath.sol
FN:36,_calculateInvariant
FN:88,_calcOutGivenIn
FN:128,_calcInGivenOut
FN:179,_calcBptOutGivenExactTokensIn
FN:244,_calcTokenInGivenExactBptOut
FN:290,_calcBptInGivenExactTokensOut
FN:352,_calcTokenOutGivenExactBptIn
FN:390,_calcTokensOutGivenExactBptIn
FN:418,_calcDueTokenProtocolSwapFeeAmount
FN:457,_getTokenBalanceGivenInvariantAndAllOtherBalances
FNF:10
FNH:0
FNDA:0,_calculateInvariant
FNDA:0,_calcOutGivenIn
FNDA:0,_calcInGivenOut
FNDA:0,_calcBptOutGivenExactTokensIn
FNDA:0,_calcTokenInGivenExactBptOut
FNDA:0,_calcBptInGivenExactTokensOut
FNDA:0,_calcTokenOutGivenExactBptIn
FNDA:0,_calcTokensOutGivenExactBptIn
FNDA:0,_calcDueTokenProtocolSwapFeeAmount
FNDA:0,_getTokenBalanceGivenInvariantAndAllOtherBalances
DA:52,0
DA:53,0
DA:54,0
DA:55,0
DA:57,0
DA:58,0
DA:60,0
DA:61,0
DA:62,0
DA:64,0
DA:65,0
DA:66,0
DA:67,0
DA:69,0
DA:70,0
DA:75,0
DA:76,0
DA:77,0
DA:80,0
DA:83,0
DA:109,0
DA:111,0
DA:113,0
DA:120,0
DA:122,0
DA:149,0
DA:151,0
DA:153,0
DA:160,0
DA:162,0
DA:189,0
DA:193,0
DA:194,0
DA:195,0
DA:199,0
DA:201,0
DA:202,0
DA:203,0
DA:204,0
DA:205,0
DA:209,0
DA:210,0
DA:212,0
DA:216,0
DA:217,0
DA:219,0
DA:224,0
DA:226,0
DA:228,0
DA:232,0
DA:235,0
DA:255,0
DA:258,0
DA:262,0
DA:263,0
DA:264,0
DA:268,0
DA:274,0
DA:277,0
DA:278,0
DA:280,0
DA:282,0
DA:300,0
DA:304,0
DA:305,0
DA:306,0
DA:310,0
DA:311,0
DA:312,0
DA:313,0
DA:314,0
DA:315,0
DA:319,0
DA:320,0
DA:321,0
DA:324,0
DA:325,0
DA:327,0
DA:332,0
DA:334,0
DA:336,0
DA:340,0
DA:343,0
DA:361,0
DA:363,0
DA:367,0
DA:368,0
DA:369,0
DA:373,0
DA:379,0
DA:382,0
DA:383,0
DA:385,0
DA:387,0
DA:407,0
DA:409,0
DA:410,0
DA:411,0
DA:414,0
DA:439,0
DA:447,0
DA:450,0
DA:465,0
DA:466,0
DA:467,0
DA:468,0
DA:469,0
DA:470,0
DA:472,0
DA:474,0
DA:476,0
DA:478,0
DA:481,0
DA:484,0
DA:486,0
DA:487,0
DA:489,0
DA:493,0
DA:494,0
DA:495,0
DA:498,0
DA:501,0
LF:122
LH:0
BRDA:57,1,0,0
BRDA:57,1,1,0
BRDA:75,2,0,0
BRDA:75,2,1,0
BRDA:76,3,0,0
BRDA:76,3,1,0
BRDA:79,4,0,0
BRDA:79,4,1,0
BRDA:216,5,0,0
BRDA:216,5,1,0
BRDA:324,6,0,0
BRDA:324,6,1,0
BRDA:493,7,0,0
BRDA:493,7,1,0
BRDA:494,8,0,0
BRDA:494,8,1,0
BRDA:497,9,0,0
BRDA:497,9,1,0
BRF:18
BRH:0
end_of_record
TN:
SF:/Users/lee/Code/Conflux-UMA/balancer-compile/contracts/balancer-core-v2/pools/stable/StablePool.sol
FN:57,constructor
FN:67,getAmplificationParameter
FN:80,_onSwapGivenIn
FN:97,_onSwapGivenOut
FN:116,_onInitializePool
FN:146,_onJoinPool
FN:177,_doJoin
FN:193,_joinExactTokensInForBPTOut
FN:215,_joinTokenInForExactBPTOut
FN:241,_onExitPool
FN:284,_doExit
FN:304,_exitExactBPTInForTokenOut
FN:327,_exitExactBPTInForTokensOut
FN:346,_exitBPTInForExactTokensOut
FN:371,_getDueProtocolFeeAmounts
FN:411,_invariantAfterJoin
FN:419,_invariantAfterExit
FN:435,getRate
FNF:18
FNH:0
FNDA:0,constructor
FNDA:0,getAmplificationParameter
FNDA:0,_onSwapGivenIn
FNDA:0,_onSwapGivenOut
FNDA:0,_onInitializePool
FNDA:0,_onJoinPool
FNDA:0,_doJoin
FNDA:0,_joinExactTokensInForBPTOut
FNDA:0,_joinTokenInForExactBPTOut
FNDA:0,_onExitPool
FNDA:0,_doExit
FNDA:0,_exitExactBPTInForTokenOut
FNDA:0,_exitExactBPTInForTokensOut
FNDA:0,_exitBPTInForExactTokensOut
FNDA:0,_getDueProtocolFeeAmounts
FNDA:0,_invariantAfterJoin
FNDA:0,_invariantAfterExit
FNDA:0,getRate
DA:59,0
DA:60,0
DA:62,0
DA:64,0
DA:68,0
DA:81,0
DA:89,0
DA:98,0
DA:106,0
DA:117,0
DA:118,0
DA:120,0
DA:121,0
DA:122,0
DA:124,0
DA:125,0
DA:127,0
DA:129,0
DA:156,0
DA:164,0
DA:165,0
DA:168,0
DA:172,0
DA:174,0
DA:182,0
DA:184,0
DA:185,0
DA:187,0
DA:189,0
DA:198,0
DA:199,0
DA:200,0
DA:202,0
DA:210,0
DA:212,0
DA:220,0
DA:222,0
DA:233,0
DA:234,0
DA:236,0
DA:259,0
DA:263,0
DA:267,0
DA:268,0
DA:272,0
DA:275,0
DA:279,0
DA:281,0
DA:289,0
DA:291,0
DA:292,0
DA:294,0
DA:297,0
DA:308,0
DA:309,0
DA:310,0
DA:313,0
DA:315,0
DA:324,0
DA:336,0
DA:338,0
DA:340,0
DA:351,0
DA:352,0
DA:354,0
DA:356,0
DA:364,0
DA:366,0
DA:377,0
DA:380,0
DA:381,0
DA:389,0
DA:390,0
DA:391,0
DA:392,0
DA:393,0
DA:394,0
DA:395,0
DA:400,0
DA:408,0
DA:412,0
DA:413,0
DA:416,0
DA:424,0
DA:425,0
DA:428,0
DA:436,0
DA:437,0
LF:88
LH:0
BRDA:184,1,0,0
BRDA:184,1,1,0
BRDA:186,2,0,0
BRDA:186,2,1,0
BRDA:259,3,0,0
BRDA:259,3,1,0
BRDA:291,4,0,0
BRDA:291,4,1,0
BRDA:293,5,0,0
BRDA:293,5,1,0
BRDA:380,6,0,0
BRDA:380,6,1,0
BRDA:393,7,0,0
BRDA:393,7,1,0
BRF:14
BRH:0
end_of_record
TN:
SF:/Users/lee/Code/Conflux-UMA/balancer-compile/contracts/balancer-core-v2/pools/stable/StablePoolFactory.sol
FN:26,constructor
FN:33,create
FNF:2
FNH:0
FNDA:0,constructor
FNDA:0,create
DA:41,0
DA:43,0
DA:56,0
DA:57,0
LF:4
LH:0
BRF:0
BRH:0
end_of_record
TN:
SF:/Users/lee/Code/Conflux-UMA/balancer-compile/contracts/balancer-core-v2/pools/stable/StablePoolUserDataHelpers.sol
FN:22,joinKind
FN:26,exitKind
FN:30,initialAmountsIn
FN:34,exactTokensInForBptOut
FN:42,tokenInForExactBptOut
FN:46,exactBptInForTokenOut
FN:50,exactBptInForTokensOut
FN:54,bptInForExactTokensOut
FNF:8
FNH:0
FNDA:0,joinKind
FNDA:0,exitKind
FNDA:0,initialAmountsIn
FNDA:0,exactTokensInForBptOut
FNDA:0,tokenInForExactBptOut
FNDA:0,exactBptInForTokenOut
FNDA:0,exactBptInForTokensOut
FNDA:0,bptInForExactTokensOut
DA:23,0
DA:27,0
DA:31,0
DA:39,0
DA:43,0
DA:47,0
DA:51,0
DA:59,0
LF:8
LH:0
BRF:0
BRH:0
end_of_record
TN:
SF:/Users/lee/Code/Conflux-UMA/balancer-compile/contracts/balancer-core-v2/pools/weighted/WeightedMath.sol
FN:47,_calculateInvariant
FN:69,_calcOutGivenIn
FN:104,_calcInGivenOut
FN:140,_calcBptOutGivenExactTokensIn
FN:181,_calcTokenInGivenExactBptOut
FN:217,_calcBptInGivenExactTokensOut
FN:258,_calcTokenOutGivenExactBptIn
FN:299,_calcTokensOutGivenExactBptIn
FN:326,_calcDueTokenProtocolSwapFeeAmount
FNF:9
FNH:0
FNDA:0,_calculateInvariant
FNDA:0,_calcOutGivenIn
FNDA:0,_calcInGivenOut
FNDA:0,_calcBptOutGivenExactTokensIn
FNDA:0,_calcTokenInGivenExactBptOut
FNDA:0,_calcBptInGivenExactTokensOut
FNDA:0,_calcTokenOutGivenExactBptIn
FNDA:0,_calcTokensOutGivenExactBptIn
FNDA:0,_calcDueTokenProtocolSwapFeeAmount
DA:59,0
DA:60,0
DA:61,0
DA:64,0
DA:92,0
DA:94,0
DA:95,0
DA:96,0
DA:97,0
DA:99,0
DA:127,0
DA:129,0
DA:130,0
DA:131,0
DA:135,0
DA:137,0
DA:149,0
DA:151,0
DA:152,0
DA:153,0
DA:154,0
DA:157,0
DA:158,0
DA:159,0
DA:161,0
DA:162,0
DA:163,0
DA:164,0
DA:166,0
DA:169,0
DA:171,0
DA:174,0
DA:175,0
DA:177,0
DA:200,0
DA:201,0
DA:204,0
DA:206,0
DA:210,0
DA:211,0
DA:212,0
DA:214,0
DA:226,0
DA:227,0
DA:228,0
DA:229,0
DA:230,0
DA:235,0
DA:236,0
DA:240,0
DA:241,0
DA:242,0
DA:243,0
DA:245,0
DA:247,0
DA:250,0
DA:252,0
DA:255,0
DA:278,0
DA:279,0
DA:282,0
DA:285,0
DA:289,0
DA:293,0
DA:294,0
DA:296,0
DA:316,0
DA:318,0
DA:319,0
DA:320,0
DA:323,0
DA:337,0
DA:340,0
DA:349,0
DA:350,0
DA:355,0
DA:357,0
DA:359,0
DA:360,0
LF:79
LH:0
BRDA:161,1,0,0
BRDA:161,1,1,0
BRDA:174,2,0,0
BRDA:174,2,1,0
BRDA:241,3,0,0
BRDA:241,3,1,0
BRDA:337,4,0,0
BRDA:337,4,1,0
BRF:8
BRH:0
end_of_record
TN:
SF:/Users/lee/Code/Conflux-UMA/balancer-compile/contracts/balancer-core-v2/pools/weighted/WeightedOracleMath.sol
FN:35,_calcLogSpotPrice
FN:56,_calcLogBPTPrice
FN:86,_toLowResLog
FN:98,_fromLowResLog
FNF:4
FNH:0
FNDA:0,_calcLogSpotPrice
FNDA:0,_calcLogBPTPrice
FNDA:0,_toLowResLog
FNDA:0,_fromLowResLog
DA:46,0
DA:47,0
DA:68,0
DA:72,0
DA:87,0
DA:90,0
DA:99,0
LF:7
LH:0
BRF:0
BRH:0
end_of_record
TN:
SF:/Users/lee/Code/Conflux-UMA/balancer-compile/contracts/balancer-core-v2/pools/weighted/WeightedPool.sol
FN:76,constructor
FN:114,_normalizedWeight
FN:129,_normalizedWeights
FN:148,getLastInvariant
FN:155,getInvariant
FN:166,getNormalizedWeights
FN:178,_onSwapGivenIn
FN:195,_onSwapGivenOut
FN:215,_onInitializePool
FN:253,_onJoinPool
FN:288,_doJoin
FN:304,_joinExactTokensInForBPTOut
FN:327,_joinTokenInForExactBPTOut
FN:351,_onExitPool
FN:404,_doExit
FN:425,_exitExactBPTInForTokenOut
FN:448,_exitExactBPTInForTokensOut
FN:469,_exitBPTInForExactTokensOut
FN:490,_getDueProtocolFeeAmounts
FN:522,_invariantAfterJoin
FN:531,_invariantAfterExit
FN:545,_mutateAmounts
FN:559,getRate
FNF:23
FNH:0
FNDA:0,constructor
FNDA:0,_normalizedWeight
FNDA:0,_normalizedWeights
FNDA:0,getLastInvariant
FNDA:0,getInvariant
FNDA:0,getNormalizedWeights
FNDA:0,_onSwapGivenIn
FNDA:0,_onSwapGivenOut
FNDA:0,_onInitializePool
FNDA:0,_onJoinPool
FNDA:0,_doJoin
FNDA:0,_joinExactTokensInForBPTOut
FNDA:0,_joinTokenInForExactBPTOut
FNDA:0,_onExitPool
FNDA:0,_doExit
FNDA:0,_exitExactBPTInForTokenOut
FNDA:0,_exitExactBPTInForTokensOut
FNDA:0,_exitBPTInForExactTokensOut
FNDA:0,_getDueProtocolFeeAmounts
FNDA:0,_invariantAfterJoin
FNDA:0,_invariantAfterExit
FNDA:0,_mutateAmounts
FNDA:0,getRate
DA:79,0
DA:80,0
DA:81,0
DA:83,0
DA:84,0
DA:87,0
DA:88,0
DA:89,0
DA:90,0
DA:91,0
DA:92,0
DA:94,0
DA:95,0
DA:96,0
DA:97,0
DA:101,0
DA:103,0
DA:104,0
DA:105,0
DA:106,0
DA:107,0
DA:108,0
DA:109,0
DA:110,0
DA:111,0
DA:116,0
DA:125,0
DA:130,0
DA:131,0
DA:134,0
DA:135,0
DA:136,0
DA:137,0
DA:138,0
DA:139,0
DA:140,0
DA:141,0
DA:142,0
DA:145,0
DA:149,0
DA:156,0
DA:160,0
DA:162,0
DA:163,0
DA:167,0
DA:181,0
DA:198,0
DA:219,0
DA:220,0
DA:222,0
DA:223,0
DA:224,0
DA:226,0
DA:228,0
DA:232,0
DA:234,0
DA:236,0
DA:262,0
DA:267,0
DA:269,0
DA:278,0
DA:279,0
DA:283,0
DA:285,0
DA:293,0
DA:295,0
DA:296,0
DA:298,0
DA:300,0
DA:309,0
DA:310,0
DA:312,0
DA:314,0
DA:322,0
DA:324,0
DA:332,0
DA:335,0
DA:337,0
DA:338,0
DA:346,0
DA:372,0
DA:374,0
DA:378,0
DA:379,0
DA:388,0
DA:392,0
DA:395,0
DA:399,0
DA:401,0
DA:409,0
DA:411,0
DA:412,0
DA:414,0
DA:417,0
DA:428,0
DA:431,0
DA:434,0
DA:437,0
DA:445,0
DA:458,0
DA:461,0
DA:462,0
DA:472,0
DA:473,0
DA:474,0
DA:476,0
DA:483,0
DA:485,0
DA:498,0
DA:501,0
DA:502,0
DA:507,0
DA:515,0
DA:527,0
DA:528,0
DA:536,0
DA:537,0
DA:550,0
DA:551,0
DA:561,0
LF:120
LH:0
BRDA:95,1,0,0
BRDA:95,1,1,0
BRDA:116,2,0,0
BRDA:116,2,1,0
BRDA:117,3,0,0
BRDA:117,3,1,0
BRDA:118,4,0,0
BRDA:118,4,1,0
BRDA:119,5,0,0
BRDA:119,5,1,0
BRDA:120,6,0,0
BRDA:120,6,1,0
BRDA:121,7,0,0
BRDA:121,7,1,0
BRDA:122,8,0,0
BRDA:122,8,1,0
BRDA:123,9,0,0
BRDA:123,9,1,0
BRDA:135,10,0,0
BRDA:135,10,1,0
BRDA:136,11,0,0
BRDA:136,11,1,0
BRDA:137,12,0,0
BRDA:137,12,1,0
BRDA:138,13,0,0
BRDA:138,13,1,0
BRDA:139,14,0,0
BRDA:139,14,1,0
BRDA:140,15,0,0
BRDA:140,15,1,0
BRDA:141,16,0,0
BRDA:141,16,1,0
BRDA:142,17,0,0
BRDA:142,17,1,0
BRDA:295,18,0,0
BRDA:295,18,1,0
BRDA:297,19,0,0
BRDA:297,19,1,0
BRDA:374,20,0,0
BRDA:374,20,1,0
BRDA:411,21,0,0
BRDA:411,21,1,0
BRDA:413,22,0,0
BRDA:413,22,1,0
BRDA:501,23,0,0
BRDA:501,23,1,0
BRF:46
BRH:0
end_of_record
TN:
SF:/Users/lee/Code/Conflux-UMA/balancer-compile/contracts/balancer-core-v2/pools/weighted/WeightedPool2Tokens.sol
FN:81,onlyVault
FN:111,constructor
FN:149,getVault
FN:153,getPoolId
FN:157,getMiscData
FN:178,getSwapFeePercentage
FN:183,setSwapFeePercentage
FN:187,_setSwapFeePercentage
FN:201,enableOracle
FN:210,_setOracleEnabled
FN:216,setPaused
FN:220,getNormalizedWeights
FN:224,_normalizedWeights
FN:231,_normalizedWeights
FN:235,getLastInvariant
FN:242,getInvariant
FN:259,onSwap
FN:315,_onSwapGivenIn
FN:333,_onSwapGivenOut
FN:366,onJoinPool
FN:431,_onInitializePool
FN:474,_onJoinPool
FN:517,_doJoin
FN:533,_joinExactTokensInForBPTOut
FN:556,_joinTokenInForExactBPTOut
FN:588,onExitPool
FN:635,_onExitPool
FN:690,_doExit
FN:711,_exitExactBPTInForTokenOut
FN:734,_exitExactBPTInForTokensOut
FN:755,_exitBPTInForExactTokensOut
FN:776,getLargestSafeQueryWindow
FN:780,getLatest
FN:785,getTimeWeightedAverage
FN:806,getPastAccumulators
FN:828,_updateOracle
FN:876,_cacheInvariantAndSupply
FN:897,queryJoin
FN:935,queryExit
FN:965,_getDueProtocolFeeAmounts
FN:998,_mutateAmounts
FN:1011,getRate
FN:1022,_computeScalingFactor
FN:1035,_scalingFactor
FN:1043,_upscale
FN:1051,_upscaleArray
FN:1060,_downscaleDown
FN:1068,_downscaleDownArray
FN:1077,_downscaleUp
FN:1085,_downscaleUpArray
FN:1090,_getAuthorizer
FN:1098,_queryAction
FNF:52
FNH:0
FNDA:0,onlyVault
FNDA:0,constructor
FNDA:0,getVault
FNDA:0,getPoolId
FNDA:0,getMiscData
FNDA:0,getSwapFeePercentage
FNDA:0,setSwapFeePercentage
FNDA:0,_setSwapFeePercentage
FNDA:0,enableOracle
FNDA:0,_setOracleEnabled
FNDA:0,setPaused
FNDA:0,getNormalizedWeights
FNDA:0,_normalizedWeights
FNDA:0,_normalizedWeights
FNDA:0,getLastInvariant
FNDA:0,getInvariant
FNDA:0,onSwap
FNDA:0,_onSwapGivenIn
FNDA:0,_onSwapGivenOut
FNDA:0,onJoinPool
FNDA:0,_onInitializePool
FNDA:0,_onJoinPool
FNDA:0,_doJoin
FNDA:0,_joinExactTokensInForBPTOut
FNDA:0,_joinTokenInForExactBPTOut
FNDA:0,onExitPool
FNDA:0,_onExitPool
FNDA:0,_doExit
FNDA:0,_exitExactBPTInForTokenOut
FNDA:0,_exitExactBPTInForTokensOut
FNDA:0,_exitBPTInForExactTokensOut
FNDA:0,getLargestSafeQueryWindow
FNDA:0,getLatest
FNDA:0,getTimeWeightedAverage
FNDA:0,getPastAccumulators
FNDA:0,_updateOracle
FNDA:0,_cacheInvariantAndSupply
FNDA:0,queryJoin
FNDA:0,queryExit
FNDA:0,_getDueProtocolFeeAmounts
FNDA:0,_mutateAmounts
FNDA:0,getRate
FNDA:0,_computeScalingFactor
FNDA:0,_scalingFactor
FNDA:0,_upscale
FNDA:0,_upscaleArray
FNDA:0,_downscaleDown
FNDA:0,_downscaleDownArray
FNDA:0,_downscaleUp
FNDA:0,_downscaleUpArray
FNDA:0,_getAuthorizer
FNDA:0,_queryAction
DA:82,0
DA:83,0
DA:84,0
DA:113,0
DA:114,0
DA:116,0
DA:119,0
DA:120,0
DA:121,0
DA:122,0
DA:125,0
DA:126,0
DA:128,0
DA:129,0
DA:131,0
DA:132,0
DA:135,0
DA:136,0
DA:139,0
DA:140,0
DA:142,0
DA:143,0
DA:144,0
DA:150,0
DA:154,0
DA:169,0
DA:170,0
DA:171,0
DA:172,0
DA:173,0
DA:174,0
DA:175,0
DA:179,0
DA:184,0
DA:188,0
DA:189,0
DA:191,0
DA:192,0
DA:202,0
DA:205,0
DA:206,0
DA:211,0
DA:212,0
DA:217,0
DA:221,0
DA:225,0
DA:226,0
DA:227,0
DA:228,0
DA:232,0
DA:236,0
DA:243,0
DA:247,0
DA:249,0
DA:250,0
DA:260,0
DA:262,0
DA:263,0
DA:265,0
DA:266,0
DA:269,0
DA:270,0
DA:273,0
DA:279,0
DA:282,0
DA:283,0
DA:285,0
DA:294,0
DA:296,0
DA:298,0
DA:307,0
DA:311,0
DA:323,0
DA:341,0
DA:371,0
DA:372,0
DA:373,0
DA:378,0
DA:379,0
DA:380,0
DA:383,0
DA:386,0
DA:388,0
DA:391,0
DA:393,0
DA:405,0
DA:408,0
DA:410,0
DA:415,0
DA:437,0
DA:438,0
DA:440,0
DA:441,0
DA:442,0
DA:444,0
DA:446,0
DA:450,0
DA:452,0
DA:454,0
DA:490,0
DA:495,0
DA:497,0
DA:506,0
DA:507,0
DA:511,0
DA:512,0
DA:514,0
DA:522,0
DA:524,0
DA:525,0
DA:527,0
DA:529,0
DA:538,0
DA:539,0
DA:541,0
DA:543,0
DA:551,0
DA:553,0
DA:561,0
DA:564,0
DA:566,0
DA:567,0
DA:575,0
DA:589,0
DA:591,0
DA:603,0
DA:606,0
DA:607,0
DA:611,0
DA:612,0
DA:615,0
DA:654,0
DA:656,0
DA:658,0
DA:663,0
DA:664,0
DA:673,0
DA:677,0
DA:680,0
DA:684,0
DA:685,0
DA:687,0
DA:695,0
DA:697,0
DA:698,0
DA:700,0
DA:703,0
DA:714,0
DA:717,0
DA:720,0
DA:723,0
DA:731,0
DA:744,0
DA:747,0
DA:748,0
DA:758,0
DA:759,0
DA:760,0
DA:762,0
DA:769,0
DA:771,0
DA:777,0
DA:781,0
DA:782,0
DA:791,0
DA:793,0
DA:795,0
DA:796,0
DA:797,0
DA:798,0
DA:800,0
DA:801,0
DA:802,0
DA:812,0
DA:814,0
DA:816,0
DA:817,0
DA:818,0
DA:819,0
DA:833,0
DA:834,0
DA:835,0
DA:842,0
DA:848,0
DA:849,0
DA:850,0
DA:858,0
DA:860,0
DA:861,0
DA:862,0
DA:877,0
DA:878,0
DA:879,0
DA:880,0
DA:881,0
DA:906,0
DA:908,0
DA:922,0
DA:944,0
DA:946,0
DA:960,0
DA:973,0
DA:976,0
DA:977,0
DA:982,0
DA:990,0
DA:1003,0
DA:1004,0
DA:1013,0
DA:1024,0
DA:1027,0
DA:1028,0
DA:1036,0
DA:1044,0
DA:1052,0
DA:1053,0
DA:1061,0
DA:1069,0
DA:1070,0
DA:1078,0
DA:1086,0
DA:1087,0
DA:1095,0
DA:1114,0
DA:1119,0
DA:1122,0
DA:1179,0
DA:1181,0
DA:1191,0
DA:1194,0
LF:230
LH:0
BRDA:205,1,0,0
BRDA:205,1,1,0
BRDA:279,2,0,0
BRDA:279,2,1,0
BRDA:372,3,0,0
BRDA:372,3,1,0
BRDA:524,4,0,0
BRDA:524,4,1,0
BRDA:526,5,0,0
BRDA:526,5,1,0
BRDA:611,6,0,0
BRDA:611,6,1,0
BRDA:656,7,0,0
BRDA:656,7,1,0
BRDA:697,8,0,0
BRDA:697,8,1,0
BRDA:699,9,0,0
BRDA:699,9,1,0
BRDA:834,10,0,0
BRDA:834,10,1,0
BRDA:858,11,0,0
BRDA:858,11,1,0
BRDA:878,12,0,0
BRDA:878,12,1,0
BRDA:976,13,0,0
BRDA:976,13,1,0
BRDA:1114,14,0,0
BRDA:1114,14,1,0
BRF:28
BRH:0
end_of_record
TN:
SF:/Users/lee/Code/Conflux-UMA/balancer-compile/contracts/balancer-core-v2/pools/weighted/WeightedPool2TokensFactory.sol
FN:26,constructor
FN:33,create
FNF:2
FNH:0
FNDA:0,constructor
FNDA:0,create
DA:43,0
DA:45,0
DA:60,0
DA:61,0
DA:62,0
LF:5
LH:0
BRF:0
BRH:0
end_of_record
TN:
SF:/Users/lee/Code/Conflux-UMA/balancer-compile/contracts/balancer-core-v2/pools/weighted/WeightedPool2TokensMiscData.sol
FN:50,logInvariant
FN:57,logTotalSupply
FN:64,oracleSampleCreationTimestamp
FN:71,oracleIndex
FN:78,oracleEnabled
FN:85,swapFeePercentage
FN:92,setLogInvariant
FN:99,setLogTotalSupply
FN:106,setOracleSampleCreationTimestamp
FN:113,setOracleIndex
FN:120,setOracleEnabled
FN:127,setSwapFeePercentage
FNF:12
FNH:0
FNDA:0,logInvariant
FNDA:0,logTotalSupply
FNDA:0,oracleSampleCreationTimestamp
FNDA:0,oracleIndex
FNDA:0,oracleEnabled
FNDA:0,swapFeePercentage
FNDA:0,setLogInvariant
FNDA:0,setLogTotalSupply
FNDA:0,setOracleSampleCreationTimestamp
FNDA:0,setOracleIndex
FNDA:0,setOracleEnabled
FNDA:0,setSwapFeePercentage
DA:51,0
DA:58,0
DA:65,0
DA:72,0
DA:79,0
DA:86,0
DA:93,0
DA:100,0
DA:107,0
DA:114,0
DA:121,0
DA:128,0
LF:12
LH:0
BRF:0
BRH:0
end_of_record
TN:
SF:/Users/lee/Code/Conflux-UMA/balancer-compile/contracts/balancer-core-v2/pools/weighted/WeightedPoolFactory.sol
FN:30,constructor
FN:41,create
FNF:2
FNH:0
FNDA:0,constructor
FNDA:0,create
DA:33,0
DA:34,0
DA:35,0
DA:49,0
DA:51,0
DA:64,0
DA:65,0
LF:7
LH:0
BRF:0
BRH:0
end_of_record
TN:
SF:/Users/lee/Code/Conflux-UMA/balancer-compile/contracts/balancer-core-v2/pools/weighted/WeightedPoolUserDataHelpers.sol
FN:22,joinKind
FN:26,exitKind
FN:32,initialAmountsIn
FN:36,exactTokensInForBptOut
FN:44,tokenInForExactBptOut
FN:50,exactBptInForTokenOut
FN:54,exactBptInForTokensOut
FN:58,bptInForExactTokensOut
FNF:8
FNH:0
FNDA:0,joinKind
FNDA:0,exitKind
FNDA:0,initialAmountsIn
FNDA:0,exactTokensInForBptOut
FNDA:0,tokenInForExactBptOut
FNDA:0,exactBptInForTokenOut
FNDA:0,exactBptInForTokensOut
FNDA:0,bptInForExactTokensOut
DA:23,0
DA:27,0
DA:33,0
DA:41,0
DA:45,0
DA:51,0
DA:55,0
DA:63,0
LF:8
LH:0
BRF:0
BRH:0
end_of_record
TN:
SF:/Users/lee/Code/Conflux-UMA/balancer-compile/contracts/balancer-core-v2/test/BalanceAllocationMock.sol
FN:22,total
FN:26,totals
FN:30,cash
FN:34,managed
FN:38,lastChangeBlock
FN:42,isNotZero
FN:46,isZero
FN:50,toBalance
FN:58,increaseCash
FN:62,decreaseCash
FN:66,cashToManaged
FN:70,managedToCash
FN:74,setManaged
FN:78,fromSharedToBalanceA
FN:82,fromSharedToBalanceB
FN:86,toSharedCash
FN:90,toSharedManaged
FNF:17
FNH:0
FNDA:0,total
FNDA:0,totals
FNDA:0,cash
FNDA:0,managed
FNDA:0,lastChangeBlock
FNDA:0,isNotZero
FNDA:0,isZero
FNDA:0,toBalance
FNDA:0,increaseCash
FNDA:0,decreaseCash
FNDA:0,cashToManaged
FNDA:0,managedToCash
FNDA:0,setManaged
FNDA:0,fromSharedToBalanceA
FNDA:0,fromSharedToBalanceB
FNDA:0,toSharedCash
FNDA:0,toSharedManaged
DA:23,0
DA:27,0
DA:31,0
DA:35,0
DA:39,0
DA:43,0
DA:47,0
DA:55,0
DA:59,0
DA:63,0
DA:67,0
DA:71,0
DA:75,0
DA:79,0
DA:83,0
DA:87,0
DA:91,0
LF:17
LH:0
BRF:0
BRH:0
end_of_record
TN:
SF:/Users/lee/Code/Conflux-UMA/balancer-compile/contracts/balancer-core-v2/test/EthForceSender.sol
FN:18,constructor
FNF:1
FNH:0
FNDA:0,constructor
DA:19,0
LF:1
LH:0
BRF:0
BRH:0
end_of_record
TN:
SF:/Users/lee/Code/Conflux-UMA/balancer-compile/contracts/balancer-core-v2/test/lib/BalancerErrorsMock.sol
FN:20,fail
FNF:1
FNH:0
FNDA:0,fail
DA:21,0
LF:1
LH:0
BRF:0
BRH:0
end_of_record
TN:
SF:/Users/lee/Code/Conflux-UMA/balancer-compile/contracts/balancer-core-v2/test/lib/EnumerableMapMock.sol
FN:17,contains
FN:21,set
FN:26,unchecked_indexOf
FN:30,unchecked_setAt
FN:34,remove
FN:39,length
FN:43,at
FN:47,unchecked_at
FN:51,unchecked_valueAt
FN:55,get
FNF:10
FNH:0
FNDA:0,contains
FNDA:0,set
FNDA:0,unchecked_indexOf
FNDA:0,unchecked_setAt
FNDA:0,remove
FNDA:0,length
FNDA:0,at
FNDA:0,unchecked_at
FNDA:0,unchecked_valueAt
FNDA:0,get
DA:18,0
DA:22,0
DA:23,0
DA:27,0
DA:31,0
DA:35,0
DA:36,0
DA:40,0
DA:44,0
DA:48,0
DA:52,0
DA:56,0
LF:12
LH:0
BRF:0
BRH:0
end_of_record
TN:
SF:/Users/lee/Code/Conflux-UMA/balancer-compile/contracts/balancer-core-v2/test/lib/ReentrancyAttack.sol
FN:6,callSender
FNF:1
FNH:0
FNDA:0,callSender
DA:8,0
DA:9,0
LF:2
LH:0
BRDA:9,1,0,0
BRDA:9,1,1,0
BRF:2
BRH:0
end_of_record
TN:
SF:/Users/lee/Code/Conflux-UMA/balancer-compile/contracts/balancer-core-v2/test/lib/ReentrancyMock.sol
FN:11,constructor
FN:15,callback
FN:19,countLocalRecursive
FN:26,countThisRecursive
FN:35,countAndCall
FN:41,_count
FNF:6
FNH:0
FNDA:0,constructor
FNDA:0,callback
FNDA:0,countLocalRecursive
FNDA:0,countThisRecursive
FNDA:0,countAndCall
FNDA:0,_count
DA:12,0
DA:16,0
DA:20,0
DA:21,0
DA:22,0
DA:27,0
DA:28,0
DA:30,0
DA:31,0
DA:36,0
DA:37,0
DA:38,0
DA:42,0
LF:13
LH:0
BRDA:20,1,0,0
BRDA:20,1,1,0
BRDA:27,2,0,0
BRDA:27,2,1,0
BRDA:31,3,0,0
BRDA:31,3,1,0
BRF:6
BRH:0
end_of_record
TN:
SF:/Users/lee/Code/Conflux-UMA/balancer-compile/contracts/balancer-core-v2/test/lib/SignaturesValidatorMock.sol
FN:15,constructor
FN:19,decodeCalldata
FN:23,authenticateCall
FN:29,anotherFunction
FN:33,increaseNonce
FN:37,_decodeCalldata
FN:42,_typeHash
FNF:7
FNH:0
FNDA:0,constructor
FNDA:0,decodeCalldata
FNDA:0,authenticateCall
FNDA:0,anotherFunction
FNDA:0,increaseNonce
FNDA:0,_decodeCalldata
FNDA:0,_typeHash
DA:20,0
DA:24,0
DA:25,0
DA:26,0
DA:34,0
DA:38,0
DA:39,0
DA:43,0
LF:8
LH:0
BRF:0
BRH:0
end_of_record
TN:
SF:/Users/lee/Code/Conflux-UMA/balancer-compile/contracts/balancer-core-v2/test/lib/TemporarilyPausableMock.sol
FN:21,constructor
FN:24,setPaused
FNF:2
FNH:0
FNDA:0,constructor
FNDA:0,setPaused
DA:25,0
LF:1
LH:0
BRF:0
BRH:0
end_of_record
TN:
SF:/Users/lee/Code/Conflux-UMA/balancer-compile/contracts/balancer-core-v2/test/MockAssetTransfersHandler.sol
FN:30,constructor
FN:32,receiveAsset
FN:41,sendAsset
FN:50,getInternalBalance
FN:54,depositToInternalBalance
FN:63,_increaseInternalBalance
FN:71,_decreaseInternalBalance
FNF:7
FNH:0
FNDA:0,constructor
FNDA:0,receiveAsset
FNDA:0,sendAsset
FNDA:0,getInternalBalance
FNDA:0,depositToInternalBalance
FNDA:0,_increaseInternalBalance
FNDA:0,_decreaseInternalBalance
DA:38,0
DA:47,0
DA:51,0
DA:59,0
DA:60,0
DA:68,0
DA:77,0
DA:78,0
DA:79,0
LF:9
LH:0
BRF:0
BRH:0
end_of_record
TN:
SF:/Users/lee/Code/Conflux-UMA/balancer-compile/contracts/balancer-core-v2/test/MockBalancerPoolToken.sol
FN:20,constructor
FN:22,mint
FN:26,burn
FNF:3
FNH:0
FNDA:0,constructor
FNDA:0,mint
FNDA:0,burn
DA:23,0
DA:27,0
LF:2
LH:0
BRF:0
BRH:0
end_of_record
TN:
SF:/Users/lee/Code/Conflux-UMA/balancer-compile/contracts/balancer-core-v2/test/MockBasePool.sol
FN:42,constructor
FN:45,_onInitializePool
FN:52,_onJoinPool
FN:70,_onExitPool
FNF:4
FNH:0
FNDA:0,constructor
FNDA:0,_onInitializePool
FNDA:0,_onJoinPool
FNDA:0,_onExitPool
LF:0
LH:0
BRF:0
BRH:0
end_of_record
TN:
SF:/Users/lee/Code/Conflux-UMA/balancer-compile/contracts/balancer-core-v2/test/MockFlashLoanRecipient.sol
FN:35,constructor
FN:42,setRepayLoan
FN:46,setRepayInExcess
FN:50,setReenter
FN:55,receiveFlashLoan
FNF:5
FNH:0
FNDA:0,constructor
FNDA:0,setRepayLoan
FNDA:0,setRepayInExcess
FNDA:0,setReenter
FNDA:0,receiveFlashLoan
DA:36,0
DA:37,0
DA:38,0
DA:39,0
DA:43,0
DA:47,0
DA:51,0
DA:61,0
DA:62,0
DA:63,0
DA:64,0
DA:66,0
DA:68,0
DA:69,0
DA:72,0
DA:74,0
DA:76,0
DA:77,0
DA:79,0
DA:82,0
LF:20
LH:0
BRDA:66,1,0,0
BRDA:66,1,1,0
BRDA:68,2,0,0
BRDA:68,2,1,0
BRDA:76,3,0,0
BRDA:76,3,1,0
BRDA:78,4,0,0
BRDA:78,4,1,0
BRF:8
BRH:0
end_of_record
TN:
SF:/Users/lee/Code/Conflux-UMA/balancer-compile/contracts/balancer-core-v2/test/MockInternalBalanceRelayer.sol
FN:26,constructor
FN:30,depositAndWithdraw
FN:56,_buildUserBalanceOp
FNF:3
FNH:0
FNDA:0,constructor
FNDA:0,depositAndWithdraw
FNDA:0,_buildUserBalanceOp
DA:27,0
DA:36,0
DA:37,0
DA:38,0
DA:44,0
DA:46,0
DA:52,0
DA:62,0
DA:63,0
LF:9
LH:0
BRF:0
BRH:0
end_of_record
TN:
SF:/Users/lee/Code/Conflux-UMA/balancer-compile/contracts/balancer-core-v2/test/MockPool.sol
FN:31,constructor
FN:36,getVault
FN:40,getPoolId
FN:44,registerTokens
FN:48,deregisterTokens
FN:72,onJoinPool
FN:94,onExitPool
FN:119,setMultiplier
FN:124,onSwap
FN:137,onSwap
FNF:10
FNH:0
FNDA:0,constructor
FNDA:0,getVault
FNDA:0,getPoolId
FNDA:0,registerTokens
FNDA:0,deregisterTokens
FNDA:0,onJoinPool
FNDA:0,onExitPool
FNDA:0,setMultiplier
FNDA:0,onSwap
FNDA:0,onSwap
DA:32,0
DA:33,0
DA:37,0
DA:41,0
DA:45,0
DA:49,0
DA:81,0
DA:91,0
DA:103,0
DA:113,0
DA:120,0
DA:130,0
DA:142,0
LF:13
LH:0
BRF:0
BRH:0
end_of_record
TN:
SF:/Users/lee/Code/Conflux-UMA/balancer-compile/contracts/balancer-core-v2/test/MockPoolFactory.sol
FN:23,getPoolId
FN:29,constructor
FN:33,create
FNF:3
FNH:0
FNDA:0,getPoolId
FNDA:0,constructor
FNDA:0,create
DA:24,0
DA:34,0
DA:35,0
DA:36,0
LF:4
LH:0
BRF:0
BRH:0
end_of_record
TN:
SF:/Users/lee/Code/Conflux-UMA/balancer-compile/contracts/balancer-core-v2/test/MockStableMath.sol
FN:20,invariant
FN:24,outGivenIn
FN:34,inGivenOut
FN:44,exactTokensInForBPTOut
FN:54,tokenInForExactBPTOut
FN:65,exactBPTInForTokenOut
FN:76,exactBPTInForTokensOut
FN:84,bptInForExactTokensOut
FN:94,calculateDueTokenProtocolSwapFeeAmount
FNF:9
FNH:0
FNDA:0,invariant
FNDA:0,outGivenIn
FNDA:0,inGivenOut
FNDA:0,exactTokensInForBPTOut
FNDA:0,tokenInForExactBPTOut
FNDA:0,exactBPTInForTokenOut
FNDA:0,exactBPTInForTokensOut
FNDA:0,bptInForExactTokensOut
FNDA:0,calculateDueTokenProtocolSwapFeeAmount
DA:21,0
DA:31,0
DA:41,0
DA:51,0
DA:62,0
DA:73,0
DA:81,0
DA:91,0
DA:101,0
LF:9
LH:0
BRF:0
BRH:0
end_of_record
TN:
SF:/Users/lee/Code/Conflux-UMA/balancer-compile/contracts/balancer-core-v2/test/MockVault.sol
FN:44,constructor
FN:48,getAuthorizer
FN:52,getPoolTokens
FN:63,registerPool
FN:67,registerTokens
FN:78,callMinimalPoolSwap
FN:83,callJoinPool
FN:116,callExitPool
FNF:8
FNH:0
FNDA:0,constructor
FNDA:0,getAuthorizer
FNDA:0,getPoolTokens
FNDA:0,registerPool
FNDA:0,registerTokens
FNDA:0,callMinimalPoolSwap
FNDA:0,callJoinPool
FNDA:0,callExitPool
DA:45,0
DA:49,0
DA:53,0
DA:54,0
DA:55,0
DA:57,0
DA:58,0
DA:59,0
DA:72,0
DA:73,0
DA:74,0
DA:79,0
DA:80,0
DA:92,0
DA:102,0
DA:103,0
DA:104,0
DA:107,0
DA:108,0
DA:109,0
DA:110,0
DA:113,0
DA:125,0
DA:135,0
DA:136,0
DA:137,0
DA:140,0
DA:141,0
DA:142,0
DA:143,0
DA:146,0
LF:31
LH:0
BRF:0
BRH:0
end_of_record
TN:
SF:/Users/lee/Code/Conflux-UMA/balancer-compile/contracts/balancer-core-v2/test/MockWeightedMath.sol
FN:20,invariant
FN:24,outGivenIn
FN:34,inGivenOut
FN:44,exactTokensInForBPTOut
FN:54,tokenInForExactBPTOut
FN:64,exactBPTInForTokenOut
FN:74,exactBPTInForTokensOut
FN:82,bptInForExactTokensOut
FN:92,calculateDueTokenProtocolSwapFeeAmount
FNF:9
FNH:0
FNDA:0,invariant
FNDA:0,outGivenIn
FNDA:0,inGivenOut
FNDA:0,exactTokensInForBPTOut
FNDA:0,tokenInForExactBPTOut
FNDA:0,exactBPTInForTokenOut
FNDA:0,exactBPTInForTokensOut
FNDA:0,bptInForExactTokensOut
FNDA:0,calculateDueTokenProtocolSwapFeeAmount
DA:21,0
DA:31,0
DA:41,0
DA:51,0
DA:61,0
DA:71,0
DA:79,0
DA:89,0
DA:99,0
LF:9
LH:0
BRF:0
BRH:0
end_of_record
TN:
SF:/Users/lee/Code/Conflux-UMA/balancer-compile/contracts/balancer-core-v2/test/MockWeightedOracleMath.sol
FN:20,toLowResLog
FN:24,fromLowResLog
FN:28,calcLogSpotPrice
FN:37,calcLogBPTPrice
FNF:4
FNH:0
FNDA:0,toLowResLog
FNDA:0,fromLowResLog
FNDA:0,calcLogSpotPrice
FNDA:0,calcLogBPTPrice
DA:21,0
DA:25,0
DA:34,0
DA:42,0
LF:4
LH:0
BRF:0
BRH:0
end_of_record
TN:
SF:/Users/lee/Code/Conflux-UMA/balancer-compile/contracts/balancer-core-v2/test/Multicall.sol
FN:18,aggregate
FN:29,getEthBalance
FN:33,getBlockHash
FN:37,getLastBlockHash
FN:41,getCurrentBlockTimestamp
FN:45,getCurrentBlockDifficulty
FN:49,getCurrentBlockGasLimit
FN:53,getCurrentBlockCoinbase
FNF:8
FNH:0
FNDA:0,aggregate
FNDA:0,getEthBalance
FNDA:0,getBlockHash
FNDA:0,getLastBlockHash
FNDA:0,getCurrentBlockTimestamp
FNDA:0,getCurrentBlockDifficulty
FNDA:0,getCurrentBlockGasLimit
FNDA:0,getCurrentBlockCoinbase
DA:19,0
DA:20,0
DA:21,0
DA:22,0
DA:23,0
DA:24,0
DA:30,0
DA:34,0
DA:38,0
DA:42,0
DA:46,0
DA:50,0
DA:54,0
LF:13
LH:0
BRDA:23,1,0,0
BRDA:23,1,1,0
BRF:2
BRH:0
end_of_record
TN:
SF:/Users/lee/Code/Conflux-UMA/balancer-compile/contracts/balancer-core-v2/test/PoolPriceOracleMock.sol
FN:37,encode
FN:50,decode
FN:63,mockSample
FN:67,mockSamples
FN:73,update
FN:83,processPriceData
FN:106,findNearestSamplesTimestamp
FN:118,getPastAccumulator
FNF:8
FNH:0
FNDA:0,encode
FNDA:0,decode
FNDA:0,mockSample
FNDA:0,mockSamples
FNDA:0,update
FNDA:0,processPriceData
FNDA:0,findNearestSamplesTimestamp
FNDA:0,getPastAccumulator
DA:38,0
DA:51,0
DA:64,0
DA:68,0
DA:69,0
DA:80,0
DA:90,0
DA:91,0
DA:98,0
DA:111,0
DA:112,0
DA:113,0
DA:114,0
DA:123,0
LF:14
LH:0
BRF:0
BRH:0
end_of_record
TN:
SF:/Users/lee/Code/Conflux-UMA/balancer-compile/contracts/balancer-core-v2/test/TestToken.sol
FN:29,constructor
FN:35,mint
FNF:2
FNH:0
FNDA:0,constructor
FNDA:0,mint
DA:30,0
DA:31,0
DA:32,0
DA:36,0
DA:37,0
LF:5
LH:0
BRDA:36,1,0,0
BRDA:36,1,1,0
BRF:2
BRH:0
end_of_record
TN:
SF:/Users/lee/Code/Conflux-UMA/balancer-compile/contracts/balancer-core-v2/test/TokenFactory.sol
FN:31,constructor
FN:35,getTotalTokens
FN:39,getTokens
FN:50,create
FNF:4
FNH:0
FNDA:0,constructor
FNDA:0,getTotalTokens
FNDA:0,getTokens
FNDA:0,create
DA:36,0
DA:40,0
DA:42,0
DA:43,0
DA:44,0
DA:47,0
DA:56,0
DA:61,0
DA:63,0
DA:64,0
DA:66,0
DA:67,0
DA:69,0
DA:70,0
DA:72,0
LF:15
LH:0
BRDA:40,1,0,0
BRDA:40,1,1,0
BRDA:63,2,0,0
BRDA:63,2,1,0
BRF:4
BRH:0
end_of_record
TN:
SF:/Users/lee/Code/Conflux-UMA/balancer-compile/contracts/balancer-core-v2/test/WeightedPool2TokensMock.sol
FN:34,constructor
FN:36,mockOracleDisabled
FN:40,mockOracleIndex
FN:44,mockMiscData
FN:51,encode
FNF:5
FNH:0
FNDA:0,constructor
FNDA:0,mockOracleDisabled
FNDA:0,mockOracleIndex
FNDA:0,mockMiscData
FNDA:0,encode
DA:37,0
DA:41,0
DA:45,0
DA:52,0
DA:53,0
DA:54,0
DA:55,0
DA:56,0
DA:57,0
LF:9
LH:0
BRF:0
BRH:0
end_of_record
TN:
SF:/Users/lee/Code/Conflux-UMA/balancer-compile/contracts/balancer-core-v2/test/WETH.sol
FN:36,constructor
FN:45,deposit
FN:50,withdraw
FN:58,mint
FN:64,totalSupply
FN:68,approve
FN:74,transfer
FN:78,transferFrom
FNF:8
FNH:0
FNDA:0,constructor
FNDA:0,deposit
FNDA:0,withdraw
FNDA:0,mint
FNDA:0,totalSupply
FNDA:0,approve
FNDA:0,transfer
FNDA:0,transferFrom
DA:37,0
DA:38,0
DA:42,0
DA:46,0
DA:47,0
DA:51,0
DA:52,0
DA:53,0
DA:54,0
DA:59,0
DA:60,0
DA:61,0
DA:65,0
DA:69,0
DA:70,0
DA:71,0
DA:75,0
DA:83,0
DA:85,0
DA:86,0
DA:87,0
DA:90,0
DA:91,0
DA:93,0
DA:95,0
LF:25
LH:0
BRDA:51,1,0,0
BRDA:51,1,1,0
BRDA:59,2,0,0
BRDA:59,2,1,0
BRDA:83,3,0,0
BRDA:83,3,1,0
BRDA:85,4,0,0
BRDA:85,4,1,0
BRDA:86,5,0,0
BRDA:86,5,1,0
BRF:10
BRH:0
end_of_record
TN:
SF:/Users/lee/Code/Conflux-UMA/balancer-compile/contracts/balancer-core-v2/vault/AssetManagers.sol
FN:43,managePoolBalance
FN:75,_performPoolManagementOperation
FN:98,_withdrawPoolBalance
FN:128,_depositPoolBalance
FN:158,_updateManagedBalance
FN:179,_isTokenRegistered
FNF:6
FNH:0
FNDA:0,managePoolBalance
FNDA:0,_performPoolManagementOperation
FNDA:0,_withdrawPoolBalance
FNDA:0,_depositPoolBalance
FNDA:0,_updateManagedBalance
FNDA:0,_isTokenRegistered
DA:46,0
DA:48,0
DA:50,0
DA:52,0
DA:53,0
DA:55,0
DA:56,0
DA:57,0
DA:59,0
DA:60,0
DA:61,0
DA:63,0
DA:81,0
DA:83,0
DA:84,0
DA:86,0
DA:89,0
DA:104,0
DA:105,0
DA:107,0
DA:110,0
DA:113,0
DA:114,0
DA:119,0
DA:120,0
DA:134,0
DA:135,0
DA:137,0
DA:140,0
DA:143,0
DA:144,0
DA:149,0
DA:150,0
DA:164,0
DA:165,0
DA:167,0
DA:170,0
DA:173,0
DA:180,0
DA:181,0
DA:182,0
DA:184,0
DA:187,0
LF:43
LH:0
BRDA:83,1,0,0
BRDA:83,1,1,0
BRDA:85,2,0,0
BRDA:85,2,1,0
BRDA:104,3,0,0
BRDA:104,3,1,0
BRDA:106,4,0,0
BRDA:106,4,1,0
BRDA:113,5,0,0
BRDA:113,5,1,0
BRDA:134,6,0,0
BRDA:134,6,1,0
BRDA:136,7,0,0
BRDA:136,7,1,0
BRDA:143,8,0,0
BRDA:143,8,1,0
BRDA:164,9,0,0
BRDA:164,9,1,0
BRDA:166,10,0,0
BRDA:166,10,1,0
BRDA:181,11,0,0
BRDA:181,11,1,0
BRDA:183,12,0,0
BRDA:183,12,1,0
BRF:24
BRH:0
end_of_record
TN:
SF:/Users/lee/Code/Conflux-UMA/balancer-compile/contracts/balancer-core-v2/vault/AssetTransfersHandler.sol
FN:44,_receiveAsset
FN:88,_sendAsset
FN:128,_handleRemainingEth
FNF:3
FNH:0
FNDA:0,_receiveAsset
FNDA:0,_sendAsset
FNDA:0,_handleRemainingEth
DA:50,0
DA:51,0
DA:54,0
DA:55,0
DA:62,0
DA:63,0
DA:65,0
DA:67,0
DA:69,0
DA:72,0
DA:75,0
DA:76,0
DA:94,0
DA:95,0
DA:98,0
DA:101,0
DA:105,0
DA:108,0
DA:110,0
DA:111,0
DA:112,0
DA:114,0
DA:129,0
DA:131,0
DA:132,0
DA:133,0
DA:148,0
LF:27
LH:0
BRDA:50,1,0,0
BRDA:50,1,1,0
BRDA:54,2,0,0
BRDA:54,2,1,0
BRDA:67,3,0,0
BRDA:67,3,1,0
BRDA:75,4,0,0
BRDA:75,4,1,0
BRDA:94,5,0,0
BRDA:94,5,1,0
BRDA:98,6,0,0
BRDA:98,6,1,0
BRDA:111,7,0,0
BRDA:111,7,1,0
BRDA:132,8,0,0
BRDA:132,8,1,0
BRF:16
BRH:0
end_of_record
TN:
SF:/Users/lee/Code/Conflux-UMA/balancer-compile/contracts/balancer-core-v2/vault/Authorizer.sol
FN:31,constructor
FN:35,canPerform
FN:47,grantRoles
FN:56,grantRolesToMany
FN:66,revokeRoles
FN:75,revokeRolesFromMany
FNF:6
FNH:0
FNDA:0,constructor
FNDA:0,canPerform
FNDA:0,grantRoles
FNDA:0,grantRolesToMany
FNDA:0,revokeRoles
FNDA:0,revokeRolesFromMany
DA:32,0
DA:41,0
DA:48,0
DA:49,0
DA:57,0
DA:58,0
DA:59,0
DA:67,0
DA:68,0
DA:76,0
DA:77,0
DA:78,0
LF:12
LH:0
BRF:0
BRH:0
end_of_record
TN:
SF:/Users/lee/Code/Conflux-UMA/balancer-compile/contracts/balancer-core-v2/vault/balances/BalanceAllocation.sol
FN:56,total
FN:65,cash
FN:73,managed
FN:81,lastChangeBlock
FN:89,managedDelta
FN:98,totalsAndLastChangeBlock
FN:120,isZero
FN:130,isNotZero
FN:139,toBalance
FN:160,increaseCash
FN:174,decreaseCash
FN:186,cashToManaged
FN:198,managedToCash
FN:212,setManaged
FN:238,_decodeBalanceA
FN:247,_decodeBalanceB
FN:257,fromSharedToBalanceA
FN:266,fromSharedToBalanceB
FN:275,toSharedCash
FN:286,toSharedManaged
FN:296,_pack
FNF:21
FNH:0
FNDA:0,total
FNDA:0,cash
FNDA:0,managed
FNDA:0,lastChangeBlock
FNDA:0,managedDelta
FNDA:0,totalsAndLastChangeBlock
FNDA:0,isZero
FNDA:0,isNotZero
FNDA:0,toBalance
FNDA:0,increaseCash
FNDA:0,decreaseCash
FNDA:0,cashToManaged
FNDA:0,managedToCash
FNDA:0,setManaged
FNDA:0,_decodeBalanceA
FNDA:0,_decodeBalanceB
FNDA:0,fromSharedToBalanceA
FNDA:0,fromSharedToBalanceB
FNDA:0,toSharedCash
FNDA:0,toSharedManaged
FNDA:0,_pack
DA:59,0
DA:66,0
DA:67,0
DA:74,0
DA:75,0
DA:82,0
DA:83,0
DA:91,0
DA:106,0
DA:107,0
DA:109,0
DA:110,0
DA:111,0
DA:112,0
DA:122,0
DA:123,0
DA:131,0
DA:144,0
DA:148,0
DA:151,0
DA:161,0
DA:162,0
DA:163,0
DA:165,0
DA:175,0
DA:176,0
DA:177,0
DA:179,0
DA:187,0
DA:188,0
DA:189,0
DA:191,0
DA:199,0
DA:200,0
DA:201,0
DA:203,0
DA:213,0
DA:214,0
DA:215,0
DA:239,0
DA:240,0
DA:248,0
DA:249,0
DA:260,0
DA:269,0
DA:278,0
DA:280,0
DA:288,0
DA:301,0
LF:49
LH:0
BRF:0
BRH:0
end_of_record
TN:
SF:/Users/lee/Code/Conflux-UMA/balancer-compile/contracts/balancer-core-v2/vault/balances/GeneralPoolsBalance.sol
FN:51,_registerGeneralPoolTokens
FN:73,_deregisterGeneralPoolTokens
FN:92,_setGeneralPoolBalances
FN:108,_generalPoolCashToManaged
FN:122,_generalPoolManagedToCash
FN:138,_setGeneralPoolManagedBalance
FN:155,_updateGeneralPoolBalance
FN:176,_getGeneralPoolTokens
FN:201,_getGeneralPoolBalance
FN:210,_getGeneralPoolBalance
FN:223,_isGeneralPoolTokenRegistered
FNF:11
FNH:0
FNDA:0,_registerGeneralPoolTokens
FNDA:0,_deregisterGeneralPoolTokens
FNDA:0,_setGeneralPoolBalances
FNDA:0,_generalPoolCashToManaged
FNDA:0,_generalPoolManagedToCash
FNDA:0,_setGeneralPoolManagedBalance
FNDA:0,_updateGeneralPoolBalance
FNDA:0,_getGeneralPoolTokens
FNDA:0,_getGeneralPoolBalance
FNDA:0,_getGeneralPoolBalance
FNDA:0,_isGeneralPoolTokenRegistered
DA:52,0
DA:54,0
DA:57,0
DA:58,0
DA:74,0
DA:76,0
DA:77,0
DA:78,0
DA:79,0
DA:83,0
DA:93,0
DA:95,0
DA:98,0
DA:113,0
DA:127,0
DA:143,0
DA:161,0
DA:162,0
DA:164,0
DA:165,0
DA:167,0
DA:181,0
DA:182,0
DA:183,0
DA:185,0
DA:188,0
DA:202,0
DA:203,0
DA:215,0
DA:224,0
DA:225,0
LF:31
LH:0
BRF:0
BRH:0
end_of_record
TN:
SF:/Users/lee/Code/Conflux-UMA/balancer-compile/contracts/balancer-core-v2/vault/balances/MinimalSwapInfoPoolsBalance.sol
FN:52,_registerMinimalSwapInfoPoolTokens
FN:74,_deregisterMinimalSwapInfoPoolTokens
FN:95,_setMinimalSwapInfoPoolBalances
FN:111,_minimalSwapInfoPoolCashToManaged
FN:125,_minimalSwapInfoPoolManagedToCash
FN:141,_setMinimalSwapInfoPoolManagedBalance
FN:158,_updateMinimalSwapInfoPoolBalance
FN:178,_getMinimalSwapInfoPoolTokens
FN:204,_getMinimalSwapInfoPoolBalance
FN:227,_isMinimalSwapInfoPoolTokenRegistered
FNF:10
FNH:0
FNDA:0,_registerMinimalSwapInfoPoolTokens
FNDA:0,_deregisterMinimalSwapInfoPoolTokens
FNDA:0,_setMinimalSwapInfoPoolBalances
FNDA:0,_minimalSwapInfoPoolCashToManaged
FNDA:0,_minimalSwapInfoPoolManagedToCash
FNDA:0,_setMinimalSwapInfoPoolManagedBalance
FNDA:0,_updateMinimalSwapInfoPoolBalance
FNDA:0,_getMinimalSwapInfoPoolTokens
FNDA:0,_getMinimalSwapInfoPoolBalance
FNDA:0,_isMinimalSwapInfoPoolTokenRegistered
DA:53,0
DA:55,0
DA:56,0
DA:57,0
DA:75,0
DA:77,0
DA:78,0
DA:79,0
DA:83,0
DA:85,0
DA:86,0
DA:100,0
DA:101,0
DA:116,0
DA:130,0
DA:146,0
DA:164,0
DA:166,0
DA:167,0
DA:169,0
DA:183,0
DA:184,0
DA:185,0
DA:187,0
DA:190,0
DA:191,0
DA:192,0
DA:205,0
DA:210,0
DA:212,0
DA:215,0
DA:216,0
DA:219,0
DA:228,0
DA:229,0
LF:35
LH:0
BRDA:212,1,0,0
BRDA:212,1,1,0
BRF:2
BRH:0
end_of_record
TN:
SF:/Users/lee/Code/Conflux-UMA/balancer-compile/contracts/balancer-core-v2/vault/balances/TwoTokenPoolsBalance.sol
FN:78,_registerTwoTokenPoolTokens
FN:111,_deregisterTwoTokenPoolTokens
FN:136,_setTwoTokenPoolCashBalances
FN:154,_twoTokenPoolCashToManaged
FN:168,_twoTokenPoolManagedToCash
FN:184,_setTwoTokenPoolManagedBalance
FN:201,_updateTwoTokenPoolSharedBalance
FN:239,_getTwoTokenPoolTokens
FN:269,_getTwoTokenPoolBalances
FN:306,_getTwoTokenPoolBalance
FN:334,_getTwoTokenPoolSharedBalances
FN:380,_isTwoTokenPoolTokenRegistered
FN:390,_getTwoTokenPairHash
FN:397,_sortTwoTokens
FNF:14
FNH:0
FNDA:0,_registerTwoTokenPoolTokens
FNDA:0,_deregisterTwoTokenPoolTokens
FNDA:0,_setTwoTokenPoolCashBalances
FNDA:0,_twoTokenPoolCashToManaged
FNDA:0,_twoTokenPoolManagedToCash
FNDA:0,_setTwoTokenPoolManagedBalance
FNDA:0,_updateTwoTokenPoolSharedBalance
FNDA:0,_getTwoTokenPoolTokens
FNDA:0,_getTwoTokenPoolBalances
FNDA:0,_getTwoTokenPoolBalance
FNDA:0,_getTwoTokenPoolSharedBalances
FNDA:0,_isTwoTokenPoolTokenRegistered
FNDA:0,_getTwoTokenPairHash
FNDA:0,_sortTwoTokens
DA:85,0
DA:87,0
DA:90,0
DA:91,0
DA:94,0
DA:95,0
DA:116,0
DA:122,0
DA:124,0
DA:128,0
DA:143,0
DA:144,0
DA:145,0
DA:159,0
DA:173,0
DA:189,0
DA:207,0
DA:215,0
DA:216,0
DA:217,0
DA:218,0
DA:219,0
DA:222,0
DA:223,0
DA:224,0
DA:227,0
DA:228,0
DA:230,0
DA:244,0
DA:248,0
DA:249,0
DA:255,0
DA:256,0
DA:257,0
DA:259,0
DA:260,0
DA:261,0
DA:280,0
DA:281,0
DA:282,0
DA:284,0
DA:285,0
DA:287,0
DA:288,0
DA:290,0
DA:291,0
DA:309,0
DA:311,0
DA:312,0
DA:314,0
DA:316,0
DA:347,0
DA:348,0
DA:350,0
DA:354,0
DA:355,0
DA:360,0
DA:364,0
DA:367,0
DA:368,0
DA:371,0
DA:372,0
DA:381,0
DA:384,0
DA:391,0
DA:398,0
LF:66
LH:0
BRDA:216,1,0,0
BRDA:216,1,1,0
BRDA:248,2,0,0
BRDA:248,2,1,0
BRDA:311,3,0,0
BRDA:311,3,1,0
BRDA:313,4,0,0
BRDA:313,4,1,0
BRDA:364,5,0,0
BRDA:364,5,1,0
BRF:10
BRH:0
end_of_record
TN:
SF:/Users/lee/Code/Conflux-UMA/balancer-compile/contracts/balancer-core-v2/vault/Fees.sol
FN:37,constructor
FN:41,getProtocolFeesCollector
FN:48,_getProtocolSwapFeePercentage
FN:55,_calculateFlashLoanFeeAmount
FN:62,_payFeeAmount
FNF:5
FNH:0
FNDA:0,constructor
FNDA:0,getProtocolFeesCollector
FNDA:0,_getProtocolSwapFeePercentage
FNDA:0,_calculateFlashLoanFeeAmount
FNDA:0,_payFeeAmount
DA:38,0
DA:42,0
DA:49,0
DA:58,0
DA:59,0
DA:63,0
DA:64,0
LF:7
LH:0
BRDA:63,1,0,0
BRDA:63,1,1,0
BRF:2
BRH:0
end_of_record
TN:
SF:/Users/lee/Code/Conflux-UMA/balancer-compile/contracts/balancer-core-v2/vault/FlashLoans.sol
FN:42,flashLoan
FNF:1
FNH:0
FNDA:0,flashLoan
DA:43,0
DA:45,0
DA:46,0
DA:49,0
DA:51,0
DA:52,0
DA:53,0
DA:55,0
DA:56,0
DA:58,0
DA:59,0
DA:61,0
DA:62,0
DA:65,0
DA:67,0
DA:68,0
DA:69,0
DA:73,0
DA:74,0
DA:77,0
DA:78,0
DA:80,0
DA:81,0
LF:23
LH:0
BRF:0
BRH:0
end_of_record
TN:
SF:/Users/lee/Code/Conflux-UMA/balancer-compile/contracts/balancer-core-v2/vault/interfaces/IAsset.sol
FNF:0
FNH:0
LF:0
LH:0
BRF:0
BRH:0
end_of_record
TN:
SF:/Users/lee/Code/Conflux-UMA/balancer-compile/contracts/balancer-core-v2/vault/interfaces/IAuthorizer.sol
FNF:0
FNH:0
LF:0
LH:0
BRF:0
BRH:0
end_of_record
TN:
SF:/Users/lee/Code/Conflux-UMA/balancer-compile/contracts/balancer-core-v2/vault/interfaces/IBasePool.sol
FNF:0
FNH:0
LF:0
LH:0
BRF:0
BRH:0
end_of_record
TN:
SF:/Users/lee/Code/Conflux-UMA/balancer-compile/contracts/balancer-core-v2/vault/interfaces/IFlashLoanRecipient.sol
FNF:0
FNH:0
LF:0
LH:0
BRF:0
BRH:0
end_of_record
TN:
SF:/Users/lee/Code/Conflux-UMA/balancer-compile/contracts/balancer-core-v2/vault/interfaces/IGeneralPool.sol
FNF:0
FNH:0
LF:0
LH:0
BRF:0
BRH:0
end_of_record
TN:
SF:/Users/lee/Code/Conflux-UMA/balancer-compile/contracts/balancer-core-v2/vault/interfaces/IMinimalSwapInfoPool.sol
FNF:0
FNH:0
LF:0
LH:0
BRF:0
BRH:0
end_of_record
TN:
SF:/Users/lee/Code/Conflux-UMA/balancer-compile/contracts/balancer-core-v2/vault/interfaces/IPoolSwapStructs.sol
FNF:0
FNH:0
LF:0
LH:0
BRF:0
BRH:0
end_of_record
TN:
SF:/Users/lee/Code/Conflux-UMA/balancer-compile/contracts/balancer-core-v2/vault/interfaces/IVault.sol
FNF:0
FNH:0
LF:0
LH:0
BRF:0
BRH:0
end_of_record
TN:
SF:/Users/lee/Code/Conflux-UMA/balancer-compile/contracts/balancer-core-v2/vault/interfaces/IWETH.sol
FNF:0
FNH:0
LF:0
LH:0
BRF:0
BRH:0
end_of_record
TN:
SF:/Users/lee/Code/Conflux-UMA/balancer-compile/contracts/balancer-core-v2/vault/PoolBalances.sol
FN:48,joinPool
FN:56,exitPool
FN:79,_toPoolBalanceChange
FN:93,_toPoolBalanceChange
FN:113,_joinOrExit
FN:159,_callPoolBalanceChange
FN:213,_processJoinPoolTransfers
FN:257,_processExitPoolTransfers
FN:287,_validateTokensAndGetBalances
FN:307,_unsafeCastToInt256
FNF:10
FNH:0
FNDA:0,joinPool
FNDA:0,exitPool
FNDA:0,_toPoolBalanceChange
FNDA:0,_toPoolBalanceChange
FNDA:0,_joinOrExit
FNDA:0,_callPoolBalanceChange
FNDA:0,_processJoinPoolTransfers
FNDA:0,_processExitPoolTransfers
FNDA:0,_validateTokensAndGetBalances
FNDA:0,_unsafeCastToInt256
DA:53,0
DA:63,0
DA:85,0
DA:99,0
DA:118,0
DA:122,0
DA:123,0
DA:127,0
DA:134,0
DA:135,0
DA:136,0
DA:138,0
DA:141,0
DA:144,0
DA:145,0
DA:174,0
DA:176,0
DA:177,0
DA:197,0
DA:201,0
DA:221,0
DA:223,0
DA:224,0
DA:225,0
DA:226,0
DA:229,0
DA:230,0
DA:232,0
DA:233,0
DA:236,0
DA:237,0
DA:241,0
DA:247,0
DA:264,0
DA:265,0
DA:266,0
DA:267,0
DA:270,0
DA:271,0
DA:273,0
DA:274,0
DA:277,0
DA:292,0
DA:293,0
DA:294,0
DA:296,0
DA:297,0
DA:300,0
DA:312,0
DA:313,0
DA:314,0
LF:51
LH:0
BRDA:135,1,0,0
BRDA:135,1,1,0
BRDA:137,2,0,0
BRDA:137,2,1,0
BRDA:232,3,0,0
BRDA:232,3,1,0
BRF:6
BRH:0
end_of_record
TN:
SF:/Users/lee/Code/Conflux-UMA/balancer-compile/contracts/balancer-core-v2/vault/PoolRegistry.sol
FN:39,withRegisteredPool
FN:47,onlyPool
FN:55,_ensureRegisteredPool
FN:62,_ensurePoolIsSender
FN:71,registerPool
FN:93,getPool
FN:115,_toPoolId
FN:134,_getPoolAddress
FN:145,_getPoolSpecialization
FNF:9
FNH:0
FNDA:0,withRegisteredPool
FNDA:0,onlyPool
FNDA:0,_ensureRegisteredPool
FNDA:0,_ensurePoolIsSender
FNDA:0,registerPool
FNDA:0,getPool
FNDA:0,_toPoolId
FNDA:0,_getPoolAddress
FNDA:0,_getPoolSpecialization
DA:40,0
DA:41,0
DA:48,0
DA:49,0
DA:56,0
DA:63,0
DA:64,0
DA:77,0
DA:79,0
DA:80,0
DA:82,0
DA:85,0
DA:86,0
DA:96,0
DA:120,0
DA:122,0
DA:123,0
DA:124,0
DA:126,0
DA:137,0
DA:147,0
DA:155,0
DA:159,0
LF:23
LH:0
BRF:0
BRH:0
end_of_record
TN:
SF:/Users/lee/Code/Conflux-UMA/balancer-compile/contracts/balancer-core-v2/vault/PoolTokens.sol
FN:33,registerTokens
FN:63,deregisterTokens
FN:89,getPoolTokens
FN:105,getPoolTokenInfo
FN:134,_getPoolTokens
FNF:5
FNH:0
FNDA:0,registerTokens
FNDA:0,deregisterTokens
FNDA:0,getPoolTokens
FNDA:0,getPoolTokenInfo
FNDA:0,_getPoolTokens
DA:34,0
DA:37,0
DA:38,0
DA:39,0
DA:41,0
DA:44,0
DA:45,0
DA:46,0
DA:47,0
DA:49,0
DA:52,0
DA:55,0
DA:65,0
DA:66,0
DA:67,0
DA:68,0
DA:70,0
DA:73,0
DA:78,0
DA:79,0
DA:82,0
DA:96,0
DA:97,0
DA:98,0
DA:113,0
DA:114,0
DA:116,0
DA:117,0
DA:119,0
DA:122,0
DA:125,0
DA:126,0
DA:127,0
DA:128,0
DA:135,0
DA:136,0
DA:137,0
DA:139,0
DA:142,0
LF:39
LH:0
BRDA:45,1,0,0
BRDA:45,1,1,0
BRDA:48,2,0,0
BRDA:48,2,1,0
BRDA:66,3,0,0
BRDA:66,3,1,0
BRDA:69,4,0,0
BRDA:69,4,1,0
BRDA:116,5,0,0
BRDA:116,5,1,0
BRDA:118,6,0,0
BRDA:118,6,1,0
BRDA:136,7,0,0
BRDA:136,7,1,0
BRDA:138,8,0,0
BRDA:138,8,1,0
BRF:16
BRH:0
end_of_record
TN:
SF:/Users/lee/Code/Conflux-UMA/balancer-compile/contracts/balancer-core-v2/vault/ProtocolFeesCollector.sol
FN:60,constructor
FN:69,withdrawCollectedFees
FN:79,setSwapFeePercentage
FN:85,setFlashLoanFeePercentage
FN:94,getSwapFeePercentage
FN:98,getFlashLoanFeePercentage
FN:102,getCollectedFeeAmounts
FN:109,getAuthorizer
FN:113,_canPerform
FN:117,_getAuthorizer
FNF:10
FNH:0
FNDA:0,constructor
FNDA:0,withdrawCollectedFees
FNDA:0,setSwapFeePercentage
FNDA:0,setFlashLoanFeePercentage
FNDA:0,getSwapFeePercentage
FNDA:0,getFlashLoanFeePercentage
FNDA:0,getCollectedFeeAmounts
FNDA:0,getAuthorizer
FNDA:0,_canPerform
FNDA:0,_getAuthorizer
DA:62,0
DA:70,0
DA:72,0
DA:73,0
DA:74,0
DA:75,0
DA:80,0
DA:81,0
DA:82,0
DA:86,0
DA:90,0
DA:91,0
DA:95,0
DA:99,0
DA:103,0
DA:104,0
DA:105,0
DA:110,0
DA:114,0
DA:118,0
LF:20
LH:0
BRF:0
BRH:0
end_of_record
TN:
SF:/Users/lee/Code/Conflux-UMA/balancer-compile/contracts/balancer-core-v2/vault/Swaps.sol
FN:67,swap
FN:120,batchSwap
FN:164,_tokenGiven
FN:176,_tokenCalculated
FN:187,_getAmounts
FN:205,_swapWithPools
FN:275,_swapWithPool
FN:300,_processTwoTokenPoolSwapRequest
FN:342,_processMinimalSwapInfoPoolSwapRequest
FN:365,_callMinimalSwapInfoPoolOnSwapHook
FN:390,_processGeneralPoolSwapRequest
FN:446,queryBatchSwap
FNF:12
FNH:0
FNDA:0,swap
FNDA:0,batchSwap
FNDA:0,_tokenGiven
FNDA:0,_tokenCalculated
FNDA:0,_getAmounts
FNDA:0,_swapWithPools
FNDA:0,_swapWithPool
FNDA:0,_processTwoTokenPoolSwapRequest
FNDA:0,_processMinimalSwapInfoPoolSwapRequest
FNDA:0,_callMinimalSwapInfoPoolOnSwapHook
FNDA:0,_processGeneralPoolSwapRequest
FNDA:0,queryBatchSwap
DA:72,0
DA:76,0
DA:78,0
DA:79,0
DA:80,0
DA:83,0
DA:84,0
DA:85,0
DA:86,0
DA:87,0
DA:88,0
DA:89,0
DA:90,0
DA:91,0
DA:94,0
DA:95,0
DA:97,0
DA:98,0
DA:100,0
DA:101,0
DA:104,0
DA:125,0
DA:127,0
DA:130,0
DA:134,0
DA:135,0
DA:136,0
DA:137,0
DA:138,0
DA:140,0
DA:141,0
DA:142,0
DA:144,0
DA:145,0
DA:148,0
DA:149,0
DA:154,0
DA:169,0
DA:181,0
DA:192,0
DA:193,0
DA:196,0
DA:211,0
DA:215,0
DA:216,0
DA:219,0
DA:220,0
DA:222,0
DA:223,0
DA:225,0
DA:227,0
DA:229,0
DA:230,0
DA:231,0
DA:234,0
DA:238,0
DA:239,0
DA:240,0
DA:241,0
DA:245,0
DA:246,0
DA:247,0
DA:248,0
DA:249,0
DA:250,0
DA:251,0
DA:252,0
DA:255,0
DA:256,0
DA:257,0
DA:259,0
DA:262,0
DA:263,0
DA:284,0
DA:285,0
DA:287,0
DA:288,0
DA:290,0
DA:293,0
DA:296,0
DA:297,0
DA:307,0
DA:314,0
DA:315,0
DA:318,0
DA:320,0
DA:321,0
DA:324,0
DA:325,0
DA:329,0
DA:337,0
DA:346,0
DA:347,0
DA:350,0
DA:357,0
DA:358,0
DA:378,0
DA:379,0
DA:380,0
DA:383,0
DA:384,0
DA:386,0
DA:387,0
DA:394,0
DA:395,0
DA:398,0
DA:399,0
DA:400,0
DA:402,0
DA:405,0
DA:406,0
DA:411,0
DA:412,0
DA:414,0
DA:415,0
DA:417,0
DA:418,0
DA:421,0
DA:423,0
DA:424,0
DA:426,0
DA:427,0
DA:429,0
DA:434,0
DA:435,0
DA:436,0
DA:437,0
DA:441,0
DA:442,0
DA:467,0
DA:472,0
DA:475,0
DA:516,0
DA:519,0
LF:134
LH:0
BRDA:140,1,0,0
BRDA:140,1,1,0
BRDA:144,2,0,0
BRDA:144,2,1,0
BRDA:147,3,0,0
BRDA:147,3,1,0
BRDA:192,4,0,0
BRDA:192,4,1,0
BRDA:234,5,0,0
BRDA:234,5,1,0
BRDA:287,6,0,0
BRDA:287,6,1,0
BRDA:289,7,0,0
BRDA:289,7,1,0
BRDA:318,8,0,0
BRDA:318,8,1,0
BRDA:402,9,0,0
BRDA:402,9,1,0
BRDA:426,10,0,0
BRDA:426,10,1,0
BRDA:428,11,0,0
BRDA:428,11,1,0
BRDA:467,12,0,0
BRDA:467,12,1,0
BRF:24
BRH:0
end_of_record
TN:
SF:/Users/lee/Code/Conflux-UMA/balancer-compile/contracts/balancer-core-v2/vault/UserBalance.sol
FN:47,getInternalBalance
FN:59,manageUserBalance
FN:119,_depositToInternalBalance
FN:129,_withdrawFromInternalBalance
FN:140,_transferInternalBalance
FN:151,_transferToExternalBalance
FN:166,_increaseInternalBalance
FN:181,_decreaseInternalBalance
FN:204,_setInternalBalance
FN:217,_getInternalBalance
FN:224,_validateUserBalanceOp
FNF:11
FNH:0
FNDA:0,getInternalBalance
FNDA:0,manageUserBalance
FNDA:0,_depositToInternalBalance
FNDA:0,_withdrawFromInternalBalance
FNDA:0,_transferInternalBalance
FNDA:0,_transferToExternalBalance
FNDA:0,_increaseInternalBalance
FNDA:0,_decreaseInternalBalance
FNDA:0,_setInternalBalance
FNDA:0,_getInternalBalance
FNDA:0,_validateUserBalanceOp
DA:53,0
DA:54,0
DA:55,0
DA:61,0
DA:64,0
DA:65,0
DA:67,0
DA:68,0
DA:69,0
DA:70,0
DA:71,0
DA:72,0
DA:75,0
DA:80,0
DA:82,0
DA:88,0
DA:89,0
DA:90,0
DA:93,0
DA:94,0
DA:97,0
DA:98,0
DA:102,0
DA:103,0
DA:105,0
DA:106,0
DA:109,0
DA:116,0
DA:125,0
DA:126,0
DA:136,0
DA:137,0
DA:147,0
DA:148,0
DA:157,0
DA:158,0
DA:159,0
DA:171,0
DA:172,0
DA:173,0
DA:187,0
DA:188,0
DA:190,0
DA:193,0
DA:194,0
DA:210,0
DA:211,0
DA:218,0
DA:238,0
DA:240,0
DA:245,0
DA:246,0
DA:247,0
DA:250,0
DA:253,0
LF:55
LH:0
BRDA:80,1,0,0
BRDA:80,1,1,0
BRDA:88,2,0,0
BRDA:88,2,1,0
BRDA:93,3,0,0
BRDA:93,3,1,0
BRDA:97,4,0,0
BRDA:97,4,1,0
BRDA:105,5,0,0
BRDA:105,5,1,0
BRDA:157,6,0,0
BRDA:157,6,1,0
BRDA:240,7,0,0
BRDA:240,7,1,0
BRDA:245,8,0,0
BRDA:245,8,1,0
BRF:16
BRH:0
end_of_record
TN:
SF:/Users/lee/Code/Conflux-UMA/balancer-compile/contracts/balancer-core-v2/vault/Vault.sol
FN:69,constructor
FN:77,setPaused
FN:82,WETH
FNF:3
FNH:0
FNDA:0,constructor
FNDA:0,setPaused
FNDA:0,WETH
DA:72,0
DA:73,0
DA:74,0
DA:78,0
DA:83,0
LF:5
LH:0
BRF:0
BRH:0
end_of_record
TN:
SF:/Users/lee/Code/Conflux-UMA/balancer-compile/contracts/balancer-core-v2/vault/VaultAuthorization.sol
FN:71,authenticateFor
FN:79,constructor
FN:84,setAuthorizer
FN:88,_setAuthorizer
FN:93,getAuthorizer
FN:101,setRelayerApproval
FN:106,hasApprovedRelayer
FN:116,_authenticateFor
FN:132,_hasApprovedRelayer
FN:136,_canPerform
FN:141,_typeHash
FNF:11
FNH:0
FNDA:0,authenticateFor
FNDA:0,constructor
FNDA:0,setAuthorizer
FNDA:0,_setAuthorizer
FNDA:0,getAuthorizer
FNDA:0,setRelayerApproval
FNDA:0,hasApprovedRelayer
FNDA:0,_authenticateFor
FNDA:0,_hasApprovedRelayer
FNDA:0,_canPerform
FNDA:0,_typeHash
DA:72,0
DA:73,0
DA:81,0
DA:85,0
DA:89,0
DA:90,0
DA:94,0
DA:102,0
DA:103,0
DA:107,0
DA:117,0
DA:119,0
DA:123,0
DA:124,0
DA:133,0
DA:138,0
DA:145,0
LF:17
LH:0
BRDA:117,1,0,0
BRDA:117,1,1,0
BRDA:123,2,0,0
BRDA:123,2,1,0
BRF:4
BRH:0
end_of_record
TN:
SF:/Users/lee/Code/Conflux-UMA/balancer-compile/contracts/ConvergentCurvePool.sol
FN:92,constructor
FN:142,getVault
FN:148,getPoolId
FN:159,onSwap
FN:236,onJoinPool
FN:306,onExitPool
FN:367,_getSortedBalances
FN:377,_normalizeSortedArray
FN:384,_denormalizeSortedArray
FN:401,solveTradeInvariant
FN:437,_assignTradeFee
FN:494,_mintLP
FN:557,_burnLP
FN:608,_mintGovernanceLP
FN:668,_getYieldExponent
FN:689,_adjustedReserve
FN:712,_tokenToFixed
FN:732,_fixedToToken
FN:753,_normalize
FNF:19
FNH:0
FNDA:0,constructor
FNDA:0,getVault
FNDA:0,getPoolId
FNDA:0,onSwap
FNDA:0,onJoinPool
FNDA:0,onExitPool
FNDA:0,_getSortedBalances
FNDA:0,_normalizeSortedArray
FNDA:0,_denormalizeSortedArray
FNDA:0,solveTradeInvariant
FNDA:0,_assignTradeFee
FNDA:0,_mintLP
FNDA:0,_burnLP
FNDA:0,_mintGovernanceLP
FNDA:0,_getYieldExponent
FNDA:0,_adjustedReserve
FNDA:0,_tokenToFixed
FNDA:0,_fixedToToken
FNDA:0,_normalize
DA:94,0
DA:95,0
DA:96,0
DA:99,0
DA:101,0
DA:105,0
DA:106,0
DA:107,0
DA:108,0
DA:110,0
DA:111,0
DA:116,0
DA:119,0
DA:120,0
DA:121,0
DA:123,0
DA:124,0
DA:125,0
DA:126,0
DA:127,0
DA:128,0
DA:129,0
DA:130,0
DA:131,0
DA:133,0
DA:134,0
DA:135,0
DA:143,0
DA:149,0
DA:166,0
DA:169,0
DA:170,0
DA:171,0
DA:172,0
DA:174,0
DA:176,0
DA:180,0
DA:188,0
DA:196,0
DA:198,0
DA:205,0
DA:207,0
DA:210,0
DA:217,0
DA:219,0
DA:253,0
DA:254,0
DA:255,0
DA:256,0
DA:261,0
DA:262,0
DA:266,0
DA:267,0
DA:271,0
DA:273,0
DA:276,0
DA:281,0
DA:289,0
DA:290,0
DA:323,0
DA:324,0
DA:325,0
DA:326,0
DA:331,0
DA:332,0
DA:336,0
DA:337,0
DA:343,0
DA:344,0
DA:347,0
DA:352,0
DA:360,0
DA:361,0
DA:362,0
DA:372,0
DA:378,0
DA:379,0
DA:385,0
DA:386,0
DA:408,0
DA:410,0
DA:412,0
DA:414,0
DA:419,0
DA:421,0
DA:423,0
DA:444,0
DA:446,0
DA:448,0
DA:452,0
DA:454,0
DA:457,0
DA:461,0
DA:463,0
DA:466,0
DA:468,0
DA:472,0
DA:474,0
DA:477,0
DA:481,0
DA:483,0
DA:501,0
DA:503,0
DA:507,0
DA:509,0
DA:512,0
DA:514,0
DA:515,0
DA:516,0
DA:520,0
DA:522,0
DA:525,0
DA:528,0
DA:532,0
DA:535,0
DA:536,0
DA:540,0
DA:543,0
DA:545,0
DA:546,0
DA:564,0
DA:567,0
DA:571,0
DA:573,0
DA:575,0
DA:579,0
DA:581,0
DA:584,0
DA:585,0
DA:591,0
DA:594,0
DA:597,0
DA:600,0
DA:614,0
DA:615,0
DA:616,0
DA:620,0
DA:622,0
DA:624,0
DA:629,0
DA:630,0
DA:632,0
DA:639,0
DA:642,0
DA:646,0
DA:649,0
DA:653,0
DA:660,0
DA:661,0
DA:663,0
DA:670,0
DA:673,0
DA:675,0
DA:676,0
DA:678,0
DA:680,0
DA:697,0
DA:699,0
DA:702,0
DA:705,0
DA:718,0
DA:719,0
DA:721,0
DA:724,0
DA:737,0
DA:739,0
DA:742,0
DA:745,0
DA:759,0
DA:761,0
DA:765,0
DA:768,0
LF:172
LH:0
BRDA:99,1,0,0
BRDA:99,1,1,0
BRDA:106,2,0,0
BRDA:106,2,1,0
BRDA:123,3,0,0
BRDA:123,3,1,0
BRDA:166,4,0,0
BRDA:166,4,1,0
BRDA:171,5,0,0
BRDA:171,5,1,0
BRDA:196,6,0,0
BRDA:196,6,1,0
BRDA:253,7,0,0
BRDA:253,7,1,0
BRDA:254,8,0,0
BRDA:254,8,1,0
BRDA:256,9,0,0
BRDA:256,9,1,0
BRDA:323,10,0,0
BRDA:323,10,1,0
BRDA:324,11,0,0
BRDA:324,11,1,0
BRDA:326,12,0,0
BRDA:326,12,1,0
BRDA:444,13,0,0
BRDA:444,13,1,0
BRDA:446,14,0,0
BRDA:446,14,1,0
BRDA:466,15,0,0
BRDA:466,15,1,0
BRDA:509,16,0,0
BRDA:509,16,1,0
BRDA:525,17,0,0
BRDA:525,17,1,0
BRDA:575,18,0,0
BRDA:575,18,1,0
BRDA:616,19,0,0
BRDA:616,19,1,0
BRDA:678,20,0,0
BRDA:678,20,1,0
BRDA:697,21,0,0
BRDA:697,21,1,0
BRDA:700,22,0,0
BRDA:700,22,1,0
BRDA:718,23,0,0
BRDA:718,23,1,0
BRDA:720,24,0,0
BRDA:720,24,1,0
BRDA:737,25,0,0
BRDA:737,25,1,0
BRDA:740,26,0,0
BRDA:740,26,1,0
BRDA:759,27,0,0
BRDA:759,27,1,0
BRDA:763,28,0,0
BRDA:763,28,1,0
BRF:56
BRH:0
end_of_record
TN:
SF:/Users/lee/Code/Conflux-UMA/balancer-compile/contracts/factories/ConvergentPoolFactory.sol
FN:29,constructor
FN:50,create
FN:82,setGovFee
FN:89,setGov
FNF:4
FNH:0
FNDA:0,constructor
FNDA:0,create
FNDA:0,setGovFee
FNDA:0,setGov
DA:32,0
DA:33,0
DA:34,0
DA:36,0
DA:37,0
DA:38,0
DA:59,0
DA:74,0
DA:76,0
DA:77,0
DA:83,0
DA:84,0
DA:90,0
LF:13
LH:0
BRDA:83,1,0,0
BRDA:83,1,1,0
BRF:2
BRH:0
end_of_record
TN:
SF:/Users/lee/Code/Conflux-UMA/balancer-compile/contracts/interfaces/IERC20Decimals.sol
FNF:0
FNH:0
LF:0
LH:0
BRF:0
BRH:0
end_of_record
TN:
SF:/Users/lee/Code/Conflux-UMA/balancer-compile/contracts/libraries/Authorizable.sol
FN:13,constructor
FN:18,onlyOwner
FN:24,onlyAuthorized
FN:32,isAuthorized
FN:38,authorize
FN:44,deauthorize
FN:50,setOwner
FN:56,_authorize
FNF:8
FNH:0
FNDA:0,constructor
FNDA:0,onlyOwner
FNDA:0,onlyAuthorized
FNDA:0,isAuthorized
FNDA:0,authorize
FNDA:0,deauthorize
FNDA:0,setOwner
FNDA:0,_authorize
DA:14,0
DA:19,0
DA:20,0
DA:25,0
DA:26,0
DA:33,0
DA:39,0
DA:45,0
DA:51,0
DA:57,0
LF:10
LH:0
BRDA:19,1,0,0
BRDA:19,1,1,0
BRDA:25,2,0,0
BRDA:25,2,1,0
BRF:4
BRH:0
end_of_record
TN:
SF:/Users/lee/Code/Conflux-UMA/balancer-compile/contracts/libraries/SponsorWhitelistControl.sol
FN:9,getSponsorForGas
FN:15,getSponsoredBalanceForGas
FN:21,getSponsoredGasFeeUpperBound
FN:27,getSponsorForCollateral
FN:33,getSponsoredBalanceForCollateral
FN:40,isWhitelisted
FN:46,isAllWhitelisted
FN:54,addPrivilegeByAdmin
FN:61,removePrivilegeByAdmin
FN:67,setSponsorForGas
FN:72,setSponsorForCollateral
FN:77,addPrivilege
FN:82,removePrivilege
FNF:13
FNH:0
FNDA:0,getSponsorForGas
FNDA:0,getSponsoredBalanceForGas
FNDA:0,getSponsoredGasFeeUpperBound
FNDA:0,getSponsorForCollateral
FNDA:0,getSponsoredBalanceForCollateral
FNDA:0,isWhitelisted
FNDA:0,isAllWhitelisted
FNDA:0,addPrivilegeByAdmin
FNDA:0,removePrivilegeByAdmin
FNDA:0,setSponsorForGas
FNDA:0,setSponsorForCollateral
FNDA:0,addPrivilege
FNDA:0,removePrivilege
LF:0
LH:0
BRF:0
BRH:0
end_of_record
